<?xml version="1.0" encoding="UTF-8"?>
<robot generator="Robot 7.3.2 (Python 3.12.7 on win32)" generated="2025-10-01T16:11:50.969049" rpa="false" schemaversion="5">
<suite id="s1" name="Serverest" source="C:\Users\raphael\Documents\GitHub\learn\Compass\qa-challenge03-PB-Nobugs\tests\serverest.robot">
<kw name="Criar Sessao" owner="keywords" type="SETUP">
<kw name="Create Session" owner="RequestsLibrary">
<msg time="2025-10-01T16:11:51.308241" level="INFO">Creating Session using : alias=api, url=https://serverest.dev, headers={},                     cookies={}, auth=None, timeout=None, proxies=None, verify=False,                     debug=0 </msg>
<arg>api</arg>
<arg>${BASE_URL}</arg>
<doc>Create Session: create a HTTP session to a server</doc>
<status status="PASS" start="2025-10-01T16:11:51.307240" elapsed="0.001001"/>
</kw>
<status status="PASS" start="2025-10-01T16:11:51.306240" elapsed="0.002506"/>
</kw>
<test id="s1-t1" name="TC01 Login Valido" line="11">
<kw name="Login" owner="keywords">
<kw name="Create Dictionary" owner="BuiltIn">
<msg time="2025-10-01T16:11:51.309821" level="INFO">&amp;{body} = { email=fulano@qa.com | password=teste }</msg>
<var>&amp;{body}</var>
<arg>email=${email}</arg>
<arg>password=${password}</arg>
<doc>Creates and returns a dictionary based on the given ``items``.</doc>
<status status="PASS" start="2025-10-01T16:11:51.309821" elapsed="0.000000"/>
</kw>
<kw name="POST On Session" owner="RequestsLibrary">
<msg time="2025-10-01T16:11:52.023909" level="INFO">POST Request : url=https://serverest.dev/login 
 path_url=/login 
 headers={'User-Agent': 'python-requests/2.32.3', 'Accept-Encoding': 'gzip, deflate, br, zstd', 'Accept': '*/*', 'Connection': 'keep-alive', 'Content-Length': '47', 'Content-Type': 'application/json'} 
 body=b'{"email": "fulano@qa.com", "password": "teste"}' 
 </msg>
<msg time="2025-10-01T16:11:52.024916" level="INFO">POST Response : url=https://serverest.dev/login 
 status=200, reason=OK 
 headers={'access-control-allow-origin': '*', 'x-dns-prefetch-control': 'off', 'x-frame-options': 'SAMEORIGIN', 'strict-transport-security': 'max-age=15552000; includeSubDomains', 'x-download-options': 'noopen', 'x-content-type-options': 'nosniff', 'x-xss-protection': '1; mode=block', 'content-type': 'application/json; charset=utf-8', 'x-cloud-trace-context': 'efbb7e03aea2dd5b1f73981413b61398', 'date': 'Wed, 01 Oct 2025 19:11:53 GMT', 'server': 'Google Frontend', 'Content-Length': '265'} 
 body={
    "message": "Login realizado com sucesso",
    "authorization": "Bearer eyJhbGciOiJIUzI1NiIsInR5cCI6IkpXVCJ9.eyJlbWFpbCI6ImZ1bGFub0BxYS5jb20iLCJwYXNzd29yZCI6InRlc3RlIiwiaWF0IjoxNzU5MzQ1OTEzLCJleHAiOjE3NTkzNDY1MTN9.cEJhYI7YV0iPp6vFCaLVePVo_c7jlbiasYLByFU6Cjc"
} 
 </msg>
<msg time="2025-10-01T16:11:52.024916" level="INFO">C:\Users\raphael\anaconda3\Lib\site-packages\urllib3\connectionpool.py:1099: InsecureRequestWarning: Unverified HTTPS request is being made to host 'serverest.dev'. Adding certificate verification is strongly advised. See: https://urllib3.readthedocs.io/en/latest/advanced-usage.html#tls-warnings
  warnings.warn(</msg>
<msg time="2025-10-01T16:11:52.024916" level="INFO">${resp} = &lt;Response [200]&gt;</msg>
<var>${resp}</var>
<arg>api</arg>
<arg>/login</arg>
<arg>json=${body}</arg>
<arg>expected_status=any</arg>
<doc>Sends a POST request on a previously created HTTP Session.</doc>
<status status="PASS" start="2025-10-01T16:11:51.309821" elapsed="0.715095"/>
</kw>
<return>
<value>${resp}</value>
<status status="PASS" start="2025-10-01T16:11:52.024916" elapsed="0.000000"/>
</return>
<msg time="2025-10-01T16:11:52.024916" level="INFO">${r} = &lt;Response [200]&gt;</msg>
<var>${r}</var>
<arg>fulano@qa.com</arg>
<arg>teste</arg>
<status status="PASS" start="2025-10-01T16:11:51.308746" elapsed="0.716170"/>
</kw>
<kw name="Should Be Equal As Numbers" owner="BuiltIn">
<msg time="2025-10-01T16:11:52.025915" level="INFO">Argument types are:
&lt;class 'int'&gt;
&lt;class 'str'&gt;</msg>
<arg>${r.status_code}</arg>
<arg>${STATUS_200}</arg>
<doc>Fails if objects are unequal after converting them to real numbers.</doc>
<status status="PASS" start="2025-10-01T16:11:52.024916" elapsed="0.000999"/>
</kw>
<tag>login</tag>
<status status="PASS" start="2025-10-01T16:11:51.308746" elapsed="0.717169"/>
</test>
<test id="s1-t2" name="TC02 Login Invalido" line="16">
<kw name="Login" owner="keywords">
<kw name="Create Dictionary" owner="BuiltIn">
<msg time="2025-10-01T16:11:52.026914" level="INFO">&amp;{body} = { email=invalido@test.com | password=senha }</msg>
<var>&amp;{body}</var>
<arg>email=${email}</arg>
<arg>password=${password}</arg>
<doc>Creates and returns a dictionary based on the given ``items``.</doc>
<status status="PASS" start="2025-10-01T16:11:52.026914" elapsed="0.000000"/>
</kw>
<kw name="POST On Session" owner="RequestsLibrary">
<msg time="2025-10-01T16:11:52.250510" level="INFO">POST Request : url=https://serverest.dev/login 
 path_url=/login 
 headers={'User-Agent': 'python-requests/2.32.3', 'Accept-Encoding': 'gzip, deflate, br, zstd', 'Accept': '*/*', 'Connection': 'keep-alive', 'Content-Length': '51', 'Content-Type': 'application/json'} 
 body=b'{"email": "invalido@test.com", "password": "senha"}' 
 </msg>
<msg time="2025-10-01T16:11:52.250510" level="INFO">POST Response : url=https://serverest.dev/login 
 status=401, reason=Unauthorized 
 headers={'access-control-allow-origin': '*', 'x-dns-prefetch-control': 'off', 'x-frame-options': 'SAMEORIGIN', 'strict-transport-security': 'max-age=15552000; includeSubDomains', 'x-download-options': 'noopen', 'x-content-type-options': 'nosniff', 'x-xss-protection': '1; mode=block', 'content-type': 'application/json; charset=utf-8', 'x-cloud-trace-context': 'd3a58822d357b7401f73981413b618b2', 'date': 'Wed, 01 Oct 2025 19:11:53 GMT', 'server': 'Google Frontend', 'Content-Length': '48'} 
 body={
    "message": "Email e/ou senha inválidos"
} 
 </msg>
<msg time="2025-10-01T16:11:52.250510" level="INFO">C:\Users\raphael\anaconda3\Lib\site-packages\urllib3\connectionpool.py:1099: InsecureRequestWarning: Unverified HTTPS request is being made to host 'serverest.dev'. Adding certificate verification is strongly advised. See: https://urllib3.readthedocs.io/en/latest/advanced-usage.html#tls-warnings
  warnings.warn(</msg>
<msg time="2025-10-01T16:11:52.250510" level="INFO">${resp} = &lt;Response [401]&gt;</msg>
<var>${resp}</var>
<arg>api</arg>
<arg>/login</arg>
<arg>json=${body}</arg>
<arg>expected_status=any</arg>
<doc>Sends a POST request on a previously created HTTP Session.</doc>
<status status="PASS" start="2025-10-01T16:11:52.026914" elapsed="0.223596"/>
</kw>
<return>
<value>${resp}</value>
<status status="PASS" start="2025-10-01T16:11:52.250510" elapsed="0.000000"/>
</return>
<msg time="2025-10-01T16:11:52.250510" level="INFO">${r} = &lt;Response [401]&gt;</msg>
<var>${r}</var>
<arg>invalido@test.com</arg>
<arg>senha</arg>
<status status="PASS" start="2025-10-01T16:11:52.026914" elapsed="0.224598"/>
</kw>
<kw name="Should Be Equal As Numbers" owner="BuiltIn">
<msg time="2025-10-01T16:11:52.251512" level="INFO">Argument types are:
&lt;class 'int'&gt;
&lt;class 'str'&gt;</msg>
<arg>${r.status_code}</arg>
<arg>${STATUS_401}</arg>
<doc>Fails if objects are unequal after converting them to real numbers.</doc>
<status status="PASS" start="2025-10-01T16:11:52.251512" elapsed="0.000000"/>
</kw>
<tag>login</tag>
<status status="PASS" start="2025-10-01T16:11:52.025915" elapsed="0.225597"/>
</test>
<test id="s1-t3" name="TC03 Listar Usuarios" line="22">
<kw name="Listar Usuarios" owner="keywords">
<kw name="GET On Session" owner="RequestsLibrary">
<msg time="2025-10-01T16:11:52.786890" level="INFO">GET Request : url=https://serverest.dev/usuarios 
 path_url=/usuarios 
 headers={'User-Agent': 'python-requests/2.32.3', 'Accept-Encoding': 'gzip, deflate, br, zstd', 'Accept': '*/*', 'Connection': 'keep-alive'} 
 body=None 
 </msg>
<msg time="2025-10-01T16:11:52.786890" level="INFO">GET Response : url=https://serverest.dev/usuarios 
 status=200, reason=OK 
 headers={'access-control-allow-origin': '*', 'x-dns-prefetch-control': 'off', 'x-frame-options': 'SAMEORIGIN', 'strict-transport-security': 'max-age=15552000; includeSubDomains', 'x-download-options': 'noopen', 'x-content-type-options': 'nosniff', 'x-xss-protection': '1; mode=block', 'content-type': 'application/json; charset=utf-8', 'x-cloud-trace-context': '65a89ecebf4082e21f73981413b6133c', 'date': 'Wed, 01 Oct 2025 19:11:53 GMT', 'server': 'Google Frontend', 'Content-Length': '96227'} 
 body={
    "quantidade": 434,
    "usuarios": [
        {
            "nome": "TestUser4152579",
            "email": "user1759334044153362@gmail.com",
            "password": "1234",
            "administrador": "true",
            "_id": "0ENtRUrgElRof8od"
        },
        {
            "nome": "Julie Mohr",
            "email": "Kathryn_Bartell@yahoo.com",
            "password": "4VkvYjcNjytgXOi",
            "administrador": "false",
            "_id": "0F3u9Z7bzSvMeTbm"
        },
        {
            "nome": "TestUser9877392",
            "email": "user1759337579877402@gmail.com",
            "password": "1234",
            "administrador": "true",
            "_id": "0ZuRn3LA1iRA1CCC"
        },
        {
            "nome": "Sidney_Reinger",
            "email": "Damaris58@hotmail.com",
            "password": "826443807",
            "administrador": "true",
            "_id": "0ngRfKePQAUD3xYO"
        },
        {
            "nome": "Todd Wolff",
            "email": "Davion_Hermiston@yahoo.com",
            "password": "FKS13SzmioiESnw",
            "administrador": "true",
            "_id": "0rMiV2q0OQzP8H4k"
        },
        {
            "nome": "Fulano da Silva",
            "email": "fulano@qa.com",
            "password": "teste",
            "administrador": "true",
            "_id": "0uxuPY0cbmQhpEz1"
        },
        {
            "nome": "Karen Ebert",
            "email": "Otis.Runolfsdottir@gmail.com",
            "password": "fAmIOKraoZcPAPT",
            "administrador": "false",
            "_id": "15ocm5iVAVThd646"
        },
        {
            "nome": "Blake Spencer",
            "email": "blakespencer@test.com",
            "password": "Test;123",
            "administrador": "true",
            "_id": "1736oVqrVZJNIfT4"
        },
        {
            "nome": "TestUser789972",
            "email": "user1759330360789455@gmail.com",
            "password": "1234",
            "administrador": "true",
            "_id": "1JE0qLXGFlOz5wOy"
        },
        {
            "nome": "TestUser232272",
            "email": "user1759333052322284@gmail.com",
            "password": "1234",
            "administrador": "true",
            "_id": "1TdnHpvwWgrJRIWO"
        },
        {
            "nome": "Mrs. Nelson Jones",
            "email": "mrs.nelsonjones@test.com",
            "password": "Test;123",
            "administrador": "true",
            "_id": "1o2S9HaU1msfMzkN"
        },
        {
            "nome": "test_user_2",
            "email": "testuser2@qa.com.br",
            "password": "teste",
            "administrador": "true",
            "_id": "1pPB6hB9so6hVzgM"
        },
        {
            "nome": "Admin Robot",
            "email": "admin@qa.com.br",
            "password": "Teste123",
            "administrador": "true",
            "_id": "293Hl5gSrJkGpWLv"
        },
        {
            "nome": "George Okuneva",
            "email": "Darian.Leuschke@yahoo.com",
            "password": "aNy2Bdob1bZ2_cl",
            "administrador": "false",
            "_id": "2G4458MxYYyVExVo"
        },
        {
            "nome": "TestUser9498419",
            "email": "user1759335449498927@gmail.com",
            "password": "1234",
            "administrador": "true",
            "_id": "2LfIO4lBQ4I61pmW"
        },
        {
            "nome": "TestUser9164862",
            "email": "user1759337579164367@gmail.com",
            "password": "1234",
            "administrador": "true",
            "_id": "2TGwyS8fk8KI8Sio"
        },
        {
            "nome": "TestUser6022525",
            "email": "user175933757602414@gmail.com",
            "password": "1234",
            "administrador": "true",
            "_id": "2e9GXZqydzot9NQX"
        },
        {
            "nome": "Tiffany Cole",
            "email": "Ralph1@gmail.com",
            "password": "yao7vUjvrPYvnTQ",
            "administrador": "false",
            "_id": "2vTVFfzjcKJIdaDu"
        },
        {
            "nome": "Dr. Van Fay",
            "email": "Allen20@yahoo.com",
            "password": "Bu08yqDugCEoFx1",
            "administrador": "false",
            "_id": "3CGt94tPsgnPdge5"
        },
        {
            "nome": "Admin",
            "email": "admin39fe1d@example.com",
            "password": "123456",
            "administrador": "true",
            "_id": "3FTRidnCp6ZYIhIb"
        },
        {
            "nome": "TestUser551745",
            "email": "user1759329700551412@gmail.com",
            "password": "1234",
            "administrador": "true",
            "_id": "3JqOJMlIulMsE8Ki"
        },
        {
            "nome": "Dr. André Dias",
            "email": "luiz-fernando97@example.com",
            "password": "+0)Ho8U6",
            "administrador": "true",
            "_id": "3VpVOPaxPs4tFqE0"
        },
        {
            "nome": "Teste Automacao",
            "email": "qa+20251001151640960965@example.com",
            "password": "senha123",
            "administrador": "true",
            "_id": "3mXLp7p7FQQT2MKK"
        },
        {
            "nome": "Cypress Admin 1759321267396",
            "email": "cypress_admin_1759321267396@cypress.com",
            "password": "123456",
            "administrador": "true",
            "_id": "3tBI6w4uhhbOFZP9"
        },
        {
            "nome": "TestUser8588489",
            "email": "user1759330428588669@gmail.com",
            "password": "1234",
            "administrador": "true",
            "_id": "49hbBlAv7oeaKxn4"
        },
        {
            "nome": "Austin Roberts",
            "email": "Tomasa.Rolfson15@gmail.com",
            "password": "lnonSo792SMGpIJ",
            "administrador": "true",
            "_id": "4KlnZjeMgR4HzHYB"
        },
        {
            "nome": "Forrest Hintz",
            "email": "Vallie_Romaguera@hotmail.com",
            "password": "Hx2ZQJ7sd3SWhVt",
            "administrador": "true",
            "_id": "4WBnDeQcLA76pPBT"
        },
        {
            "nome": "Mr. Mario Boyle",
            "email": "Philip_Bauch21@yahoo.com",
            "password": "2563CsJlz5pjwg4",
            "administrador": "true",
            "_id": "4fIZ8Br1akzQtjXP"
        },
        {
            "nome": "Teste Automacao",
            "email": "qa+20251001151802767643@example.com",
            "password": "senha123",
            "administrador": "true",
            "_id": "4kvls43S4UCuZklm"
        },
        {
            "nome": "Dallas Swift",
            "email": "Stefan_Hintz@hotmail.com",
            "password": "HLU6zWq2hAQIAEN",
            "administrador": "false",
            "_id": "52ga7cTBPvCAUgJ6"
        },
        {
            "nome": "Joseph Greenfelder",
            "email": "Rex.Jaskolski@hotmail.com",
            "password": "3sVfKHD4PIsEv1h",
            "administrador": "true",
            "_id": "5ZQLWSzeuPoK3pOM"
        },
        {
            "nome": "Fulano da Silva",
            "email": "m4cq25gi@teste.com",
            "password": "teste123",
            "administrador": "true",
            "_id": "5iMdYDtO3GU8wCWP"
        },
        {
            "nome": "TestUser7118368",
            "email": "user1759336547120734@gmail.com",
            "password": "1234",
            "administrador": "true",
            "_id": "5z2eHFVKZZLHYlxW"
        },
        {
            "nome": "TestUser8807490",
            "email": "user175933530880884@gmail.com",
            "password": "1234",
            "administrador": "true",
            "_id": "68fW110p2Q2JEqLu"
        },
        {
            "nome": "TestUser7097692",
            "email": "user1759332927097531@gmail.com",
            "password": "1234",
            "administrador": "true",
            "_id": "6Et9Eqkmma6udtfz"
        },
        {
            "nome": "Sra. Caroline da Costa",
            "email": "marina27@example.com",
            "password": "123",
            "administrador": "true",
            "_id": "6HXfMVu4hbb0dLRW"
        },
        {
            "nome": "Marco Hartmann IV",
            "email": "Parker18@hotmail.com",
            "password": "sj1XAvtY1yUkFbR",
            "administrador": "true",
            "_id": "6XKZsmiibjZyy4HZ"
        },
        {
            "nome": "Henrique Nunes",
            "email": "moraesigor@example.com",
            "password": "@ju21PWe",
            "administrador": "true",
            "_id": "6zYivWUAZN4f03ef"
        },
        {
            "nome": "TestUser2572468",
            "email": "user1759335572573748@gmail.com",
            "password": "1234",
            "administrador": "true",
            "_id": "7QjOO635KgIyG9bJ"
        },
        {
            "nome": "TestUser5818580",
            "email": "user1759337385818857@gmail.com",
            "password": "1234",
            "administrador": "true",
            "_id": "7aTQr5ocdRCSAgV3"
        },
        {
            "nome": "Sami Souza",
            "email": "Sami_Souza_297@hotmail.com",
            "password": "636#Jdo",
            "administrador": "false",
            "_id": "7ccQC5tH9Ffcu7GA"
        },
        {
            "nome": "TestUser5043237",
            "email": "user1759334045043985@gmail.com",
            "password": "1234",
            "administrador": "true",
            "_id": "7dryf2eKmv4u7qDE"
        },
        {
            "nome": "Kevin Harvey V",
            "email": "Nicholas_Wilkinson@yahoo.com",
            "password": "PZR8mO06cWEKAQI",
            "administrador": "true",
            "_id": "7szpjwUaZC3woGy3"
        },
        {
            "nome": "Fred Monahan-Kozey",
            "email": "Trey72@hotmail.com",
            "password": "uVg8VtmM7eUBlLW",
            "administrador": "false",
            "_id": "7u1CBNQ51MKqxcNb"
        },
        {
            "nome": "Hadassa da Rosa",
            "email": "camargorael@example.com",
            "password": "123",
            "administrador": "true",
            "_id": "81ah1tvwW3xM... (set the log level to DEBUG or TRACE to see the full content) 
 </msg>
<msg time="2025-10-01T16:11:52.786890" level="INFO">C:\Users\raphael\anaconda3\Lib\site-packages\urllib3\connectionpool.py:1099: InsecureRequestWarning: Unverified HTTPS request is being made to host 'serverest.dev'. Adding certificate verification is strongly advised. See: https://urllib3.readthedocs.io/en/latest/advanced-usage.html#tls-warnings
  warnings.warn(</msg>
<msg time="2025-10-01T16:11:52.786890" level="INFO">${resp} = &lt;Response [200]&gt;</msg>
<var>${resp}</var>
<arg>api</arg>
<arg>/usuarios</arg>
<arg>expected_status=any</arg>
<doc>Sends a GET request on a previously created HTTP Session.</doc>
<status status="PASS" start="2025-10-01T16:11:52.253025" elapsed="0.533865"/>
</kw>
<return>
<value>${resp}</value>
<status status="PASS" start="2025-10-01T16:11:52.786890" elapsed="0.000000"/>
</return>
<msg time="2025-10-01T16:11:52.787888" level="INFO">${r} = &lt;Response [200]&gt;</msg>
<var>${r}</var>
<status status="PASS" start="2025-10-01T16:11:52.253025" elapsed="0.534863"/>
</kw>
<kw name="Should Be Equal As Numbers" owner="BuiltIn">
<msg time="2025-10-01T16:11:52.787888" level="INFO">Argument types are:
&lt;class 'int'&gt;
&lt;class 'str'&gt;</msg>
<arg>${r.status_code}</arg>
<arg>${STATUS_200}</arg>
<doc>Fails if objects are unequal after converting them to real numbers.</doc>
<status status="PASS" start="2025-10-01T16:11:52.787888" elapsed="0.000000"/>
</kw>
<tag>usuarios</tag>
<status status="PASS" start="2025-10-01T16:11:52.251512" elapsed="0.537375"/>
</test>
<test id="s1-t4" name="TC04 Cadastrar Usuario" line="28">
<kw name="Gerar Email" owner="keywords">
<kw name="Generate Random String" owner="String">
<msg time="2025-10-01T16:11:52.788887" level="INFO">${random} = rcndqpdh</msg>
<var>${random}</var>
<arg>8</arg>
<arg>[LOWER]</arg>
<doc>Generates a string with a desired ``length`` from the given ``chars``.</doc>
<status status="PASS" start="2025-10-01T16:11:52.788887" elapsed="0.000000"/>
</kw>
<kw name="Set Variable" owner="BuiltIn">
<msg time="2025-10-01T16:11:52.789900" level="INFO">${email} = rcndqpdh@qa.com.br</msg>
<var>${email}</var>
<arg>${random}@qa.com.br</arg>
<doc>Returns the given values which can then be assigned to a variables.</doc>
<status status="PASS" start="2025-10-01T16:11:52.789900" elapsed="0.000000"/>
</kw>
<return>
<value>${email}</value>
<status status="PASS" start="2025-10-01T16:11:52.789900" elapsed="0.000000"/>
</return>
<msg time="2025-10-01T16:11:52.789900" level="INFO">${email} = rcndqpdh@qa.com.br</msg>
<var>${email}</var>
<status status="PASS" start="2025-10-01T16:11:52.788887" elapsed="0.001013"/>
</kw>
<kw name="Cadastrar Usuario" owner="keywords">
<kw name="Create Dictionary" owner="BuiltIn">
<msg time="2025-10-01T16:11:52.790894" level="INFO">&amp;{body} = { nome=Nome Teste | email=rcndqpdh@qa.com.br | password=senha123 | administrador=true }</msg>
<var>&amp;{body}</var>
<arg>nome=${nome}</arg>
<arg>email=${email}</arg>
<arg>password=${password}</arg>
<arg>administrador=${admin}</arg>
<doc>Creates and returns a dictionary based on the given ``items``.</doc>
<status status="PASS" start="2025-10-01T16:11:52.789900" elapsed="0.000994"/>
</kw>
<kw name="POST On Session" owner="RequestsLibrary">
<msg time="2025-10-01T16:11:53.003948" level="INFO">POST Request : url=https://serverest.dev/usuarios 
 path_url=/usuarios 
 headers={'User-Agent': 'python-requests/2.32.3', 'Accept-Encoding': 'gzip, deflate, br, zstd', 'Accept': '*/*', 'Connection': 'keep-alive', 'Content-Length': '102', 'Content-Type': 'application/json'} 
 body=b'{"nome": "Nome Teste", "email": "rcndqpdh@qa.com.br", "password": "senha123", "administrador": "true"}' 
 </msg>
<msg time="2025-10-01T16:11:53.003948" level="INFO">POST Response : url=https://serverest.dev/usuarios 
 status=201, reason=Created 
 headers={'access-control-allow-origin': '*', 'x-dns-prefetch-control': 'off', 'x-frame-options': 'SAMEORIGIN', 'strict-transport-security': 'max-age=15552000; includeSubDomains', 'x-download-options': 'noopen', 'x-content-type-options': 'nosniff', 'x-xss-protection': '1; mode=block', 'content-type': 'application/json; charset=utf-8', 'x-cloud-trace-context': '2c506982dc2c993c1f73981413b613c4', 'date': 'Wed, 01 Oct 2025 19:11:54 GMT', 'server': 'Google Frontend', 'Content-Length': '82'} 
 body={
    "message": "Cadastro realizado com sucesso",
    "_id": "IyjHlvmED3T7QdXl"
} 
 </msg>
<msg time="2025-10-01T16:11:53.003948" level="INFO">C:\Users\raphael\anaconda3\Lib\site-packages\urllib3\connectionpool.py:1099: InsecureRequestWarning: Unverified HTTPS request is being made to host 'serverest.dev'. Adding certificate verification is strongly advised. See: https://urllib3.readthedocs.io/en/latest/advanced-usage.html#tls-warnings
  warnings.warn(</msg>
<msg time="2025-10-01T16:11:53.004960" level="INFO">${resp} = &lt;Response [201]&gt;</msg>
<var>${resp}</var>
<arg>api</arg>
<arg>/usuarios</arg>
<arg>json=${body}</arg>
<arg>expected_status=any</arg>
<doc>Sends a POST request on a previously created HTTP Session.</doc>
<status status="PASS" start="2025-10-01T16:11:52.790894" elapsed="0.214066"/>
</kw>
<return>
<value>${resp}</value>
<status status="PASS" start="2025-10-01T16:11:53.004960" elapsed="0.000000"/>
</return>
<msg time="2025-10-01T16:11:53.004960" level="INFO">${r} = &lt;Response [201]&gt;</msg>
<var>${r}</var>
<arg>Nome Teste</arg>
<arg>${email}</arg>
<arg>senha123</arg>
<arg>true</arg>
<status status="PASS" start="2025-10-01T16:11:52.789900" elapsed="0.215060"/>
</kw>
<kw name="Should Be Equal As Numbers" owner="BuiltIn">
<msg time="2025-10-01T16:11:53.005955" level="INFO">Argument types are:
&lt;class 'int'&gt;
&lt;class 'str'&gt;</msg>
<arg>${r.status_code}</arg>
<arg>${STATUS_201}</arg>
<doc>Fails if objects are unequal after converting them to real numbers.</doc>
<status status="PASS" start="2025-10-01T16:11:53.005955" elapsed="0.000000"/>
</kw>
<kw name="Set Variable" owner="BuiltIn">
<msg time="2025-10-01T16:11:53.006961" level="INFO">${id} = IyjHlvmED3T7QdXl</msg>
<var>${id}</var>
<arg>${r.json()['_id']}</arg>
<doc>Returns the given values which can then be assigned to a variables.</doc>
<status status="PASS" start="2025-10-01T16:11:53.005955" elapsed="0.001006"/>
</kw>
<kw name="Deletar Usuario" owner="keywords">
<kw name="DELETE On Session" owner="RequestsLibrary">
<msg time="2025-10-01T16:11:53.227986" level="INFO">DELETE Request : url=https://serverest.dev/usuarios/IyjHlvmED3T7QdXl 
 path_url=/usuarios/IyjHlvmED3T7QdXl 
 headers={'User-Agent': 'python-requests/2.32.3', 'Accept-Encoding': 'gzip, deflate, br, zstd', 'Accept': '*/*', 'Connection': 'keep-alive', 'Content-Length': '0'} 
 body=None 
 </msg>
<msg time="2025-10-01T16:11:53.228992" level="INFO">DELETE Response : url=https://serverest.dev/usuarios/IyjHlvmED3T7QdXl 
 status=200, reason=OK 
 headers={'access-control-allow-origin': '*', 'x-dns-prefetch-control': 'off', 'x-frame-options': 'SAMEORIGIN', 'strict-transport-security': 'max-age=15552000; includeSubDomains', 'x-download-options': 'noopen', 'x-content-type-options': 'nosniff', 'x-xss-protection': '1; mode=block', 'content-type': 'application/json; charset=utf-8', 'x-cloud-trace-context': 'a11e920074b04f831f73981413b6158c', 'date': 'Wed, 01 Oct 2025 19:11:54 GMT', 'server': 'Google Frontend', 'Content-Length': '51'} 
 body={
    "message": "Registro excluído com sucesso"
} 
 </msg>
<msg time="2025-10-01T16:11:53.228992" level="INFO">C:\Users\raphael\anaconda3\Lib\site-packages\urllib3\connectionpool.py:1099: InsecureRequestWarning: Unverified HTTPS request is being made to host 'serverest.dev'. Adding certificate verification is strongly advised. See: https://urllib3.readthedocs.io/en/latest/advanced-usage.html#tls-warnings
  warnings.warn(</msg>
<msg time="2025-10-01T16:11:53.228992" level="INFO">${resp} = &lt;Response [200]&gt;</msg>
<var>${resp}</var>
<arg>api</arg>
<arg>/usuarios/${id}</arg>
<arg>expected_status=any</arg>
<doc>Sends a DELETE request on a previously created HTTP Session.</doc>
<status status="PASS" start="2025-10-01T16:11:53.007955" elapsed="0.221037"/>
</kw>
<return>
<value>${resp}</value>
<status status="PASS" start="2025-10-01T16:11:53.228992" elapsed="0.000000"/>
</return>
<arg>${id}</arg>
<status status="PASS" start="2025-10-01T16:11:53.006961" elapsed="0.222031"/>
</kw>
<tag>usuarios</tag>
<status status="PASS" start="2025-10-01T16:11:52.788887" elapsed="0.440105"/>
</test>
<test id="s1-t5" name="TC05 Cadastrar Usuario Email Duplicado" line="36">
<kw name="Gerar Email" owner="keywords">
<kw name="Generate Random String" owner="String">
<msg time="2025-10-01T16:11:53.230992" level="INFO">${random} = wzpwvngf</msg>
<var>${random}</var>
<arg>8</arg>
<arg>[LOWER]</arg>
<doc>Generates a string with a desired ``length`` from the given ``chars``.</doc>
<status status="PASS" start="2025-10-01T16:11:53.229993" elapsed="0.000999"/>
</kw>
<kw name="Set Variable" owner="BuiltIn">
<msg time="2025-10-01T16:11:53.230992" level="INFO">${email} = wzpwvngf@qa.com.br</msg>
<var>${email}</var>
<arg>${random}@qa.com.br</arg>
<doc>Returns the given values which can then be assigned to a variables.</doc>
<status status="PASS" start="2025-10-01T16:11:53.230992" elapsed="0.000000"/>
</kw>
<return>
<value>${email}</value>
<status status="PASS" start="2025-10-01T16:11:53.230992" elapsed="0.000000"/>
</return>
<msg time="2025-10-01T16:11:53.230992" level="INFO">${email} = wzpwvngf@qa.com.br</msg>
<var>${email}</var>
<status status="PASS" start="2025-10-01T16:11:53.229993" elapsed="0.000999"/>
</kw>
<kw name="Cadastrar Usuario" owner="keywords">
<kw name="Create Dictionary" owner="BuiltIn">
<msg time="2025-10-01T16:11:53.232004" level="INFO">&amp;{body} = { nome=Nome | email=wzpwvngf@qa.com.br | password=senha | administrador=false }</msg>
<var>&amp;{body}</var>
<arg>nome=${nome}</arg>
<arg>email=${email}</arg>
<arg>password=${password}</arg>
<arg>administrador=${admin}</arg>
<doc>Creates and returns a dictionary based on the given ``items``.</doc>
<status status="PASS" start="2025-10-01T16:11:53.232004" elapsed="0.000000"/>
</kw>
<kw name="POST On Session" owner="RequestsLibrary">
<msg time="2025-10-01T16:11:53.456254" level="INFO">POST Request : url=https://serverest.dev/usuarios 
 path_url=/usuarios 
 headers={'User-Agent': 'python-requests/2.32.3', 'Accept-Encoding': 'gzip, deflate, br, zstd', 'Accept': '*/*', 'Connection': 'keep-alive', 'Content-Length': '94', 'Content-Type': 'application/json'} 
 body=b'{"nome": "Nome", "email": "wzpwvngf@qa.com.br", "password": "senha", "administrador": "false"}' 
 </msg>
<msg time="2025-10-01T16:11:53.456254" level="INFO">POST Response : url=https://serverest.dev/usuarios 
 status=201, reason=Created 
 headers={'access-control-allow-origin': '*', 'x-dns-prefetch-control': 'off', 'x-frame-options': 'SAMEORIGIN', 'strict-transport-security': 'max-age=15552000; includeSubDomains', 'x-download-options': 'noopen', 'x-content-type-options': 'nosniff', 'x-xss-protection': '1; mode=block', 'content-type': 'application/json; charset=utf-8', 'x-cloud-trace-context': 'd662c724d902b9e61f73981413b61888', 'date': 'Wed, 01 Oct 2025 19:11:54 GMT', 'server': 'Google Frontend', 'Content-Length': '82'} 
 body={
    "message": "Cadastro realizado com sucesso",
    "_id": "SHVszbChcYogqbEH"
} 
 </msg>
<msg time="2025-10-01T16:11:53.456254" level="INFO">C:\Users\raphael\anaconda3\Lib\site-packages\urllib3\connectionpool.py:1099: InsecureRequestWarning: Unverified HTTPS request is being made to host 'serverest.dev'. Adding certificate verification is strongly advised. See: https://urllib3.readthedocs.io/en/latest/advanced-usage.html#tls-warnings
  warnings.warn(</msg>
<msg time="2025-10-01T16:11:53.457271" level="INFO">${resp} = &lt;Response [201]&gt;</msg>
<var>${resp}</var>
<arg>api</arg>
<arg>/usuarios</arg>
<arg>json=${body}</arg>
<arg>expected_status=any</arg>
<doc>Sends a POST request on a previously created HTTP Session.</doc>
<status status="PASS" start="2025-10-01T16:11:53.232004" elapsed="0.225267"/>
</kw>
<return>
<value>${resp}</value>
<status status="PASS" start="2025-10-01T16:11:53.457271" elapsed="0.000000"/>
</return>
<msg time="2025-10-01T16:11:53.457271" level="INFO">${r1} = &lt;Response [201]&gt;</msg>
<var>${r1}</var>
<arg>Nome</arg>
<arg>${email}</arg>
<arg>senha</arg>
<arg>false</arg>
<status status="PASS" start="2025-10-01T16:11:53.230992" elapsed="0.226279"/>
</kw>
<kw name="Cadastrar Usuario" owner="keywords">
<kw name="Create Dictionary" owner="BuiltIn">
<msg time="2025-10-01T16:11:53.458255" level="INFO">&amp;{body} = { nome=Nome | email=wzpwvngf@qa.com.br | password=senha | administrador=false }</msg>
<var>&amp;{body}</var>
<arg>nome=${nome}</arg>
<arg>email=${email}</arg>
<arg>password=${password}</arg>
<arg>administrador=${admin}</arg>
<doc>Creates and returns a dictionary based on the given ``items``.</doc>
<status status="PASS" start="2025-10-01T16:11:53.457271" elapsed="0.000984"/>
</kw>
<kw name="POST On Session" owner="RequestsLibrary">
<msg time="2025-10-01T16:11:53.695999" level="INFO">POST Request : url=https://serverest.dev/usuarios 
 path_url=/usuarios 
 headers={'User-Agent': 'python-requests/2.32.3', 'Accept-Encoding': 'gzip, deflate, br, zstd', 'Accept': '*/*', 'Connection': 'keep-alive', 'Content-Length': '94', 'Content-Type': 'application/json'} 
 body=b'{"nome": "Nome", "email": "wzpwvngf@qa.com.br", "password": "senha", "administrador": "false"}' 
 </msg>
<msg time="2025-10-01T16:11:53.695999" level="INFO">POST Response : url=https://serverest.dev/usuarios 
 status=400, reason=Bad Request 
 headers={'access-control-allow-origin': '*', 'x-dns-prefetch-control': 'off', 'x-frame-options': 'SAMEORIGIN', 'strict-transport-security': 'max-age=15552000; includeSubDomains', 'x-download-options': 'noopen', 'x-content-type-options': 'nosniff', 'x-xss-protection': '1; mode=block', 'content-type': 'application/json; charset=utf-8', 'x-cloud-trace-context': '67270782ab6903c01f73981413b615ef', 'date': 'Wed, 01 Oct 2025 19:11:55 GMT', 'server': 'Google Frontend', 'Content-Length': '53'} 
 body={
    "message": "Este email já está sendo usado"
} 
 </msg>
<msg time="2025-10-01T16:11:53.695999" level="INFO">C:\Users\raphael\anaconda3\Lib\site-packages\urllib3\connectionpool.py:1099: InsecureRequestWarning: Unverified HTTPS request is being made to host 'serverest.dev'. Adding certificate verification is strongly advised. See: https://urllib3.readthedocs.io/en/latest/advanced-usage.html#tls-warnings
  warnings.warn(</msg>
<msg time="2025-10-01T16:11:53.695999" level="INFO">${resp} = &lt;Response [400]&gt;</msg>
<var>${resp}</var>
<arg>api</arg>
<arg>/usuarios</arg>
<arg>json=${body}</arg>
<arg>expected_status=any</arg>
<doc>Sends a POST request on a previously created HTTP Session.</doc>
<status status="PASS" start="2025-10-01T16:11:53.458255" elapsed="0.237744"/>
</kw>
<return>
<value>${resp}</value>
<status status="PASS" start="2025-10-01T16:11:53.695999" elapsed="0.000000"/>
</return>
<msg time="2025-10-01T16:11:53.695999" level="INFO">${r2} = &lt;Response [400]&gt;</msg>
<var>${r2}</var>
<arg>Nome</arg>
<arg>${email}</arg>
<arg>senha</arg>
<arg>false</arg>
<status status="PASS" start="2025-10-01T16:11:53.457271" elapsed="0.238728"/>
</kw>
<kw name="Should Be Equal As Numbers" owner="BuiltIn">
<msg time="2025-10-01T16:11:53.696988" level="INFO">Argument types are:
&lt;class 'int'&gt;
&lt;class 'str'&gt;</msg>
<arg>${r2.status_code}</arg>
<arg>${STATUS_400}</arg>
<doc>Fails if objects are unequal after converting them to real numbers.</doc>
<status status="PASS" start="2025-10-01T16:11:53.696988" elapsed="0.000000"/>
</kw>
<kw name="Deletar Usuario" owner="keywords">
<kw name="DELETE On Session" owner="RequestsLibrary">
<msg time="2025-10-01T16:11:53.918668" level="INFO">DELETE Request : url=https://serverest.dev/usuarios/SHVszbChcYogqbEH 
 path_url=/usuarios/SHVszbChcYogqbEH 
 headers={'User-Agent': 'python-requests/2.32.3', 'Accept-Encoding': 'gzip, deflate, br, zstd', 'Accept': '*/*', 'Connection': 'keep-alive', 'Content-Length': '0'} 
 body=None 
 </msg>
<msg time="2025-10-01T16:11:53.918668" level="INFO">DELETE Response : url=https://serverest.dev/usuarios/SHVszbChcYogqbEH 
 status=200, reason=OK 
 headers={'access-control-allow-origin': '*', 'x-dns-prefetch-control': 'off', 'x-frame-options': 'SAMEORIGIN', 'strict-transport-security': 'max-age=15552000; includeSubDomains', 'x-download-options': 'noopen', 'x-content-type-options': 'nosniff', 'x-xss-protection': '1; mode=block', 'content-type': 'application/json; charset=utf-8', 'x-cloud-trace-context': '51d40d4dfaa6bfa61f73981413b619fa', 'date': 'Wed, 01 Oct 2025 19:11:55 GMT', 'server': 'Google Frontend', 'Content-Length': '51'} 
 body={
    "message": "Registro excluído com sucesso"
} 
 </msg>
<msg time="2025-10-01T16:11:53.918668" level="INFO">C:\Users\raphael\anaconda3\Lib\site-packages\urllib3\connectionpool.py:1099: InsecureRequestWarning: Unverified HTTPS request is being made to host 'serverest.dev'. Adding certificate verification is strongly advised. See: https://urllib3.readthedocs.io/en/latest/advanced-usage.html#tls-warnings
  warnings.warn(</msg>
<msg time="2025-10-01T16:11:53.918668" level="INFO">${resp} = &lt;Response [200]&gt;</msg>
<var>${resp}</var>
<arg>api</arg>
<arg>/usuarios/${id}</arg>
<arg>expected_status=any</arg>
<doc>Sends a DELETE request on a previously created HTTP Session.</doc>
<status status="PASS" start="2025-10-01T16:11:53.697986" elapsed="0.220682"/>
</kw>
<return>
<value>${resp}</value>
<status status="PASS" start="2025-10-01T16:11:53.918668" elapsed="0.000000"/>
</return>
<arg>${r1.json()['_id']}</arg>
<status status="PASS" start="2025-10-01T16:11:53.696988" elapsed="0.221680"/>
</kw>
<tag>usuarios</tag>
<status status="PASS" start="2025-10-01T16:11:53.229993" elapsed="0.689682"/>
</test>
<test id="s1-t6" name="TC06 Buscar Usuario Por ID" line="45">
<kw name="Gerar Email" owner="keywords">
<kw name="Generate Random String" owner="String">
<msg time="2025-10-01T16:11:53.920676" level="INFO">${random} = omjlrnuz</msg>
<var>${random}</var>
<arg>8</arg>
<arg>[LOWER]</arg>
<doc>Generates a string with a desired ``length`` from the given ``chars``.</doc>
<status status="PASS" start="2025-10-01T16:11:53.920676" elapsed="0.000000"/>
</kw>
<kw name="Set Variable" owner="BuiltIn">
<msg time="2025-10-01T16:11:53.920676" level="INFO">${email} = omjlrnuz@qa.com.br</msg>
<var>${email}</var>
<arg>${random}@qa.com.br</arg>
<doc>Returns the given values which can then be assigned to a variables.</doc>
<status status="PASS" start="2025-10-01T16:11:53.920676" elapsed="0.000000"/>
</kw>
<return>
<value>${email}</value>
<status status="PASS" start="2025-10-01T16:11:53.920676" elapsed="0.000000"/>
</return>
<msg time="2025-10-01T16:11:53.920676" level="INFO">${email} = omjlrnuz@qa.com.br</msg>
<var>${email}</var>
<status status="PASS" start="2025-10-01T16:11:53.919675" elapsed="0.001001"/>
</kw>
<kw name="Cadastrar Usuario" owner="keywords">
<kw name="Create Dictionary" owner="BuiltIn">
<msg time="2025-10-01T16:11:53.921667" level="INFO">&amp;{body} = { nome=Nome | email=omjlrnuz@qa.com.br | password=senha | administrador=true }</msg>
<var>&amp;{body}</var>
<arg>nome=${nome}</arg>
<arg>email=${email}</arg>
<arg>password=${password}</arg>
<arg>administrador=${admin}</arg>
<doc>Creates and returns a dictionary based on the given ``items``.</doc>
<status status="PASS" start="2025-10-01T16:11:53.921667" elapsed="0.000000"/>
</kw>
<kw name="POST On Session" owner="RequestsLibrary">
<msg time="2025-10-01T16:11:54.139018" level="INFO">POST Request : url=https://serverest.dev/usuarios 
 path_url=/usuarios 
 headers={'User-Agent': 'python-requests/2.32.3', 'Accept-Encoding': 'gzip, deflate, br, zstd', 'Accept': '*/*', 'Connection': 'keep-alive', 'Content-Length': '93', 'Content-Type': 'application/json'} 
 body=b'{"nome": "Nome", "email": "omjlrnuz@qa.com.br", "password": "senha", "administrador": "true"}' 
 </msg>
<msg time="2025-10-01T16:11:54.139018" level="INFO">POST Response : url=https://serverest.dev/usuarios 
 status=201, reason=Created 
 headers={'access-control-allow-origin': '*', 'x-dns-prefetch-control': 'off', 'x-frame-options': 'SAMEORIGIN', 'strict-transport-security': 'max-age=15552000; includeSubDomains', 'x-download-options': 'noopen', 'x-content-type-options': 'nosniff', 'x-xss-protection': '1; mode=block', 'content-type': 'application/json; charset=utf-8', 'x-cloud-trace-context': '5daca76837adc1961f73981413b6162d', 'date': 'Wed, 01 Oct 2025 19:11:55 GMT', 'server': 'Google Frontend', 'Content-Length': '82'} 
 body={
    "message": "Cadastro realizado com sucesso",
    "_id": "OxnRuTlCKaWJ2sJl"
} 
 </msg>
<msg time="2025-10-01T16:11:54.139018" level="INFO">C:\Users\raphael\anaconda3\Lib\site-packages\urllib3\connectionpool.py:1099: InsecureRequestWarning: Unverified HTTPS request is being made to host 'serverest.dev'. Adding certificate verification is strongly advised. See: https://urllib3.readthedocs.io/en/latest/advanced-usage.html#tls-warnings
  warnings.warn(</msg>
<msg time="2025-10-01T16:11:54.139018" level="INFO">${resp} = &lt;Response [201]&gt;</msg>
<var>${resp}</var>
<arg>api</arg>
<arg>/usuarios</arg>
<arg>json=${body}</arg>
<arg>expected_status=any</arg>
<doc>Sends a POST request on a previously created HTTP Session.</doc>
<status status="PASS" start="2025-10-01T16:11:53.921667" elapsed="0.217351"/>
</kw>
<return>
<value>${resp}</value>
<status status="PASS" start="2025-10-01T16:11:54.139018" elapsed="0.000000"/>
</return>
<msg time="2025-10-01T16:11:54.139018" level="INFO">${r1} = &lt;Response [201]&gt;</msg>
<var>${r1}</var>
<arg>Nome</arg>
<arg>${email}</arg>
<arg>senha</arg>
<arg>true</arg>
<status status="PASS" start="2025-10-01T16:11:53.921667" elapsed="0.217351"/>
</kw>
<kw name="Set Variable" owner="BuiltIn">
<msg time="2025-10-01T16:11:54.140019" level="INFO">${id} = OxnRuTlCKaWJ2sJl</msg>
<var>${id}</var>
<arg>${r1.json()['_id']}</arg>
<doc>Returns the given values which can then be assigned to a variables.</doc>
<status status="PASS" start="2025-10-01T16:11:54.140019" elapsed="0.000000"/>
</kw>
<kw name="Buscar Usuario" owner="keywords">
<kw name="GET On Session" owner="RequestsLibrary">
<msg time="2025-10-01T16:11:54.366269" level="INFO">GET Request : url=https://serverest.dev/usuarios/OxnRuTlCKaWJ2sJl 
 path_url=/usuarios/OxnRuTlCKaWJ2sJl 
 headers={'User-Agent': 'python-requests/2.32.3', 'Accept-Encoding': 'gzip, deflate, br, zstd', 'Accept': '*/*', 'Connection': 'keep-alive'} 
 body=None 
 </msg>
<msg time="2025-10-01T16:11:54.366269" level="INFO">GET Response : url=https://serverest.dev/usuarios/OxnRuTlCKaWJ2sJl 
 status=200, reason=OK 
 headers={'access-control-allow-origin': '*', 'x-dns-prefetch-control': 'off', 'x-frame-options': 'SAMEORIGIN', 'strict-transport-security': 'max-age=15552000; includeSubDomains', 'x-download-options': 'noopen', 'x-content-type-options': 'nosniff', 'x-xss-protection': '1; mode=block', 'content-type': 'application/json; charset=utf-8', 'x-cloud-trace-context': '5891550795d481771f73981413b6112c', 'date': 'Wed, 01 Oct 2025 19:11:55 GMT', 'server': 'Google Frontend', 'Content-Length': '142'} 
 body={
    "nome": "Nome",
    "email": "omjlrnuz@qa.com.br",
    "password": "senha",
    "administrador": "true",
    "_id": "OxnRuTlCKaWJ2sJl"
} 
 </msg>
<msg time="2025-10-01T16:11:54.366269" level="INFO">C:\Users\raphael\anaconda3\Lib\site-packages\urllib3\connectionpool.py:1099: InsecureRequestWarning: Unverified HTTPS request is being made to host 'serverest.dev'. Adding certificate verification is strongly advised. See: https://urllib3.readthedocs.io/en/latest/advanced-usage.html#tls-warnings
  warnings.warn(</msg>
<msg time="2025-10-01T16:11:54.367269" level="INFO">${resp} = &lt;Response [200]&gt;</msg>
<var>${resp}</var>
<arg>api</arg>
<arg>/usuarios/${id}</arg>
<arg>expected_status=any</arg>
<doc>Sends a GET request on a previously created HTTP Session.</doc>
<status status="PASS" start="2025-10-01T16:11:54.141019" elapsed="0.226250"/>
</kw>
<return>
<value>${resp}</value>
<status status="PASS" start="2025-10-01T16:11:54.367269" elapsed="0.000000"/>
</return>
<msg time="2025-10-01T16:11:54.367269" level="INFO">${r2} = &lt;Response [200]&gt;</msg>
<var>${r2}</var>
<arg>${id}</arg>
<status status="PASS" start="2025-10-01T16:11:54.140019" elapsed="0.227250"/>
</kw>
<kw name="Should Be Equal As Numbers" owner="BuiltIn">
<msg time="2025-10-01T16:11:54.368270" level="INFO">Argument types are:
&lt;class 'int'&gt;
&lt;class 'str'&gt;</msg>
<arg>${r2.status_code}</arg>
<arg>${STATUS_200}</arg>
<doc>Fails if objects are unequal after converting them to real numbers.</doc>
<status status="PASS" start="2025-10-01T16:11:54.367269" elapsed="0.001001"/>
</kw>
<kw name="Deletar Usuario" owner="keywords">
<kw name="DELETE On Session" owner="RequestsLibrary">
<msg time="2025-10-01T16:11:54.621073" level="INFO">DELETE Request : url=https://serverest.dev/usuarios/OxnRuTlCKaWJ2sJl 
 path_url=/usuarios/OxnRuTlCKaWJ2sJl 
 headers={'User-Agent': 'python-requests/2.32.3', 'Accept-Encoding': 'gzip, deflate, br, zstd', 'Accept': '*/*', 'Connection': 'keep-alive', 'Content-Length': '0'} 
 body=None 
 </msg>
<msg time="2025-10-01T16:11:54.621073" level="INFO">DELETE Response : url=https://serverest.dev/usuarios/OxnRuTlCKaWJ2sJl 
 status=200, reason=OK 
 headers={'access-control-allow-origin': '*', 'x-dns-prefetch-control': 'off', 'x-frame-options': 'SAMEORIGIN', 'strict-transport-security': 'max-age=15552000; includeSubDomains', 'x-download-options': 'noopen', 'x-content-type-options': 'nosniff', 'x-xss-protection': '1; mode=block', 'content-type': 'application/json; charset=utf-8', 'x-cloud-trace-context': 'b0d4f6bb66b087d61f73981413b61864', 'date': 'Wed, 01 Oct 2025 19:11:56 GMT', 'server': 'Google Frontend', 'Content-Length': '51'} 
 body={
    "message": "Registro excluído com sucesso"
} 
 </msg>
<msg time="2025-10-01T16:11:54.621073" level="INFO">C:\Users\raphael\anaconda3\Lib\site-packages\urllib3\connectionpool.py:1099: InsecureRequestWarning: Unverified HTTPS request is being made to host 'serverest.dev'. Adding certificate verification is strongly advised. See: https://urllib3.readthedocs.io/en/latest/advanced-usage.html#tls-warnings
  warnings.warn(</msg>
<msg time="2025-10-01T16:11:54.621073" level="INFO">${resp} = &lt;Response [200]&gt;</msg>
<var>${resp}</var>
<arg>api</arg>
<arg>/usuarios/${id}</arg>
<arg>expected_status=any</arg>
<doc>Sends a DELETE request on a previously created HTTP Session.</doc>
<status status="PASS" start="2025-10-01T16:11:54.368270" elapsed="0.252803"/>
</kw>
<return>
<value>${resp}</value>
<status status="PASS" start="2025-10-01T16:11:54.621073" elapsed="0.000000"/>
</return>
<arg>${id}</arg>
<status status="PASS" start="2025-10-01T16:11:54.368270" elapsed="0.252803"/>
</kw>
<tag>usuarios</tag>
<status status="PASS" start="2025-10-01T16:11:53.919675" elapsed="0.701398"/>
</test>
<test id="s1-t7" name="TC07 Buscar Usuario ID Inexistente" line="54">
<kw name="Buscar Usuario" owner="keywords">
<kw name="GET On Session" owner="RequestsLibrary">
<msg time="2025-10-01T16:11:54.847446" level="INFO">GET Request : url=https://serverest.dev/usuarios/IDinvalido123 
 path_url=/usuarios/IDinvalido123 
 headers={'User-Agent': 'python-requests/2.32.3', 'Accept-Encoding': 'gzip, deflate, br, zstd', 'Accept': '*/*', 'Connection': 'keep-alive'} 
 body=None 
 </msg>
<msg time="2025-10-01T16:11:54.847446" level="INFO">GET Response : url=https://serverest.dev/usuarios/IDinvalido123 
 status=400, reason=Bad Request 
 headers={'access-control-allow-origin': '*', 'x-dns-prefetch-control': 'off', 'x-frame-options': 'SAMEORIGIN', 'strict-transport-security': 'max-age=15552000; includeSubDomains', 'x-download-options': 'noopen', 'x-content-type-options': 'nosniff', 'x-xss-protection': '1; mode=block', 'content-type': 'application/json; charset=utf-8', 'x-cloud-trace-context': '28a2af38da67039a21430a248f474202', 'date': 'Wed, 01 Oct 2025 19:11:56 GMT', 'server': 'Google Frontend', 'Content-Length': '67'} 
 body={
    "id": "id deve ter exatamente 16 caracteres alfanuméricos"
} 
 </msg>
<msg time="2025-10-01T16:11:54.848616" level="INFO">C:\Users\raphael\anaconda3\Lib\site-packages\urllib3\connectionpool.py:1099: InsecureRequestWarning: Unverified HTTPS request is being made to host 'serverest.dev'. Adding certificate verification is strongly advised. See: https://urllib3.readthedocs.io/en/latest/advanced-usage.html#tls-warnings
  warnings.warn(</msg>
<msg time="2025-10-01T16:11:54.848616" level="INFO">${resp} = &lt;Response [400]&gt;</msg>
<var>${resp}</var>
<arg>api</arg>
<arg>/usuarios/${id}</arg>
<arg>expected_status=any</arg>
<doc>Sends a GET request on a previously created HTTP Session.</doc>
<status status="PASS" start="2025-10-01T16:11:54.622579" elapsed="0.226037"/>
</kw>
<return>
<value>${resp}</value>
<status status="PASS" start="2025-10-01T16:11:54.848616" elapsed="0.000000"/>
</return>
<msg time="2025-10-01T16:11:54.848616" level="INFO">${r} = &lt;Response [400]&gt;</msg>
<var>${r}</var>
<arg>IDinvalido123</arg>
<status status="PASS" start="2025-10-01T16:11:54.622579" elapsed="0.226037"/>
</kw>
<kw name="Should Be Equal As Numbers" owner="BuiltIn">
<msg time="2025-10-01T16:11:54.849749" level="INFO">Argument types are:
&lt;class 'int'&gt;
&lt;class 'str'&gt;</msg>
<arg>${r.status_code}</arg>
<arg>${STATUS_400}</arg>
<doc>Fails if objects are unequal after converting them to real numbers.</doc>
<status status="PASS" start="2025-10-01T16:11:54.848616" elapsed="0.001133"/>
</kw>
<tag>usuarios</tag>
<status status="PASS" start="2025-10-01T16:11:54.622579" elapsed="0.227170"/>
</test>
<test id="s1-t8" name="TC08 Atualizar Usuario" line="60">
<kw name="Gerar Email" owner="keywords">
<kw name="Generate Random String" owner="String">
<msg time="2025-10-01T16:11:54.851683" level="INFO">${random} = dclfekiu</msg>
<var>${random}</var>
<arg>8</arg>
<arg>[LOWER]</arg>
<doc>Generates a string with a desired ``length`` from the given ``chars``.</doc>
<status status="PASS" start="2025-10-01T16:11:54.851683" elapsed="0.000000"/>
</kw>
<kw name="Set Variable" owner="BuiltIn">
<msg time="2025-10-01T16:11:54.851683" level="INFO">${email} = dclfekiu@qa.com.br</msg>
<var>${email}</var>
<arg>${random}@qa.com.br</arg>
<doc>Returns the given values which can then be assigned to a variables.</doc>
<status status="PASS" start="2025-10-01T16:11:54.851683" elapsed="0.000000"/>
</kw>
<return>
<value>${email}</value>
<status status="PASS" start="2025-10-01T16:11:54.851683" elapsed="0.000000"/>
</return>
<msg time="2025-10-01T16:11:54.851683" level="INFO">${email} = dclfekiu@qa.com.br</msg>
<var>${email}</var>
<status status="PASS" start="2025-10-01T16:11:54.850691" elapsed="0.000992"/>
</kw>
<kw name="Cadastrar Usuario" owner="keywords">
<kw name="Create Dictionary" owner="BuiltIn">
<msg time="2025-10-01T16:11:54.853212" level="INFO">&amp;{body} = { nome=Nome | email=dclfekiu@qa.com.br | password=senha | administrador=true }</msg>
<var>&amp;{body}</var>
<arg>nome=${nome}</arg>
<arg>email=${email}</arg>
<arg>password=${password}</arg>
<arg>administrador=${admin}</arg>
<doc>Creates and returns a dictionary based on the given ``items``.</doc>
<status status="PASS" start="2025-10-01T16:11:54.852705" elapsed="0.000507"/>
</kw>
<kw name="POST On Session" owner="RequestsLibrary">
<msg time="2025-10-01T16:11:55.079371" level="INFO">POST Request : url=https://serverest.dev/usuarios 
 path_url=/usuarios 
 headers={'User-Agent': 'python-requests/2.32.3', 'Accept-Encoding': 'gzip, deflate, br, zstd', 'Accept': '*/*', 'Connection': 'keep-alive', 'Content-Length': '93', 'Content-Type': 'application/json'} 
 body=b'{"nome": "Nome", "email": "dclfekiu@qa.com.br", "password": "senha", "administrador": "true"}' 
 </msg>
<msg time="2025-10-01T16:11:55.079371" level="INFO">POST Response : url=https://serverest.dev/usuarios 
 status=201, reason=Created 
 headers={'access-control-allow-origin': '*', 'x-dns-prefetch-control': 'off', 'x-frame-options': 'SAMEORIGIN', 'strict-transport-security': 'max-age=15552000; includeSubDomains', 'x-download-options': 'noopen', 'x-content-type-options': 'nosniff', 'x-xss-protection': '1; mode=block', 'content-type': 'application/json; charset=utf-8', 'x-cloud-trace-context': 'e8a0b560e85db7bc21430a248f474037', 'date': 'Wed, 01 Oct 2025 19:11:56 GMT', 'server': 'Google Frontend', 'Content-Length': '82'} 
 body={
    "message": "Cadastro realizado com sucesso",
    "_id": "RzXmZXIA0Ef6E91u"
} 
 </msg>
<msg time="2025-10-01T16:11:55.079371" level="INFO">C:\Users\raphael\anaconda3\Lib\site-packages\urllib3\connectionpool.py:1099: InsecureRequestWarning: Unverified HTTPS request is being made to host 'serverest.dev'. Adding certificate verification is strongly advised. See: https://urllib3.readthedocs.io/en/latest/advanced-usage.html#tls-warnings
  warnings.warn(</msg>
<msg time="2025-10-01T16:11:55.080362" level="INFO">${resp} = &lt;Response [201]&gt;</msg>
<var>${resp}</var>
<arg>api</arg>
<arg>/usuarios</arg>
<arg>json=${body}</arg>
<arg>expected_status=any</arg>
<doc>Sends a POST request on a previously created HTTP Session.</doc>
<status status="PASS" start="2025-10-01T16:11:54.853212" elapsed="0.227150"/>
</kw>
<return>
<value>${resp}</value>
<status status="PASS" start="2025-10-01T16:11:55.080362" elapsed="0.000000"/>
</return>
<msg time="2025-10-01T16:11:55.080362" level="INFO">${r1} = &lt;Response [201]&gt;</msg>
<var>${r1}</var>
<arg>Nome</arg>
<arg>${email}</arg>
<arg>senha</arg>
<arg>true</arg>
<status status="PASS" start="2025-10-01T16:11:54.851683" elapsed="0.228679"/>
</kw>
<kw name="Set Variable" owner="BuiltIn">
<msg time="2025-10-01T16:11:55.081362" level="INFO">${id} = RzXmZXIA0Ef6E91u</msg>
<var>${id}</var>
<arg>${r1.json()['_id']}</arg>
<doc>Returns the given values which can then be assigned to a variables.</doc>
<status status="PASS" start="2025-10-01T16:11:55.081362" elapsed="0.000000"/>
</kw>
<kw name="Gerar Email" owner="keywords">
<kw name="Generate Random String" owner="String">
<msg time="2025-10-01T16:11:55.081362" level="INFO">${random} = rzodbrcx</msg>
<var>${random}</var>
<arg>8</arg>
<arg>[LOWER]</arg>
<doc>Generates a string with a desired ``length`` from the given ``chars``.</doc>
<status status="PASS" start="2025-10-01T16:11:55.081362" elapsed="0.001506"/>
</kw>
<kw name="Set Variable" owner="BuiltIn">
<msg time="2025-10-01T16:11:55.082868" level="INFO">${email} = rzodbrcx@qa.com.br</msg>
<var>${email}</var>
<arg>${random}@qa.com.br</arg>
<doc>Returns the given values which can then be assigned to a variables.</doc>
<status status="PASS" start="2025-10-01T16:11:55.082868" elapsed="0.000000"/>
</kw>
<return>
<value>${email}</value>
<status status="PASS" start="2025-10-01T16:11:55.082868" elapsed="0.000000"/>
</return>
<msg time="2025-10-01T16:11:55.082868" level="INFO">${email2} = rzodbrcx@qa.com.br</msg>
<var>${email2}</var>
<status status="PASS" start="2025-10-01T16:11:55.081362" elapsed="0.001506"/>
</kw>
<kw name="Atualizar Usuario" owner="keywords">
<kw name="Create Dictionary" owner="BuiltIn">
<msg time="2025-10-01T16:11:55.084883" level="INFO">&amp;{body} = { nome=Novo Nome | email=rzodbrcx@qa.com.br | password=nova | administrador=false }</msg>
<var>&amp;{body}</var>
<arg>nome=${nome}</arg>
<arg>email=${email}</arg>
<arg>password=${password}</arg>
<arg>administrador=${admin}</arg>
<doc>Creates and returns a dictionary based on the given ``items``.</doc>
<status status="PASS" start="2025-10-01T16:11:55.083875" elapsed="0.001008"/>
</kw>
<kw name="PUT On Session" owner="RequestsLibrary">
<msg time="2025-10-01T16:11:55.404897" level="INFO">PUT Request : url=https://serverest.dev/usuarios/RzXmZXIA0Ef6E91u 
 path_url=/usuarios/RzXmZXIA0Ef6E91u 
 headers={'User-Agent': 'python-requests/2.32.3', 'Accept-Encoding': 'gzip, deflate, br, zstd', 'Accept': '*/*', 'Connection': 'keep-alive', 'Content-Length': '98', 'Content-Type': 'application/json'} 
 body=b'{"nome": "Novo Nome", "email": "rzodbrcx@qa.com.br", "password": "nova", "administrador": "false"}' 
 </msg>
<msg time="2025-10-01T16:11:55.404897" level="INFO">PUT Response : url=https://serverest.dev/usuarios/RzXmZXIA0Ef6E91u 
 status=200, reason=OK 
 headers={'access-control-allow-origin': '*', 'x-dns-prefetch-control': 'off', 'x-frame-options': 'SAMEORIGIN', 'strict-transport-security': 'max-age=15552000; includeSubDomains', 'x-download-options': 'noopen', 'x-content-type-options': 'nosniff', 'x-xss-protection': '1; mode=block', 'content-type': 'application/json; charset=utf-8', 'x-cloud-trace-context': '82549d3435c6553221430a248f474589', 'date': 'Wed, 01 Oct 2025 19:11:56 GMT', 'server': 'Google Frontend', 'Content-Length': '50'} 
 body={
    "message": "Registro alterado com sucesso"
} 
 </msg>
<msg time="2025-10-01T16:11:55.404897" level="INFO">C:\Users\raphael\anaconda3\Lib\site-packages\urllib3\connectionpool.py:1099: InsecureRequestWarning: Unverified HTTPS request is being made to host 'serverest.dev'. Adding certificate verification is strongly advised. See: https://urllib3.readthedocs.io/en/latest/advanced-usage.html#tls-warnings
  warnings.warn(</msg>
<msg time="2025-10-01T16:11:55.405900" level="INFO">${resp} = &lt;Response [200]&gt;</msg>
<var>${resp}</var>
<arg>api</arg>
<arg>/usuarios/${id}</arg>
<arg>json=${body}</arg>
<arg>expected_status=any</arg>
<doc>Sends a PUT request on a previously created HTTP Session.</doc>
<status status="PASS" start="2025-10-01T16:11:55.084883" elapsed="0.321017"/>
</kw>
<return>
<value>${resp}</value>
<status status="PASS" start="2025-10-01T16:11:55.405900" elapsed="0.000000"/>
</return>
<msg time="2025-10-01T16:11:55.405900" level="INFO">${r2} = &lt;Response [200]&gt;</msg>
<var>${r2}</var>
<arg>${id}</arg>
<arg>Novo Nome</arg>
<arg>${email2}</arg>
<arg>nova</arg>
<arg>false</arg>
<status status="PASS" start="2025-10-01T16:11:55.082868" elapsed="0.323032"/>
</kw>
<kw name="Should Be Equal As Numbers" owner="BuiltIn">
<msg time="2025-10-01T16:11:55.406898" level="INFO">Argument types are:
&lt;class 'int'&gt;
&lt;class 'str'&gt;</msg>
<arg>${r2.status_code}</arg>
<arg>${STATUS_200}</arg>
<doc>Fails if objects are unequal after converting them to real numbers.</doc>
<status status="PASS" start="2025-10-01T16:11:55.405900" elapsed="0.000998"/>
</kw>
<kw name="Deletar Usuario" owner="keywords">
<kw name="DELETE On Session" owner="RequestsLibrary">
<msg time="2025-10-01T16:11:55.635939" level="INFO">DELETE Request : url=https://serverest.dev/usuarios/RzXmZXIA0Ef6E91u 
 path_url=/usuarios/RzXmZXIA0Ef6E91u 
 headers={'User-Agent': 'python-requests/2.32.3', 'Accept-Encoding': 'gzip, deflate, br, zstd', 'Accept': '*/*', 'Connection': 'keep-alive', 'Content-Length': '0'} 
 body=None 
 </msg>
<msg time="2025-10-01T16:11:55.636937" level="INFO">DELETE Response : url=https://serverest.dev/usuarios/RzXmZXIA0Ef6E91u 
 status=200, reason=OK 
 headers={'access-control-allow-origin': '*', 'x-dns-prefetch-control': 'off', 'x-frame-options': 'SAMEORIGIN', 'strict-transport-security': 'max-age=15552000; includeSubDomains', 'x-download-options': 'noopen', 'x-content-type-options': 'nosniff', 'x-xss-protection': '1; mode=block', 'content-type': 'application/json; charset=utf-8', 'x-cloud-trace-context': '07d6fc3adb37d8d521430a248f474584', 'date': 'Wed, 01 Oct 2025 19:11:57 GMT', 'server': 'Google Frontend', 'Content-Length': '51'} 
 body={
    "message": "Registro excluído com sucesso"
} 
 </msg>
<msg time="2025-10-01T16:11:55.636937" level="INFO">C:\Users\raphael\anaconda3\Lib\site-packages\urllib3\connectionpool.py:1099: InsecureRequestWarning: Unverified HTTPS request is being made to host 'serverest.dev'. Adding certificate verification is strongly advised. See: https://urllib3.readthedocs.io/en/latest/advanced-usage.html#tls-warnings
  warnings.warn(</msg>
<msg time="2025-10-01T16:11:55.636937" level="INFO">${resp} = &lt;Response [200]&gt;</msg>
<var>${resp}</var>
<arg>api</arg>
<arg>/usuarios/${id}</arg>
<arg>expected_status=any</arg>
<doc>Sends a DELETE request on a previously created HTTP Session.</doc>
<status status="PASS" start="2025-10-01T16:11:55.407897" elapsed="0.229040"/>
</kw>
<return>
<value>${resp}</value>
<status status="PASS" start="2025-10-01T16:11:55.636937" elapsed="0.000000"/>
</return>
<arg>${id}</arg>
<status status="PASS" start="2025-10-01T16:11:55.406898" elapsed="0.230039"/>
</kw>
<tag>usuarios</tag>
<status status="PASS" start="2025-10-01T16:11:54.850691" elapsed="0.786246"/>
</test>
<test id="s1-t9" name="TC09 Deletar Usuario" line="71">
<kw name="Gerar Email" owner="keywords">
<kw name="Generate Random String" owner="String">
<msg time="2025-10-01T16:11:55.638939" level="INFO">${random} = vgbofqpy</msg>
<var>${random}</var>
<arg>8</arg>
<arg>[LOWER]</arg>
<doc>Generates a string with a desired ``length`` from the given ``chars``.</doc>
<status status="PASS" start="2025-10-01T16:11:55.637941" elapsed="0.000998"/>
</kw>
<kw name="Set Variable" owner="BuiltIn">
<msg time="2025-10-01T16:11:55.638939" level="INFO">${email} = vgbofqpy@qa.com.br</msg>
<var>${email}</var>
<arg>${random}@qa.com.br</arg>
<doc>Returns the given values which can then be assigned to a variables.</doc>
<status status="PASS" start="2025-10-01T16:11:55.638939" elapsed="0.001008"/>
</kw>
<return>
<value>${email}</value>
<status status="PASS" start="2025-10-01T16:11:55.639947" elapsed="0.000000"/>
</return>
<msg time="2025-10-01T16:11:55.639947" level="INFO">${email} = vgbofqpy@qa.com.br</msg>
<var>${email}</var>
<status status="PASS" start="2025-10-01T16:11:55.637941" elapsed="0.002006"/>
</kw>
<kw name="Cadastrar Usuario" owner="keywords">
<kw name="Create Dictionary" owner="BuiltIn">
<msg time="2025-10-01T16:11:55.640943" level="INFO">&amp;{body} = { nome=Nome | email=vgbofqpy@qa.com.br | password=senha | administrador=true }</msg>
<var>&amp;{body}</var>
<arg>nome=${nome}</arg>
<arg>email=${email}</arg>
<arg>password=${password}</arg>
<arg>administrador=${admin}</arg>
<doc>Creates and returns a dictionary based on the given ``items``.</doc>
<status status="PASS" start="2025-10-01T16:11:55.640943" elapsed="0.000000"/>
</kw>
<kw name="POST On Session" owner="RequestsLibrary">
<msg time="2025-10-01T16:11:55.868197" level="INFO">POST Request : url=https://serverest.dev/usuarios 
 path_url=/usuarios 
 headers={'User-Agent': 'python-requests/2.32.3', 'Accept-Encoding': 'gzip, deflate, br, zstd', 'Accept': '*/*', 'Connection': 'keep-alive', 'Content-Length': '93', 'Content-Type': 'application/json'} 
 body=b'{"nome": "Nome", "email": "vgbofqpy@qa.com.br", "password": "senha", "administrador": "true"}' 
 </msg>
<msg time="2025-10-01T16:11:55.868197" level="INFO">POST Response : url=https://serverest.dev/usuarios 
 status=201, reason=Created 
 headers={'access-control-allow-origin': '*', 'x-dns-prefetch-control': 'off', 'x-frame-options': 'SAMEORIGIN', 'strict-transport-security': 'max-age=15552000; includeSubDomains', 'x-download-options': 'noopen', 'x-content-type-options': 'nosniff', 'x-xss-protection': '1; mode=block', 'content-type': 'application/json; charset=utf-8', 'x-cloud-trace-context': '4cd062bca3fce96821430a248f474249', 'date': 'Wed, 01 Oct 2025 19:11:57 GMT', 'server': 'Google Frontend', 'Content-Length': '82'} 
 body={
    "message": "Cadastro realizado com sucesso",
    "_id": "394nTmZwftpewSeT"
} 
 </msg>
<msg time="2025-10-01T16:11:55.869198" level="INFO">C:\Users\raphael\anaconda3\Lib\site-packages\urllib3\connectionpool.py:1099: InsecureRequestWarning: Unverified HTTPS request is being made to host 'serverest.dev'. Adding certificate verification is strongly advised. See: https://urllib3.readthedocs.io/en/latest/advanced-usage.html#tls-warnings
  warnings.warn(</msg>
<msg time="2025-10-01T16:11:55.869198" level="INFO">${resp} = &lt;Response [201]&gt;</msg>
<var>${resp}</var>
<arg>api</arg>
<arg>/usuarios</arg>
<arg>json=${body}</arg>
<arg>expected_status=any</arg>
<doc>Sends a POST request on a previously created HTTP Session.</doc>
<status status="PASS" start="2025-10-01T16:11:55.641939" elapsed="0.227259"/>
</kw>
<return>
<value>${resp}</value>
<status status="PASS" start="2025-10-01T16:11:55.869198" elapsed="0.000000"/>
</return>
<msg time="2025-10-01T16:11:55.869198" level="INFO">${r1} = &lt;Response [201]&gt;</msg>
<var>${r1}</var>
<arg>Nome</arg>
<arg>${email}</arg>
<arg>senha</arg>
<arg>true</arg>
<status status="PASS" start="2025-10-01T16:11:55.640943" elapsed="0.228255"/>
</kw>
<kw name="Set Variable" owner="BuiltIn">
<msg time="2025-10-01T16:11:55.870157" level="INFO">${id} = 394nTmZwftpewSeT</msg>
<var>${id}</var>
<arg>${r1.json()['_id']}</arg>
<doc>Returns the given values which can then be assigned to a variables.</doc>
<status status="PASS" start="2025-10-01T16:11:55.870157" elapsed="0.000000"/>
</kw>
<kw name="Deletar Usuario" owner="keywords">
<kw name="DELETE On Session" owner="RequestsLibrary">
<msg time="2025-10-01T16:11:56.082829" level="INFO">DELETE Request : url=https://serverest.dev/usuarios/394nTmZwftpewSeT 
 path_url=/usuarios/394nTmZwftpewSeT 
 headers={'User-Agent': 'python-requests/2.32.3', 'Accept-Encoding': 'gzip, deflate, br, zstd', 'Accept': '*/*', 'Connection': 'keep-alive', 'Content-Length': '0'} 
 body=None 
 </msg>
<msg time="2025-10-01T16:11:56.082829" level="INFO">DELETE Response : url=https://serverest.dev/usuarios/394nTmZwftpewSeT 
 status=200, reason=OK 
 headers={'access-control-allow-origin': '*', 'x-dns-prefetch-control': 'off', 'x-frame-options': 'SAMEORIGIN', 'strict-transport-security': 'max-age=15552000; includeSubDomains', 'x-download-options': 'noopen', 'x-content-type-options': 'nosniff', 'x-xss-protection': '1; mode=block', 'content-type': 'application/json; charset=utf-8', 'x-cloud-trace-context': '93c9463ec24861a821430a248f474bc0', 'date': 'Wed, 01 Oct 2025 19:11:57 GMT', 'server': 'Google Frontend', 'Content-Length': '51'} 
 body={
    "message": "Registro excluído com sucesso"
} 
 </msg>
<msg time="2025-10-01T16:11:56.082829" level="INFO">C:\Users\raphael\anaconda3\Lib\site-packages\urllib3\connectionpool.py:1099: InsecureRequestWarning: Unverified HTTPS request is being made to host 'serverest.dev'. Adding certificate verification is strongly advised. See: https://urllib3.readthedocs.io/en/latest/advanced-usage.html#tls-warnings
  warnings.warn(</msg>
<msg time="2025-10-01T16:11:56.082829" level="INFO">${resp} = &lt;Response [200]&gt;</msg>
<var>${resp}</var>
<arg>api</arg>
<arg>/usuarios/${id}</arg>
<arg>expected_status=any</arg>
<doc>Sends a DELETE request on a previously created HTTP Session.</doc>
<status status="PASS" start="2025-10-01T16:11:55.871163" elapsed="0.211666"/>
</kw>
<return>
<value>${resp}</value>
<status status="PASS" start="2025-10-01T16:11:56.082829" elapsed="0.000000"/>
</return>
<msg time="2025-10-01T16:11:56.082829" level="INFO">${r2} = &lt;Response [200]&gt;</msg>
<var>${r2}</var>
<arg>${id}</arg>
<status status="PASS" start="2025-10-01T16:11:55.870157" elapsed="0.212672"/>
</kw>
<kw name="Should Be Equal As Numbers" owner="BuiltIn">
<msg time="2025-10-01T16:11:56.082829" level="INFO">Argument types are:
&lt;class 'int'&gt;
&lt;class 'str'&gt;</msg>
<arg>${r2.status_code}</arg>
<arg>${STATUS_200}</arg>
<doc>Fails if objects are unequal after converting them to real numbers.</doc>
<status status="PASS" start="2025-10-01T16:11:56.082829" elapsed="0.000000"/>
</kw>
<tag>usuarios</tag>
<status status="PASS" start="2025-10-01T16:11:55.637941" elapsed="0.446451"/>
</test>
<test id="s1-t10" name="TC10 Listar Produtos" line="80">
<kw name="Listar Produtos" owner="keywords">
<kw name="GET On Session" owner="RequestsLibrary">
<msg time="2025-10-01T16:11:56.321495" level="INFO">GET Request : url=https://serverest.dev/produtos 
 path_url=/produtos 
 headers={'User-Agent': 'python-requests/2.32.3', 'Accept-Encoding': 'gzip, deflate, br, zstd', 'Accept': '*/*', 'Connection': 'keep-alive'} 
 body=None 
 </msg>
<msg time="2025-10-01T16:11:56.321495" level="INFO">GET Response : url=https://serverest.dev/produtos 
 status=200, reason=OK 
 headers={'access-control-allow-origin': '*', 'x-dns-prefetch-control': 'off', 'x-frame-options': 'SAMEORIGIN', 'strict-transport-security': 'max-age=15552000; includeSubDomains', 'x-download-options': 'noopen', 'x-content-type-options': 'nosniff', 'x-xss-protection': '1; mode=block', 'content-type': 'application/json; charset=utf-8', 'x-cloud-trace-context': 'f21d9aa535ea891321430a248f474651', 'date': 'Wed, 01 Oct 2025 19:11:57 GMT', 'server': 'Google Frontend', 'Content-Length': '19429'} 
 body={
    "quantidade": 82,
    "produtos": [
        {
            "nome": "Produto vel 16485",
            "preco": 744,
            "descricao": "Iste quia cum.",
            "quantidade": 35,
            "_id": "0Jc8oq2OAMy9oBmv"
        },
        {
            "nome": "Prod",
            "preco": 100,
            "descricao": "desc",
            "quantidade": 8,
            "_id": "0KxMGyKBSlMogpY4"
        },
        {
            "nome": "Awesome Steel Tuna",
            "preco": 1600,
            "descricao": "The gold Hat combines Republic of Korea aesthetics with Dubnium-based durability",
            "quantidade": 18,
            "_id": "0SlfD3t2vt1ReUT2"
        },
        {
            "nome": "Modern Marble Pants",
            "preco": 1600,
            "descricao": "Our fresh-inspired Mouse brings a taste of luxury to your optimal lifestyle",
            "quantidade": 18,
            "_id": "0udGrDAjyVYjdxej"
        },
        {
            "nome": "Refined Metal Cheese",
            "preco": 408,
            "descricao": "Savor the savory essence in our Keyboard, designed for gracious culinary adventures",
            "quantidade": 46,
            "_id": "1ViMM8pGJyaxR6oa"
        },
        {
            "nome": "Produto sed 48679",
            "preco": 950,
            "descricao": "Id ducimus error dolorum nostrum quasi.",
            "quantidade": "642",
            "_id": "2Gj4D290nJEcGjV1"
        },
        {
            "nome": "MP3 player",
            "preco": 470,
            "descricao": "aparelho de música",
            "quantidade": 381,
            "_id": "3RMxXtQ84rzTFMRV"
        },
        {
            "nome": "PS5",
            "preco": 2600,
            "descricao": "Videogame",
            "quantidade": 19,
            "_id": "3kprbsQblylNk9GK"
        },
        {
            "nome": "Processador",
            "preco": 900,
            "descricao": "i7",
            "quantidade": 100,
            "_id": "4rt2Z3FuStgVbceZ"
        },
        {
            "nome": "ProdCart",
            "preco": 150,
            "descricao": "desc",
            "quantidade": 47,
            "_id": "4taBFIdQvVCuWXz3"
        },
        {
            "nome": "Elegant Gold Hat",
            "preco": 500,
            "descricao": "Stylish Pants designed to make you stand out with unwieldy looks",
            "quantidade": 0,
            "_id": "5KkvY9WlTXp6RdXZ"
        },
        {
            "nome": "Cypress Product 1759321286928",
            "preco": 10,
            "descricao": "Product Description",
            "quantidade": 10,
            "imagem": "C:\\fakepath\\image.jpg",
            "_id": "6Y4l1PJNINIPD2zu"
        },
        {
            "nome": "Produto quam 78090",
            "preco": 685,
            "descricao": "Tempora voluptatum dolorem itaque ratione.",
            "quantidade": "32",
            "_id": "6kmh9TeUmfb9pmft"
        },
        {
            "nome": "Produto oBitLcLfvp",
            "preco": 100,
            "descricao": "Descricao do produto oBitLcLfvp",
            "quantidade": 50,
            "_id": "7qp784H9DNTuex1s"
        },
        {
            "nome": "Recycled Cotton Tuna",
            "preco": 500,
            "descricao": "Intelligent Fish designed with Cotton for overdue performance",
            "quantidade": 10,
            "_id": "7r5PjnBZEXI38lCu"
        },
        {
            "nome": "aaa",
            "preco": 112,
            "descricao": "aaa",
            "quantidade": 12,
            "_id": "9Njo36B5eMFEjgEj"
        },
        {
            "nome": "Produto nulla 4834",
            "preco": 103,
            "descricao": "Ipsa amet libero excepturi quas.",
            "quantidade": "871",
            "_id": "9Z5jKonsV9FF19Rd"
        },
        {
            "nome": "Sleek Plastic Chips",
            "preco": 1600,
            "descricao": "New purple Shirt with ergonomic design for rotten comfort",
            "quantidade": 18,
            "_id": "AMHr0HOwygkGMwtR"
        },
        {
            "nome": "Produto voluptatum 44797",
            "preco": 399,
            "descricao": "Corporis asperiores vero unde quaerat.",
            "quantidade": "701",
            "_id": "AhHChBxQ5ISEByHB"
        },
        {
            "nome": "Prod2",
            "preco": 200,
            "descricao": "desc",
            "quantidade": 20,
            "_id": "B8fKpvi1Elbb7UIu"
        },
        {
            "nome": "Recycled Steel Computer",
            "preco": 433,
            "descricao": "The sleek and new Tuna comes with cyan LED lighting for smart functionality",
            "quantidade": 24,
            "_id": "BYbNtQ2lZy51TOL2"
        },
        {
            "nome": "livro harypote100",
            "preco": 4220,
            "descricao": "livro",
            "quantidade": 15,
            "_id": "Ba24smUQoUWj9m5J"
        },
        {
            "nome": "Logitech MX Vertical",
            "preco": 470,
            "descricao": "Mouse",
            "quantidade": 382,
            "_id": "BeeJh5lz3k6kSIzA"
        },
        {
            "nome": "Produto voluptatum 78386",
            "preco": 578,
            "descricao": "Debitis fugiat recusandae.",
            "quantidade": 91,
            "_id": "C9GnO6rAgD0Xp9AS"
        },
        {
            "nome": "Fantastic Steel Tuna",
            "preco": 1600,
            "descricao": "Ergonomic Chair made with Granite for all-day remarkable support",
            "quantidade": 18,
            "_id": "ChpGUDI49LvP0bpM"
        },
        {
            "nome": "Xbox 007",
            "preco": 1900,
            "descricao": "i7",
            "quantidade": 100,
            "_id": "DGuqQzFCJUowTthF"
        },
        {
            "nome": "Licensed Aluminum Chicken",
            "preco": 1600,
            "descricao": "Savor the crispy essence in our Towels, designed for unhealthy culinary adventures",
            "quantidade": 18,
            "_id": "DvCiWeDJ01HNg2Dm"
        },
        {
            "nome": "Produto tenetur 33180",
            "preco": 488,
            "descricao": "Nulla sit cumque libero labore rerum vitae.",
            "quantidade": "51",
            "_id": "EfObpabd5OEYFm4O"
        },
        {
            "nome": "Produto doloremque 52923",
            "preco": 321,
            "descricao": "Esse odio vero enim nobis.",
            "quantidade": "332",
            "_id": "G7wqJ5AAt20VwKVM"
        },
        {
            "nome": "Intelligent Silk Towels",
            "preco": 150,
            "descricao": "Discover the sardonic new Cheese with an exciting mix of Bronze ingredients",
            "quantidade": 83,
            "_id": "JKrsH1lxGSkENcEI"
        },
        {
            "nome": "Samsung 60 polegadas",
            "preco": 5240,
            "descricao": "TV",
            "quantidade": 49977,
            "_id": "K6leHdftCeOJj8BJ"
        },
        {
            "nome": "Practical Plastic Towels",
            "preco": 500,
            "descricao": "New Pizza model with 8 GB RAM, 1000 GB storage, and elementary features",
            "quantidade": 10,
            "_id": "LP56vYhNQLLErMGv"
        },
        {
            "nome": "prod 2",
            "preco": 100,
            "descricao": "teste",
            "quantidade": 1,
            "_id": "LSlTQ5zUKxoOqz7e"
        },
        {
            "nome": "Practical Concrete Soap",
            "preco": 500,
            "descricao": "Boston's most advanced compression wear technology increases muscle oxygenation, stabilizes active muscles",
            "quantidade": 0,
            "_id": "M9ltCc4AH3fj9mdv"
        },
        {
            "nome": "Modern Bronze Tuna",
            "preco": 500,
            "descricao": "Discover the crocodile-like agility of our Bike, perfect for shocked users",
            "quantidade": 0,
            "_id": "Mba6KMI8kgKUeYpU"
        },
        {
            "nome": "Handcrafted Marble Table",
            "preco": 717,
            "descricao": "Savor the creamy essence in our Hat, designed for numb culinary adventures",
            "quantidade": 18,
            "_id": "N9fLfLqulMo69UhP"
        },
        {
            "nome": "Produto laborum 16696",
            "preco": 553,
            "descricao": "Repellendus delectus error ullam.",
            "quantidade": "222",
            "_id": "NOTCRKSDU15vMt3C"
        },
        {
            "nome": "Produto qLOSBBCoga",
            "preco": 100,
            "descricao": "Descricao do produto qLOSBBCoga",
            "quantidade": 50,
            "_id": "NZN8I7ubsneg7NAX"
        },
        {
            "nome": "Phoebe",
            "preco": 199,
            "descricao": "Produto atualizado via PUT e ID gerado",
            "quantidade": 1,
            "_id": "QlbOI3nCI0OF68cw"
        },
        {
            "nome": "Unbranded Ceramic Shirt",
            "preco": 895,
            "descricao": "Professional-grade Pizza perfect for sentimental training and recreational use",
            "quantidade": 71,
            "_id": "RM2oNvWKnNC8G4uH"
        },
        {
            "nome": "Soft Gold Chair",
            "preco": 1600,
            "descricao": "Discover the bee-like agility of our Towels, perfect for perfumed users",
            "quantidade": 18,
            "_id": "RfP0H9e96HqTWcqd"
        },
        {
            "nome": "Fresh Wooden Bacon",
            "preco": 397,
            "descricao": "Stylish Table designed to make you stand out with bleak looks",
            "quantidade": 20,
            "_id": "Tt4q6OYU6cknlHCT"
        },
        {
            "nome": "Xbox 008",
            "preco": 1900,
            "descricao": "i7",
            "quantidade": 100,
            "_id": "Uj95CqYVtgqCHAfD"
        },
        {
            "nome": "Practical Granite Pizza",
            "preco": 500,
            "descricao": "Savor the juicy essence in our Pizza, designed for corny culinary adventures",
            ... (set the log level to DEBUG or TRACE to see the full content) 
 </msg>
<msg time="2025-10-01T16:11:56.321495" level="INFO">C:\Users\raphael\anaconda3\Lib\site-packages\urllib3\connectionpool.py:1099: InsecureRequestWarning: Unverified HTTPS request is being made to host 'serverest.dev'. Adding certificate verification is strongly advised. See: https://urllib3.readthedocs.io/en/latest/advanced-usage.html#tls-warnings
  warnings.warn(</msg>
<msg time="2025-10-01T16:11:56.321495" level="INFO">${resp} = &lt;Response [200]&gt;</msg>
<var>${resp}</var>
<arg>api</arg>
<arg>/produtos</arg>
<arg>expected_status=any</arg>
<doc>Sends a GET request on a previously created HTTP Session.</doc>
<status status="PASS" start="2025-10-01T16:11:56.084392" elapsed="0.237103"/>
</kw>
<return>
<value>${resp}</value>
<status status="PASS" start="2025-10-01T16:11:56.321495" elapsed="0.000000"/>
</return>
<msg time="2025-10-01T16:11:56.323002" level="INFO">${r} = &lt;Response [200]&gt;</msg>
<var>${r}</var>
<status status="PASS" start="2025-10-01T16:11:56.084392" elapsed="0.238610"/>
</kw>
<kw name="Should Be Equal As Numbers" owner="BuiltIn">
<msg time="2025-10-01T16:11:56.323002" level="INFO">Argument types are:
&lt;class 'int'&gt;
&lt;class 'str'&gt;</msg>
<arg>${r.status_code}</arg>
<arg>${STATUS_200}</arg>
<doc>Fails if objects are unequal after converting them to real numbers.</doc>
<status status="PASS" start="2025-10-01T16:11:56.323002" elapsed="0.000000"/>
</kw>
<tag>produtos</tag>
<status status="PASS" start="2025-10-01T16:11:56.084392" elapsed="0.238610"/>
</test>
<test id="s1-t11" name="TC11 Cadastrar Produto" line="86">
<kw name="Login" owner="keywords">
<kw name="Create Dictionary" owner="BuiltIn">
<msg time="2025-10-01T16:11:56.324009" level="INFO">&amp;{body} = { email=fulano@qa.com | password=teste }</msg>
<var>&amp;{body}</var>
<arg>email=${email}</arg>
<arg>password=${password}</arg>
<doc>Creates and returns a dictionary based on the given ``items``.</doc>
<status status="PASS" start="2025-10-01T16:11:56.324009" elapsed="0.000000"/>
</kw>
<kw name="POST On Session" owner="RequestsLibrary">
<msg time="2025-10-01T16:11:56.558306" level="INFO">POST Request : url=https://serverest.dev/login 
 path_url=/login 
 headers={'User-Agent': 'python-requests/2.32.3', 'Accept-Encoding': 'gzip, deflate, br, zstd', 'Accept': '*/*', 'Connection': 'keep-alive', 'Content-Length': '47', 'Content-Type': 'application/json'} 
 body=b'{"email": "fulano@qa.com", "password": "teste"}' 
 </msg>
<msg time="2025-10-01T16:11:56.558306" level="INFO">POST Response : url=https://serverest.dev/login 
 status=200, reason=OK 
[...]
 status=200, reason=OK 
 headers={'access-control-allow-origin': '*', 'x-dns-prefetch-control': 'off', 'x-frame-options': 'SAMEORIGIN', 'strict-transport-security': 'max-age=15552000; includeSubDomains', 'x-download-options': 'noopen', 'x-content-type-options': 'nosniff', 'x-xss-protection': '1; mode=block', 'content-type': 'application/json; charset=utf-8', 'x-cloud-trace-context': '5e36e2aec500fcefdf3ed4f94639bab6', 'date': 'Wed, 01 Oct 2025 19:12:07 GMT', 'server': 'Google Frontend', 'Content-Length': '276'} 
 body={
    "message": "Login realizado com sucesso",
    "authorization": "Bearer eyJhbGciOiJIUzI1NiIsInR5cCI6IkpXVCJ9.eyJlbWFpbCI6Iml4YndybnZsQHFhLmNvbS5iciIsInBhc3N3b3JkIjoic2VuaGExMjMiLCJpYXQiOjE3NTkzNDU5MjcsImV4cCI6MTc1OTM0NjUyN30.g8vXcvd4rCAVGB4CX3LL9ePE18GP9vhNAONgU_NhPOM"
} 
 </msg>
<msg time="2025-10-01T16:12:06.528425" level="INFO">C:\Users\raphael\anaconda3\Lib\site-packages\urllib3\connectionpool.py:1099: InsecureRequestWarning: Unverified HTTPS request is being made to host 'serverest.dev'. Adding certificate verification is strongly advised. See: https://urllib3.readthedocs.io/en/latest/advanced-usage.html#tls-warnings
  warnings.warn(</msg>
<msg time="2025-10-01T16:12:06.528425" level="INFO">${resp} = &lt;Response [200]&gt;</msg>
<var>${resp}</var>
<arg>api</arg>
<arg>/login</arg>
<arg>json=${body}</arg>
<arg>expected_status=any</arg>
<doc>Sends a POST request on a previously created HTTP Session.</doc>
<status status="PASS" start="2025-10-01T16:12:06.318173" elapsed="0.211250"/>
</kw>
<return>
<value>${resp}</value>
<status status="PASS" start="2025-10-01T16:12:06.529423" elapsed="0.000000"/>
</return>
<msg time="2025-10-01T16:12:06.529423" level="INFO">${r_login2} = &lt;Response [200]&gt;</msg>
<var>${r_login2}</var>
<arg>${email}</arg>
<arg>senha123</arg>
<status status="PASS" start="2025-10-01T16:12:06.318173" elapsed="0.211250"/>
</kw>
<kw name="Set Variable" owner="BuiltIn">
<msg time="2025-10-01T16:12:06.530427" level="INFO">${token2} = Bearer eyJhbGciOiJIUzI1NiIsInR5cCI6IkpXVCJ9.eyJlbWFpbCI6Iml4YndybnZsQHFhLmNvbS5iciIsInBhc3N3b3JkIjoic2VuaGExMjMiLCJpYXQiOjE3NTkzNDU5MjcsImV4cCI6MTc1OTM0NjUyN30.g8vXcvd4rCAVGB4CX3LL9ePE18GP9vhNAONgU_Nh...</msg>
<var>${token2}</var>
<arg>${r_login2.json()['authorization']}</arg>
<doc>Returns the given values which can then be assigned to a variables.</doc>
<status status="PASS" start="2025-10-01T16:12:06.529423" elapsed="0.001004"/>
</kw>
<kw name="Cadastrar Carrinho" owner="keywords">
<kw name="Create Dictionary" owner="BuiltIn">
<msg time="2025-10-01T16:12:06.531423" level="INFO">&amp;{headers} = { Authorization=Bearer eyJhbGciOiJIUzI1NiIsInR5cCI6IkpXVCJ9.eyJlbWFpbCI6Iml4YndybnZsQHFhLmNvbS5iciIsInBhc3N3b3JkIjoic2VuaGExMjMiLCJpYXQiOjE3NTkzNDU5MjcsImV4cCI6MTc1OTM0NjUyN30.g8vXcvd4rCAVGB4CX3LL9ePE...</msg>
<var>&amp;{headers}</var>
<arg>Authorization=${token}</arg>
<doc>Creates and returns a dictionary based on the given ``items``.</doc>
<status status="PASS" start="2025-10-01T16:12:06.531423" elapsed="0.000000"/>
</kw>
<kw name="Create Dictionary" owner="BuiltIn">
<msg time="2025-10-01T16:12:06.531423" level="INFO">&amp;{produto} = { idProduto=N3tT2TYYvQeDy9Z5 | quantidade=2 }</msg>
<var>&amp;{produto}</var>
<arg>idProduto=${produto_id}</arg>
<arg>quantidade=${qtd}</arg>
<doc>Creates and returns a dictionary based on the given ``items``.</doc>
<status status="PASS" start="2025-10-01T16:12:06.531423" elapsed="0.000000"/>
</kw>
<kw name="Create List" owner="BuiltIn">
<msg time="2025-10-01T16:12:06.531423" level="INFO">@{produtos} = [ {'idProduto': 'N3tT2TYYvQeDy9Z5', 'quantidade': '2'} ]</msg>
<var>@{produtos}</var>
<arg>${produto}</arg>
<doc>Returns a list containing given items.</doc>
<status status="PASS" start="2025-10-01T16:12:06.531423" elapsed="0.000000"/>
</kw>
<kw name="Create Dictionary" owner="BuiltIn">
<msg time="2025-10-01T16:12:06.531423" level="INFO">&amp;{body} = { produtos=[{'idProduto': 'N3tT2TYYvQeDy9Z5', 'quantidade': '2'}] }</msg>
<var>&amp;{body}</var>
<arg>produtos=${produtos}</arg>
<doc>Creates and returns a dictionary based on the given ``items``.</doc>
<status status="PASS" start="2025-10-01T16:12:06.531423" elapsed="0.000000"/>
</kw>
<kw name="POST On Session" owner="RequestsLibrary">
<msg time="2025-10-01T16:12:06.756188" level="INFO">POST Request : url=https://serverest.dev/carrinhos 
 path_url=/carrinhos 
 headers={'User-Agent': 'python-requests/2.32.3', 'Accept-Encoding': 'gzip, deflate, br, zstd', 'Accept': '*/*', 'Connection': 'keep-alive', 'Authorization': 'Bearer eyJhbGciOiJIUzI1NiIsInR5cCI6IkpXVCJ9.eyJlbWFpbCI6Iml4YndybnZsQHFhLmNvbS5iciIsInBhc3N3b3JkIjoic2VuaGExMjMiLCJpYXQiOjE3NTkzNDU5MjcsImV4cCI6MTc1OTM0NjUyN30.g8vXcvd4rCAVGB4CX3LL9ePE18GP9vhNAONgU_NhPOM', 'Content-Length': '68', 'Content-Type': 'application/json'} 
 body=b'{"produtos": [{"idProduto": "N3tT2TYYvQeDy9Z5", "quantidade": "2"}]}' 
 </msg>
<msg time="2025-10-01T16:12:06.756188" level="INFO">POST Response : url=https://serverest.dev/carrinhos 
 status=201, reason=Created 
 headers={'access-control-allow-origin': '*', 'x-dns-prefetch-control': 'off', 'x-frame-options': 'SAMEORIGIN', 'strict-transport-security': 'max-age=15552000; includeSubDomains', 'x-download-options': 'noopen', 'x-content-type-options': 'nosniff', 'x-xss-protection': '1; mode=block', 'content-type': 'application/json; charset=utf-8', 'x-cloud-trace-context': '8f9e8097ecf046e0df3ed4f94639b034', 'date': 'Wed, 01 Oct 2025 19:12:08 GMT', 'server': 'Google Frontend', 'Content-Length': '82'} 
 body={
    "message": "Cadastro realizado com sucesso",
    "_id": "JaUPgiR1rMY1p7qM"
} 
 </msg>
<msg time="2025-10-01T16:12:06.756188" level="INFO">C:\Users\raphael\anaconda3\Lib\site-packages\urllib3\connectionpool.py:1099: InsecureRequestWarning: Unverified HTTPS request is being made to host 'serverest.dev'. Adding certificate verification is strongly advised. See: https://urllib3.readthedocs.io/en/latest/advanced-usage.html#tls-warnings
  warnings.warn(</msg>
<msg time="2025-10-01T16:12:06.757187" level="INFO">${resp} = &lt;Response [201]&gt;</msg>
<var>${resp}</var>
<arg>api</arg>
<arg>/carrinhos</arg>
<arg>json=${body}</arg>
<arg>headers=${headers}</arg>
<arg>expected_status=any</arg>
<doc>Sends a POST request on a previously created HTTP Session.</doc>
<status status="PASS" start="2025-10-01T16:12:06.531423" elapsed="0.225764"/>
</kw>
<return>
<value>${resp}</value>
<status status="PASS" start="2025-10-01T16:12:06.757187" elapsed="0.000000"/>
</return>
<arg>${prod_id}</arg>
<arg>2</arg>
<arg>${token2}</arg>
<status status="PASS" start="2025-10-01T16:12:06.530427" elapsed="0.226760"/>
</kw>
<kw name="Cancelar Compra" owner="keywords">
<kw name="Create Dictionary" owner="BuiltIn">
<msg time="2025-10-01T16:12:06.758187" level="INFO">&amp;{headers} = { Authorization=Bearer eyJhbGciOiJIUzI1NiIsInR5cCI6IkpXVCJ9.eyJlbWFpbCI6Iml4YndybnZsQHFhLmNvbS5iciIsInBhc3N3b3JkIjoic2VuaGExMjMiLCJpYXQiOjE3NTkzNDU5MjcsImV4cCI6MTc1OTM0NjUyN30.g8vXcvd4rCAVGB4CX3LL9ePE...</msg>
<var>&amp;{headers}</var>
<arg>Authorization=${token}</arg>
<doc>Creates and returns a dictionary based on the given ``items``.</doc>
<status status="PASS" start="2025-10-01T16:12:06.757187" elapsed="0.001000"/>
</kw>
<kw name="DELETE On Session" owner="RequestsLibrary">
<msg time="2025-10-01T16:12:06.973107" level="INFO">DELETE Request : url=https://serverest.dev/carrinhos/cancelar-compra 
 path_url=/carrinhos/cancelar-compra 
 headers={'User-Agent': 'python-requests/2.32.3', 'Accept-Encoding': 'gzip, deflate, br, zstd', 'Accept': '*/*', 'Connection': 'keep-alive', 'Authorization': 'Bearer eyJhbGciOiJIUzI1NiIsInR5cCI6IkpXVCJ9.eyJlbWFpbCI6Iml4YndybnZsQHFhLmNvbS5iciIsInBhc3N3b3JkIjoic2VuaGExMjMiLCJpYXQiOjE3NTkzNDU5MjcsImV4cCI6MTc1OTM0NjUyN30.g8vXcvd4rCAVGB4CX3LL9ePE18GP9vhNAONgU_NhPOM', 'Content-Length': '0'} 
 body=None 
 </msg>
<msg time="2025-10-01T16:12:06.973107" level="INFO">DELETE Response : url=https://serverest.dev/carrinhos/cancelar-compra 
 status=200, reason=OK 
 headers={'access-control-allow-origin': '*', 'x-dns-prefetch-control': 'off', 'x-frame-options': 'SAMEORIGIN', 'strict-transport-security': 'max-age=15552000; includeSubDomains', 'x-download-options': 'noopen', 'x-content-type-options': 'nosniff', 'x-xss-protection': '1; mode=block', 'content-type': 'application/json; charset=utf-8', 'x-cloud-trace-context': 'b9c5a044d1e521c4df3ed4f94639bebf', 'date': 'Wed, 01 Oct 2025 19:12:08 GMT', 'server': 'Google Frontend', 'Content-Length': '86'} 
 body={
    "message": "Registro excluído com sucesso. Estoque dos produtos reabastecido"
} 
 </msg>
<msg time="2025-10-01T16:12:06.973107" level="INFO">C:\Users\raphael\anaconda3\Lib\site-packages\urllib3\connectionpool.py:1099: InsecureRequestWarning: Unverified HTTPS request is being made to host 'serverest.dev'. Adding certificate verification is strongly advised. See: https://urllib3.readthedocs.io/en/latest/advanced-usage.html#tls-warnings
  warnings.warn(</msg>
<msg time="2025-10-01T16:12:06.974188" level="INFO">${resp} = &lt;Response [200]&gt;</msg>
<var>${resp}</var>
<arg>api</arg>
<arg>/carrinhos/cancelar-compra</arg>
<arg>headers=${headers}</arg>
<arg>expected_status=any</arg>
<doc>Sends a DELETE request on a previously created HTTP Session.</doc>
<status status="PASS" start="2025-10-01T16:12:06.758187" elapsed="0.216001"/>
</kw>
<return>
<value>${resp}</value>
<status status="PASS" start="2025-10-01T16:12:06.974188" elapsed="0.000000"/>
</return>
<msg time="2025-10-01T16:12:06.974188" level="INFO">${r} = &lt;Response [200]&gt;</msg>
<var>${r}</var>
<arg>${token2}</arg>
<status status="PASS" start="2025-10-01T16:12:06.757187" elapsed="0.217001"/>
</kw>
<kw name="Should Be Equal As Numbers" owner="BuiltIn">
<msg time="2025-10-01T16:12:06.975117" level="INFO">Argument types are:
&lt;class 'int'&gt;
&lt;class 'str'&gt;</msg>
<arg>${r.status_code}</arg>
<arg>${STATUS_200}</arg>
<doc>Fails if objects are unequal after converting them to real numbers.</doc>
<status status="PASS" start="2025-10-01T16:12:06.974188" elapsed="0.000929"/>
</kw>
<kw name="Deletar Produto" owner="keywords">
<kw name="Create Dictionary" owner="BuiltIn">
<msg time="2025-10-01T16:12:06.976125" level="INFO">&amp;{headers} = { Authorization=Bearer eyJhbGciOiJIUzI1NiIsInR5cCI6IkpXVCJ9.eyJlbWFpbCI6ImZ1bGFub0BxYS5jb20iLCJwYXNzd29yZCI6InRlc3RlIiwiaWF0IjoxNzU5MzQ1OTI3LCJleHAiOjE3NTkzNDY1Mjd9.BAabssifS4JyTMupZ8Ov5M8IhUGSPj33buT...</msg>
<var>&amp;{headers}</var>
<arg>Authorization=${token}</arg>
<doc>Creates and returns a dictionary based on the given ``items``.</doc>
<status status="PASS" start="2025-10-01T16:12:06.975117" elapsed="0.001008"/>
</kw>
<kw name="DELETE On Session" owner="RequestsLibrary">
<msg time="2025-10-01T16:12:07.186779" level="INFO">DELETE Request : url=https://serverest.dev/produtos/N3tT2TYYvQeDy9Z5 
 path_url=/produtos/N3tT2TYYvQeDy9Z5 
 headers={'User-Agent': 'python-requests/2.32.3', 'Accept-Encoding': 'gzip, deflate, br, zstd', 'Accept': '*/*', 'Connection': 'keep-alive', 'Authorization': 'Bearer eyJhbGciOiJIUzI1NiIsInR5cCI6IkpXVCJ9.eyJlbWFpbCI6ImZ1bGFub0BxYS5jb20iLCJwYXNzd29yZCI6InRlc3RlIiwiaWF0IjoxNzU5MzQ1OTI3LCJleHAiOjE3NTkzNDY1Mjd9.BAabssifS4JyTMupZ8Ov5M8IhUGSPj33buTX-K76G_I', 'Content-Length': '0'} 
 body=None 
 </msg>
<msg time="2025-10-01T16:12:07.186779" level="INFO">DELETE Response : url=https://serverest.dev/produtos/N3tT2TYYvQeDy9Z5 
 status=200, reason=OK 
 headers={'access-control-allow-origin': '*', 'x-dns-prefetch-control': 'off', 'x-frame-options': 'SAMEORIGIN', 'strict-transport-security': 'max-age=15552000; includeSubDomains', 'x-download-options': 'noopen', 'x-content-type-options': 'nosniff', 'x-xss-protection': '1; mode=block', 'content-type': 'application/json; charset=utf-8', 'x-cloud-trace-context': 'e7e403cb6c7c5f2ddf3ed4f94639bf6f', 'date': 'Wed, 01 Oct 2025 19:12:08 GMT', 'server': 'Google Frontend', 'Content-Length': '51'} 
 body={
    "message": "Registro excluído com sucesso"
} 
 </msg>
<msg time="2025-10-01T16:12:07.186779" level="INFO">C:\Users\raphael\anaconda3\Lib\site-packages\urllib3\connectionpool.py:1099: InsecureRequestWarning: Unverified HTTPS request is being made to host 'serverest.dev'. Adding certificate verification is strongly advised. See: https://urllib3.readthedocs.io/en/latest/advanced-usage.html#tls-warnings
  warnings.warn(</msg>
<msg time="2025-10-01T16:12:07.186779" level="INFO">${resp} = &lt;Response [200]&gt;</msg>
<var>${resp}</var>
<arg>api</arg>
<arg>/produtos/${id}</arg>
<arg>headers=${headers}</arg>
<arg>expected_status=any</arg>
<doc>Sends a DELETE request on a previously created HTTP Session.</doc>
<status status="PASS" start="2025-10-01T16:12:06.976125" elapsed="0.210654"/>
</kw>
<return>
<value>${resp}</value>
<status status="PASS" start="2025-10-01T16:12:07.187771" elapsed="0.000000"/>
</return>
<arg>${prod_id}</arg>
<arg>${token}</arg>
<status status="PASS" start="2025-10-01T16:12:06.975117" elapsed="0.212654"/>
</kw>
<kw name="Deletar Usuario" owner="keywords">
<kw name="DELETE On Session" owner="RequestsLibrary">
<msg time="2025-10-01T16:12:07.400207" level="INFO">DELETE Request : url=https://serverest.dev/usuarios/O5uJdXH1q9ONWSGj 
 path_url=/usuarios/O5uJdXH1q9ONWSGj 
 headers={'User-Agent': 'python-requests/2.32.3', 'Accept-Encoding': 'gzip, deflate, br, zstd', 'Accept': '*/*', 'Connection': 'keep-alive', 'Content-Length': '0'} 
 body=None 
 </msg>
<msg time="2025-10-01T16:12:07.400207" level="INFO">DELETE Response : url=https://serverest.dev/usuarios/O5uJdXH1q9ONWSGj 
 status=200, reason=OK 
 headers={'access-control-allow-origin': '*', 'x-dns-prefetch-control': 'off', 'x-frame-options': 'SAMEORIGIN', 'strict-transport-security': 'max-age=15552000; includeSubDomains', 'x-download-options': 'noopen', 'x-content-type-options': 'nosniff', 'x-xss-protection': '1; mode=block', 'content-type': 'application/json; charset=utf-8', 'x-cloud-trace-context': 'ff85d559ae76690cdf3ed4f94639bdfa', 'date': 'Wed, 01 Oct 2025 19:12:08 GMT', 'server': 'Google Frontend', 'Content-Length': '51'} 
 body={
    "message": "Registro excluído com sucesso"
} 
 </msg>
<msg time="2025-10-01T16:12:07.400207" level="INFO">C:\Users\raphael\anaconda3\Lib\site-packages\urllib3\connectionpool.py:1099: InsecureRequestWarning: Unverified HTTPS request is being made to host 'serverest.dev'. Adding certificate verification is strongly advised. See: https://urllib3.readthedocs.io/en/latest/advanced-usage.html#tls-warnings
  warnings.warn(</msg>
<msg time="2025-10-01T16:12:07.400207" level="INFO">${resp} = &lt;Response [200]&gt;</msg>
<var>${resp}</var>
<arg>api</arg>
<arg>/usuarios/${id}</arg>
<arg>expected_status=any</arg>
<doc>Sends a DELETE request on a previously created HTTP Session.</doc>
<status status="PASS" start="2025-10-01T16:12:07.187771" elapsed="0.212436"/>
</kw>
<return>
<value>${resp}</value>
<status status="PASS" start="2025-10-01T16:12:07.400207" elapsed="0.000000"/>
</return>
<arg>${r_user.json()['_id']}</arg>
<status status="PASS" start="2025-10-01T16:12:07.187771" elapsed="0.212436"/>
</kw>
<tag>carrinhos</tag>
<status status="PASS" start="2025-10-01T16:12:05.655280" elapsed="1.745910"/>
</test>
<status status="PASS" start="2025-10-01T16:11:50.971049" elapsed="16.430141"/>
</suite>
<statistics>
<total>
<stat pass="21" fail="0" skip="0">All Tests</stat>
</total>
<tag>
<stat pass="5" fail="0" skip="0">carrinhos</stat>
<stat pass="2" fail="0" skip="0">login</stat>
<stat pass="7" fail="0" skip="0">produtos</stat>
<stat pass="7" fail="0" skip="0">usuarios</stat>
</tag>
<suite>
<stat name="Serverest" id="s1" pass="21" fail="0" skip="0">Serverest</stat>
</suite>
</statistics>
<errors>
<msg time="2025-10-01T16:11:50.999134" level="WARN">Error in file 'C:\Users\raphael\Documents\GitHub\learn\Compass\qa-challenge03-PB-Nobugs\tests\keywords.robot' on line 16: The '[Return]' setting is deprecated. Use the 'RETURN' statement instead.</msg>
<msg time="2025-10-01T16:11:50.999134" level="WARN">Error in file 'C:\Users\raphael\Documents\GitHub\learn\Compass\qa-challenge03-PB-Nobugs\tests\keywords.robot' on line 22: The '[Return]' setting is deprecated. Use the 'RETURN' statement instead.</msg>
<msg time="2025-10-01T16:11:51.000135" level="WARN">Error in file 'C:\Users\raphael\Documents\GitHub\learn\Compass\qa-challenge03-PB-Nobugs\tests\keywords.robot' on line 26: The '[Return]' setting is deprecated. Use the 'RETURN' statement instead.</msg>
<msg time="2025-10-01T16:11:51.000135" level="WARN">Error in file 'C:\Users\raphael\Documents\GitHub\learn\Compass\qa-challenge03-PB-Nobugs\tests\keywords.robot' on line 32: The '[Return]' setting is deprecated. Use the 'RETURN' statement instead.</msg>
<msg time="2025-10-01T16:11:51.000135" level="WARN">Error in file 'C:\Users\raphael\Documents\GitHub\learn\Compass\qa-challenge03-PB-Nobugs\tests\keywords.robot' on line 37: The '[Return]' setting is deprecated. Use the 'RETURN' statement instead.</msg>
<msg time="2025-10-01T16:11:51.000135" level="WARN">Error in file 'C:\Users\raphael\Documents\GitHub\learn\Compass\qa-challenge03-PB-Nobugs\tests\keywords.robot' on line 43: The '[Return]' setting is deprecated. Use the 'RETURN' statement instead.</msg>
<msg time="2025-10-01T16:11:51.000135" level="WARN">Error in file 'C:\Users\raphael\Documents\GitHub\learn\Compass\qa-challenge03-PB-Nobugs\tests\keywords.robot' on line 48: The '[Return]' setting is deprecated. Use the 'RETURN' statement instead.</msg>
<msg time="2025-10-01T16:11:51.000135" level="WARN">Error in file 'C:\Users\raphael\Documents\GitHub\learn\Compass\qa-challenge03-PB-Nobugs\tests\keywords.robot' on line 52: The '[Return]' setting is deprecated. Use the 'RETURN' statement instead.</msg>
<msg time="2025-10-01T16:11:51.001134" level="WARN">Error in file 'C:\Users\raphael\Documents\GitHub\learn\Compass\qa-challenge03-PB-Nobugs\tests\keywords.robot' on line 59: The '[Return]' setting is deprecated. Use the 'RETURN' statement instead.</msg>
<msg time="2025-10-01T16:11:51.001134" level="WARN">Error in file 'C:\Users\raphael\Documents\GitHub\learn\Compass\qa-challenge03-PB-Nobugs\tests\keywords.robot' on line 64: The '[Return]' setting is deprecated. Use the 'RETURN' statement instead.</msg>
<msg time="2025-10-01T16:11:51.001134" level="WARN">Error in file 'C:\Users\raphael\Documents\GitHub\learn\Compass\qa-challenge03-PB-Nobugs\tests\keywords.robot' on line 71: The '[Return]' setting is deprecated. Use the 'RETURN' statement instead.</msg>
<msg time="2025-10-01T16:11:51.001134" level="WARN">Error in file 'C:\Users\raphael\Documents\GitHub\learn\Compass\qa-challenge03-PB-Nobugs\tests\keywords.robot' on line 77: The '[Return]' setting is deprecated. Use the 'RETURN' statement instead.</msg>
<msg time="2025-10-01T16:11:51.001134" level="WARN">Error in file 'C:\Users\raphael\Documents\GitHub\learn\Compass\qa-challenge03-PB-Nobugs\tests\keywords.robot' on line 81: The '[Return]' setting is deprecated. Use the 'RETURN' statement instead.</msg>
<msg time="2025-10-01T16:11:51.001134" level="WARN">Error in file 'C:\Users\raphael\Documents\GitHub\learn\Compass\qa-challenge03-PB-Nobugs\tests\keywords.robot' on line 90: The '[Return]' setting is deprecated. Use the 'RETURN' statement instead.</msg>
<msg time="2025-10-01T16:11:51.001134" level="WARN">Error in file 'C:\Users\raphael\Documents\GitHub\learn\Compass\qa-challenge03-PB-Nobugs\tests\keywords.robot' on line 95: The '[Return]' setting is deprecated. Use the 'RETURN' statement instead.</msg>
<msg time="2025-10-01T16:11:51.001134" level="WARN">Error in file 'C:\Users\raphael\Documents\GitHub\learn\Compass\qa-challenge03-PB-Nobugs\tests\keywords.robot' on line 101: The '[Return]' setting is deprecated. Use the 'RETURN' statement instead.</msg>
<msg time="2025-10-01T16:11:51.001134" level="WARN">Error in file 'C:\Users\raphael\Documents\GitHub\learn\Compass\qa-challenge03-PB-Nobugs\tests\keywords.robot' on line 107: The '[Return]' setting is deprecated. Use the 'RETURN' statement instead.</msg>
</errors>
</robot>
