<?xml version="1.0" encoding="UTF-8"?>
<robot generator="Robot 7.3.2 (Python 3.12.7 on win32)" generated="2025-10-03T14:38:13.095284" rpa="false" schemaversion="5">
<suite id="s1" name="Serverest" source="C:\Users\raphael\Documents\GitHub\learn\Compass\qa-challenge03-PB-Nobugs\tests\serverest.robot">
<kw name="Criar Sessao" owner="keywords" type="SETUP">
<kw name="Create Session" owner="RequestsLibrary">
<msg time="2025-10-03T14:38:13.603490" level="INFO">Creating Session using : alias=api, url=https://serverest.dev, headers={},                     cookies={}, auth=None, timeout=None, proxies=None, verify=False,                     debug=0 </msg>
<arg>api</arg>
<arg>${BASE_URL}</arg>
<doc>Create Session: create a HTTP session to a server</doc>
<status status="PASS" start="2025-10-03T14:38:13.602478" elapsed="0.001012"/>
</kw>
<status status="PASS" start="2025-10-03T14:38:13.602478" elapsed="0.001012"/>
</kw>
<test id="s1-t1" name="TC01 Login Valido" line="11">
<kw name="Login" owner="keywords">
<kw name="Create Dictionary" owner="BuiltIn">
<msg time="2025-10-03T14:38:13.605490" level="INFO">&amp;{body} = { email=fulano2@qa.com | password=teste }</msg>
<var>&amp;{body}</var>
<arg>email=${email}</arg>
<arg>password=${password}</arg>
<doc>Creates and returns a dictionary based on the given ``items``.</doc>
<status status="PASS" start="2025-10-03T14:38:13.604491" elapsed="0.000999"/>
</kw>
<kw name="POST On Session" owner="RequestsLibrary">
<msg time="2025-10-03T14:38:14.510338" level="INFO">POST Request : url=https://serverest.dev/login 
 path_url=/login 
 headers={'User-Agent': 'python-requests/2.32.3', 'Accept-Encoding': 'gzip, deflate, br, zstd', 'Accept': '*/*', 'Connection': 'keep-alive', 'Content-Length': '48', 'Content-Type': 'application/json'} 
 body=b'{"email": "fulano2@qa.com", "password": "teste"}' 
 </msg>
<msg time="2025-10-03T14:38:14.510338" level="INFO">POST Response : url=https://serverest.dev/login 
 status=401, reason=Unauthorized 
 headers={'access-control-allow-origin': '*', 'x-dns-prefetch-control': 'off', 'x-frame-options': 'SAMEORIGIN', 'strict-transport-security': 'max-age=15552000; includeSubDomains', 'x-download-options': 'noopen', 'x-content-type-options': 'nosniff', 'x-xss-protection': '1; mode=block', 'content-type': 'application/json; charset=utf-8', 'x-cloud-trace-context': '113eb42cbea822059bfd9255906e7989;o=1', 'date': 'Fri, 03 Oct 2025 17:38:16 GMT', 'server': 'Google Frontend', 'Content-Length': '48'} 
 body={
    "message": "Email e/ou senha inválidos"
} 
 </msg>
<msg time="2025-10-03T14:38:14.510338" level="INFO">C:\Users\raphael\anaconda3\Lib\site-packages\urllib3\connectionpool.py:1099: InsecureRequestWarning: Unverified HTTPS request is being made to host 'serverest.dev'. Adding certificate verification is strongly advised. See: https://urllib3.readthedocs.io/en/latest/advanced-usage.html#tls-warnings
  warnings.warn(</msg>
<msg time="2025-10-03T14:38:14.511340" level="INFO">${resp} = &lt;Response [401]&gt;</msg>
<var>${resp}</var>
<arg>api</arg>
<arg>/login</arg>
<arg>json=${body}</arg>
<arg>expected_status=any</arg>
<doc>Sends a POST request on a previously created HTTP Session.</doc>
<status status="PASS" start="2025-10-03T14:38:13.605490" elapsed="0.905850"/>
</kw>
<return>
<value>${resp}</value>
<status status="PASS" start="2025-10-03T14:38:14.511340" elapsed="0.000000"/>
</return>
<msg time="2025-10-03T14:38:14.511340" level="INFO">${r} = &lt;Response [401]&gt;</msg>
<var>${r}</var>
<arg>fulano2@qa.com</arg>
<arg>teste</arg>
<status status="PASS" start="2025-10-03T14:38:13.604491" elapsed="0.906849"/>
</kw>
<kw name="Should Be Equal As Numbers" owner="BuiltIn">
<msg time="2025-10-03T14:38:14.512339" level="INFO">Argument types are:
&lt;class 'int'&gt;
&lt;class 'str'&gt;</msg>
<msg time="2025-10-03T14:38:14.513338" level="FAIL">401.0 != 200.0</msg>
<arg>${r.status_code}</arg>
<arg>${STATUS_200}</arg>
<doc>Fails if objects are unequal after converting them to real numbers.</doc>
<status status="FAIL" start="2025-10-03T14:38:14.512339" elapsed="0.000999">401.0 != 200.0</status>
</kw>
<tag>login</tag>
<status status="FAIL" start="2025-10-03T14:38:13.603490" elapsed="0.909848">401.0 != 200.0</status>
</test>
<test id="s1-t2" name="TC02 Login Invalido" line="16">
<kw name="Login" owner="keywords">
<kw name="Create Dictionary" owner="BuiltIn">
<msg time="2025-10-03T14:38:14.515845" level="INFO">&amp;{body} = { email=invalido@test.com | password=senha }</msg>
<var>&amp;{body}</var>
<arg>email=${email}</arg>
<arg>password=${password}</arg>
<doc>Creates and returns a dictionary based on the given ``items``.</doc>
<status status="PASS" start="2025-10-03T14:38:14.515342" elapsed="0.000503"/>
</kw>
<kw name="POST On Session" owner="RequestsLibrary">
<msg time="2025-10-03T14:38:14.727068" level="INFO">POST Request : url=https://serverest.dev/login 
 path_url=/login 
 headers={'User-Agent': 'python-requests/2.32.3', 'Accept-Encoding': 'gzip, deflate, br, zstd', 'Accept': '*/*', 'Connection': 'keep-alive', 'Content-Length': '51', 'Content-Type': 'application/json'} 
 body=b'{"email": "invalido@test.com", "password": "senha"}' 
 </msg>
<msg time="2025-10-03T14:38:14.727068" level="INFO">POST Response : url=https://serverest.dev/login 
 status=401, reason=Unauthorized 
 headers={'access-control-allow-origin': '*', 'x-dns-prefetch-control': 'off', 'x-frame-options': 'SAMEORIGIN', 'strict-transport-security': 'max-age=15552000; includeSubDomains', 'x-download-options': 'noopen', 'x-content-type-options': 'nosniff', 'x-xss-protection': '1; mode=block', 'content-type': 'application/json; charset=utf-8', 'x-cloud-trace-context': 'ef1010b34b8c340a9bfd9255906e7f68', 'date': 'Fri, 03 Oct 2025 17:38:16 GMT', 'server': 'Google Frontend', 'Content-Length': '48'} 
 body={
    "message": "Email e/ou senha inválidos"
} 
 </msg>
<msg time="2025-10-03T14:38:14.727068" level="INFO">C:\Users\raphael\anaconda3\Lib\site-packages\urllib3\connectionpool.py:1099: InsecureRequestWarning: Unverified HTTPS request is being made to host 'serverest.dev'. Adding certificate verification is strongly advised. See: https://urllib3.readthedocs.io/en/latest/advanced-usage.html#tls-warnings
  warnings.warn(</msg>
<msg time="2025-10-03T14:38:14.728056" level="INFO">${resp} = &lt;Response [401]&gt;</msg>
<var>${resp}</var>
<arg>api</arg>
<arg>/login</arg>
<arg>json=${body}</arg>
<arg>expected_status=any</arg>
<doc>Sends a POST request on a previously created HTTP Session.</doc>
<status status="PASS" start="2025-10-03T14:38:14.515845" elapsed="0.212211"/>
</kw>
<return>
<value>${resp}</value>
<status status="PASS" start="2025-10-03T14:38:14.728056" elapsed="0.000000"/>
</return>
<msg time="2025-10-03T14:38:14.728056" level="INFO">${r} = &lt;Response [401]&gt;</msg>
<var>${r}</var>
<arg>invalido@test.com</arg>
<arg>senha</arg>
<status status="PASS" start="2025-10-03T14:38:14.515342" elapsed="0.212714"/>
</kw>
<kw name="Should Be Equal As Numbers" owner="BuiltIn">
<msg time="2025-10-03T14:38:14.728056" level="INFO">Argument types are:
&lt;class 'int'&gt;
&lt;class 'str'&gt;</msg>
<arg>${r.status_code}</arg>
<arg>${STATUS_401}</arg>
<doc>Fails if objects are unequal after converting them to real numbers.</doc>
<status status="PASS" start="2025-10-03T14:38:14.728056" elapsed="0.001514"/>
</kw>
<tag>login</tag>
<status status="PASS" start="2025-10-03T14:38:14.514346" elapsed="0.215224"/>
</test>
<test id="s1-t3" name="TC03 Listar Usuarios" line="22">
<kw name="Listar Usuarios" owner="keywords">
<kw name="GET On Session" owner="RequestsLibrary">
<msg time="2025-10-03T14:38:15.240277" level="INFO">GET Request : url=https://serverest.dev/usuarios 
 path_url=/usuarios 
 headers={'User-Agent': 'python-requests/2.32.3', 'Accept-Encoding': 'gzip, deflate, br, zstd', 'Accept': '*/*', 'Connection': 'keep-alive'} 
 body=None 
 </msg>
<msg time="2025-10-03T14:38:15.240277" level="INFO">GET Response : url=https://serverest.dev/usuarios 
 status=200, reason=OK 
 headers={'access-control-allow-origin': '*', 'x-dns-prefetch-control': 'off', 'x-frame-options': 'SAMEORIGIN', 'strict-transport-security': 'max-age=15552000; includeSubDomains', 'x-download-options': 'noopen', 'x-content-type-options': 'nosniff', 'x-xss-protection': '1; mode=block', 'content-type': 'application/json; charset=utf-8', 'x-cloud-trace-context': '7add4b5b2b40a73a9bfd9255906e7e4b', 'date': 'Fri, 03 Oct 2025 17:38:16 GMT', 'server': 'Google Frontend', 'Content-Length': '84831'} 
 body={
    "quantidade": 385,
    "usuarios": [
        {
            "nome": "Usuario Senha Curta",
            "email": "shortpass-mylxstai@qa.com",
            "password": "1234",
            "administrador": "false",
            "_id": "065DhAT0ZHJLsXBY"
        },
        {
            "nome": "Usuario Teste 1759511378",
            "email": "teste1759511378@qa.com",
            "password": "teste123",
            "administrador": "false",
            "_id": "0EjcDbEq2TyC6a8e"
        },
        {
            "nome": "Ana Carolina Azevedo",
            "email": "maria-luisa20@example.com",
            "password": "senha123",
            "administrador": "true",
            "_id": "0d063Nq9prOUMp0y"
        },
        {
            "nome": "Admin nsrrzofv",
            "email": "admin-nsrrzofv@qa.com",
            "password": "senhaforte",
            "administrador": "true",
            "_id": "0p9ZqkAZFkFwzDWj"
        },
        {
            "nome": "Usuário Teste",
            "email": "teste8378@teste.com",
            "password": "123",
            "administrador": "true",
            "_id": "0pOweM5Hiku1svfe"
        },
        {
            "nome": "Fulano ALTERADO b40k",
            "email": "usuarioi8gbe@qa.com.br",
            "password": "123456",
            "administrador": "true",
            "_id": "0uxuPY0cbmQhpEz1"
        },
        {
            "nome": "Isis Carvalho",
            "email": "meloenzo-gabriel@example.org",
            "password": "senha123",
            "administrador": "true",
            "_id": "0xLOLCBFoqqcnTpK"
        },
        {
            "nome": "Test User",
            "email": "carlos@exemplo.com",
            "password": "12345",
            "administrador": "false",
            "_id": "14bKUoVYhdHBXrhp"
        },
        {
            "nome": "Usuario Gmail",
            "email": "fail-yjjknlbi@gmail.com",
            "password": "senha123",
            "administrador": "false",
            "_id": "1PgK6j91uXdZ7DJU"
        },
        {
            "nome": "Usuario Gmail",
            "email": "fail-dfukkqbn@gmail.com",
            "password": "senha123",
            "administrador": "false",
            "_id": "1TIBZUdGMRLrOe09"
        },
        {
            "nome": "Fulano da Silva",
            "email": "ksdb@emailteste.com",
            "password": "1234",
            "administrador": "true",
            "_id": "1YXU4mEteGkWAUWs"
        },
        {
            "nome": "Usuário Teste",
            "email": "teste0323@teste.com",
            "password": "12345",
            "administrador": "true",
            "_id": "1il4Tb85YUUetf3J"
        },
        {
            "nome": "Usuário Teste",
            "email": "teste4472@teste.com",
            "password": "12345",
            "administrador": "true",
            "_id": "1rWYUpSAV3KMxemx"
        },
        {
            "nome": "Cypress User 1759493962312",
            "email": "Cypress_1759493962312@Cypress.com",
            "password": "123456",
            "administrador": "true",
            "_id": "1ritpWbv5qklmHmq"
        },
        {
            "nome": "Fulano da Silva",
            "email": "fyyy@emailteste.com",
            "password": "1234",
            "administrador": "true",
            "_id": "27dM7R0LAm1Z9cGw"
        },
        {
            "nome": "Antônio Moura",
            "email": "maria-sophiacunha@example.net",
            "password": "senha123",
            "administrador": "true",
            "_id": "2JypGp7siJqcCzHL"
        },
        {
            "nome": "Usuario Para Deletar",
            "email": "nvzffefm@qa.com",
            "password": "senhaforte",
            "administrador": "false",
            "_id": "2No1ruWUfM4m4GfI"
        },
        {
            "nome": "Joana Viana",
            "email": "ysiqueira@example.com",
            "password": "senha123",
            "administrador": "true",
            "_id": "2W9sRn4fHGRlVyuW"
        },
        {
            "nome": "Usuario Original",
            "email": "duplicado-digribev@qa.com",
            "password": "senha123",
            "administrador": "false",
            "_id": "2nXGomc5bwBlMeYu"
        },
        {
            "nome": "Fulano da Silva",
            "email": "yavt@emailteste.com",
            "password": "1234",
            "administrador": "true",
            "_id": "2rcxYzp77aFSBfRm"
        },
        {
            "nome": "Gustavo Rios",
            "email": "leonardo56@example.net",
            "password": "senha123",
            "administrador": "true",
            "_id": "2wJQtW5XVJwnrc0W"
        },
        {
            "nome": "Usuário Teste",
            "email": "teste5240@teste.com",
            "password": "12345",
            "administrador": "true",
            "_id": "2ztYXXNMO2v8VsXU"
        },
        {
            "nome": "Usuário Teste",
            "email": "teste6184@teste.com",
            "password": "12345",
            "administrador": "true",
            "_id": "3L9BfzDlx1wjaxwA"
        },
        {
            "nome": "Luiz Miguel Pacheco",
            "email": "da-rochanicolas@example.org",
            "password": "senha123",
            "administrador": "true",
            "_id": "3zM2YYN65vfXvTRg"
        },
        {
            "nome": "Camila Barros",
            "email": "mda-rosa@example.net",
            "password": "senha123",
            "administrador": "true",
            "_id": "44wg0jlqyaCTNf4U"
        },
        {
            "nome": "Usuário Teste",
            "email": "teste6450@teste.com",
            "password": "12345",
            "administrador": "true",
            "_id": "4A3GHkquZblYyu6g"
        },
        {
            "nome": "João Lucas Costela",
            "email": "laiscasa-grande@example.com",
            "password": "senha123",
            "administrador": "true",
            "_id": "4T11JblnEztHDKbu"
        },
        {
            "nome": "Giovanna Teixeira",
            "email": "inovais@example.org",
            "password": "senha123",
            "administrador": "true",
            "_id": "4co0ikZqD6uERbSf"
        },
        {
            "nome": "Cypress Admin 1759493948662",
            "email": "cypress_admin_1759493948662@cypress.com",
            "password": "123456",
            "administrador": "true",
            "_id": "4m9Un54fA126Qj4S"
        },
        {
            "nome": "Usuário Teste",
            "email": "teste1281@teste.com",
            "password": "12345",
            "administrador": "true",
            "_id": "4oVF3Ppgyi0Vh56I"
        },
        {
            "nome": "Maria Fernanda Sá",
            "email": "aragaovalentina@example.org",
            "password": "senha123",
            "administrador": "true",
            "_id": "57NlGGfNA5rgDpbU"
        },
        {
            "nome": "José Peixoto",
            "email": "aylacamara@example.com",
            "password": "senha123",
            "administrador": "true",
            "_id": "5G9fAEsNesUV0H0a"
        },
        {
            "nome": "Erick Castro",
            "email": "heloisa07@example.net",
            "password": "senha123",
            "administrador": "true",
            "_id": "5N7OjnzSVGUeA6va"
        },
        {
            "nome": "Usuario Para Deletar",
            "email": "anlkqsqy@qa.com",
            "password": "senhaforte",
            "administrador": "false",
            "_id": "5jUEeHGzVYDU3ljA"
        },
        {
            "nome": "Anthony Jesus",
            "email": "ramosbenjamin@example.org",
            "password": "senha123",
            "administrador": "true",
            "_id": "5ka9dPeEBkLNpMMc"
        },
        {
            "nome": "Rafael",
            "email": "rafael6@email.com",
            "password": "123456",
            "administrador": "false",
            "_id": "5mn1f2vZs2x9I9E8"
        },
        {
            "nome": "Cypress Admin 1759493949080",
            "email": "cypress_admin_1759493949080@cypress.com",
            "password": "123456",
            "administrador": "true",
            "_id": "5zJzeDKu2ksGQo7D"
        },
        {
            "nome": "Nome Atualizado",
            "email": "teste0876@teste.com",
            "password": "54321",
            "administrador": "true",
            "_id": "6KtI3AtUcdIfXorx"
        },
        {
            "nome": "Murilo Rios",
            "email": "sarah94@example.com",
            "password": "senha123",
            "administrador": "true",
            "_id": "6Q1sN4D8VahxIraM"
        },
        {
            "nome": "Fulano da Silva",
            "email": "opfo@emailteste.com",
            "password": "1234",
            "administrador": "true",
            "_id": "6S8eTGGQPy2wqIkF"
        },
        {
            "nome": "Admin lkmhobgj",
            "email": "admin-lkmhobgj@qa.com",
            "password": "senhaforte",
            "administrador": "true",
            "_id": "6ToKZVAjJYp1vcMS"
        },
        {
            "nome": "Sarah Oliveira",
            "email": "isabela72@example.com",
            "password": "senha123",
            "administrador": "true",
            "_id": "6TooYiAg6WOmNJdc"
        },
        {
            "nome": "Aylla Vieira",
            "email": "alexandrecorreia@example.org",
            "password": "senha123",
            "administrador": "true",
            "_id": "6VAGhehEbBqMsCmd"
        },
        {
            "nome": "Usuario Senha Longa",
            "email": "longpass-dfqfiotd@qa.com",
            "password": "12345678901",
            "administrador": "false",
            "_id": "6bYSrfrK7Z9TFIBK"
        },
        {
            "nome": "Rael Souza",
            "email": "kevinazevedo@example.org",
            "password": "senha123",
            "administrador": "true",
            "_id": "6ocPtQ7MiJ9OuAhy"
        },
        {
            "nome": "Nome Atualizado",
            "email": "teste6201@teste.com",
            "password": "54321",
            "admini... (set the log level to DEBUG or TRACE to see the full content) 
 </msg>
<msg time="2025-10-03T14:38:15.240277" level="INFO">C:\Users\raphael\anaconda3\Lib\site-packages\urllib3\connectionpool.py:1099: InsecureRequestWarning: Unverified HTTPS request is being made to host 'serverest.dev'. Adding certificate verification is strongly advised. See: https://urllib3.readthedocs.io/en/latest/advanced-usage.html#tls-warnings
  warnings.warn(</msg>
<msg time="2025-10-03T14:38:15.241278" level="INFO">${resp} = &lt;Response [200]&gt;</msg>
<var>${resp}</var>
<arg>api</arg>
<arg>/usuarios</arg>
<arg>expected_status=any</arg>
<doc>Sends a GET request on a previously created HTTP Session.</doc>
<status status="PASS" start="2025-10-03T14:38:14.730586" elapsed="0.510692"/>
</kw>
<return>
<value>${resp}</value>
<status status="PASS" start="2025-10-03T14:38:15.241278" elapsed="0.000000"/>
</return>
<msg time="2025-10-03T14:38:15.241278" level="INFO">${r} = &lt;Response [200]&gt;</msg>
<var>${r}</var>
<status status="PASS" start="2025-10-03T14:38:14.730586" elapsed="0.510692"/>
</kw>
<kw name="Should Be Equal As Numbers" owner="BuiltIn">
<msg time="2025-10-03T14:38:15.243265" level="INFO">Argument types are:
&lt;class 'int'&gt;
&lt;class 'str'&gt;</msg>
<arg>${r.status_code}</arg>
<arg>${STATUS_200}</arg>
<doc>Fails if objects are unequal after converting them to real numbers.</doc>
<status status="PASS" start="2025-10-03T14:38:15.242268" elapsed="0.000997"/>
</kw>
<tag>usuarios</tag>
<status status="PASS" start="2025-10-03T14:38:14.729570" elapsed="0.513695"/>
</test>
<test id="s1-t4" name="TC04 Cadastrar Usuario" line="28">
<kw name="Gerar Email" owner="keywords">
<kw name="Generate Random String" owner="String">
<msg time="2025-10-03T14:38:15.245050" level="INFO">${random} = lexcwojp</msg>
<var>${random}</var>
<arg>8</arg>
<arg>[LOWER]</arg>
<doc>Generates a string with a desired ``length`` from the given ``chars``.</doc>
<status status="PASS" start="2025-10-03T14:38:15.245050" elapsed="0.000000"/>
</kw>
<kw name="Set Variable" owner="BuiltIn">
<msg time="2025-10-03T14:38:15.245050" level="INFO">${email} = lexcwojp@qa.com.br</msg>
<var>${email}</var>
<arg>${random}@qa.com.br</arg>
<doc>Returns the given values which can then be assigned to a variables.</doc>
<status status="PASS" start="2025-10-03T14:38:15.245050" elapsed="0.000000"/>
</kw>
<return>
<value>${email}</value>
<status status="PASS" start="2025-10-03T14:38:15.245050" elapsed="0.000000"/>
</return>
<msg time="2025-10-03T14:38:15.245050" level="INFO">${email} = lexcwojp@qa.com.br</msg>
<var>${email}</var>
<status status="PASS" start="2025-10-03T14:38:15.244033" elapsed="0.001017"/>
</kw>
<kw name="Cadastrar Usuario" owner="keywords">
<kw name="Create Dictionary" owner="BuiltIn">
<msg time="2025-10-03T14:38:15.246067" level="INFO">&amp;{body} = { nome=Nome Teste | email=lexcwojp@qa.com.br | password=senha123 | administrador=true }</msg>
<var>&amp;{body}</var>
<arg>nome=${nome}</arg>
<arg>email=${email}</arg>
<arg>password=${password}</arg>
<arg>administrador=${admin}</arg>
<doc>Creates and returns a dictionary based on the given ``items``.</doc>
<status status="PASS" start="2025-10-03T14:38:15.246067" elapsed="0.000000"/>
</kw>
<kw name="POST On Session" owner="RequestsLibrary">
<msg time="2025-10-03T14:38:15.459332" level="INFO">POST Request : url=https://serverest.dev/usuarios 
 path_url=/usuarios 
 headers={'User-Agent': 'python-requests/2.32.3', 'Accept-Encoding': 'gzip, deflate, br, zstd', 'Accept': '*/*', 'Connection': 'keep-alive', 'Content-Length': '102', 'Content-Type': 'application/json'} 
 body=b'{"nome": "Nome Teste", "email": "lexcwojp@qa.com.br", "password": "senha123", "administrador": "true"}' 
 </msg>
<msg time="2025-10-03T14:38:15.459332" level="INFO">POST Response : url=https://serverest.dev/usuarios 
 status=201, reason=Created 
 headers={'access-control-allow-origin': '*', 'x-dns-prefetch-control': 'off', 'x-frame-options': 'SAMEORIGIN', 'strict-transport-security': 'max-age=15552000; includeSubDomains', 'x-download-options': 'noopen', 'x-content-type-options': 'nosniff', 'x-xss-protection': '1; mode=block', 'content-type': 'application/json; charset=utf-8', 'x-cloud-trace-context': '9e77938395b937299bfd9255906e7ca8', 'date': 'Fri, 03 Oct 2025 17:38:17 GMT', 'server': 'Google Frontend', 'Content-Length': '82'} 
 body={
    "message": "Cadastro realizado com sucesso",
    "_id": "zLWUAtNc6Zxn8Xwu"
} 
 </msg>
<msg time="2025-10-03T14:38:15.459332" level="INFO">C:\Users\raphael\anaconda3\Lib\site-packages\urllib3\connectionpool.py:1099: InsecureRequestWarning: Unverified HTTPS request is being made to host 'serverest.dev'. Adding certificate verification is strongly advised. See: https://urllib3.readthedocs.io/en/latest/advanced-usage.html#tls-warnings
  warnings.warn(</msg>
<msg time="2025-10-03T14:38:15.460324" level="INFO">${resp} = &lt;Response [201]&gt;</msg>
<var>${resp}</var>
<arg>api</arg>
<arg>/usuarios</arg>
<arg>json=${body}</arg>
<arg>expected_status=any</arg>
<doc>Sends a POST request on a previously created HTTP Session.</doc>
<status status="PASS" start="2025-10-03T14:38:15.247062" elapsed="0.213262"/>
</kw>
<return>
<value>${resp}</value>
<status status="PASS" start="2025-10-03T14:38:15.460324" elapsed="0.000000"/>
</return>
<msg time="2025-10-03T14:38:15.460324" level="INFO">${r} = &lt;Response [201]&gt;</msg>
<var>${r}</var>
<arg>Nome Teste</arg>
<arg>${email}</arg>
<arg>senha123</arg>
<arg>true</arg>
<status status="PASS" start="2025-10-03T14:38:15.246067" elapsed="0.214257"/>
</kw>
<kw name="Should Be Equal As Numbers" owner="BuiltIn">
<msg time="2025-10-03T14:38:15.462336" level="INFO">Argument types are:
&lt;class 'int'&gt;
&lt;class 'str'&gt;</msg>
<arg>${r.status_code}</arg>
<arg>${STATUS_201}</arg>
<doc>Fails if objects are unequal after converting them to real numbers.</doc>
<status status="PASS" start="2025-10-03T14:38:15.461321" elapsed="0.001015"/>
</kw>
<kw name="Set Variable" owner="BuiltIn">
<msg time="2025-10-03T14:38:15.463326" level="INFO">${id} = zLWUAtNc6Zxn8Xwu</msg>
<var>${id}</var>
<arg>${r.json()['_id']}</arg>
<doc>Returns the given values which can then be assigned to a variables.</doc>
<status status="PASS" start="2025-10-03T14:38:15.462336" elapsed="0.000990"/>
</kw>
<kw name="Deletar Usuario" owner="keywords">
<kw name="DELETE On Session" owner="RequestsLibrary">
<msg time="2025-10-03T14:38:15.692234" level="INFO">DELETE Request : url=https://serverest.dev/usuarios/zLWUAtNc6Zxn8Xwu 
 path_url=/usuarios/zLWUAtNc6Zxn8Xwu 
 headers={'User-Agent': 'python-requests/2.32.3', 'Accept-Encoding': 'gzip, deflate, br, zstd', 'Accept': '*/*', 'Connection': 'keep-alive', 'Content-Length': '0'} 
 body=None 
 </msg>
<msg time="2025-10-03T14:38:15.692234" level="INFO">DELETE Response : url=https://serverest.dev/usuarios/zLWUAtNc6Zxn8Xwu 
 status=200, reason=OK 
 headers={'access-control-allow-origin': '*', 'x-dns-prefetch-control': 'off', 'x-frame-options': 'SAMEORIGIN', 'strict-transport-security': 'max-age=15552000; includeSubDomains', 'x-download-options': 'noopen', 'x-content-type-options': 'nosniff', 'x-xss-protection': '1; mode=block', 'content-type': 'application/json; charset=utf-8', 'x-cloud-trace-context': '28fdcb1561e4df649bfd9255906e7abb', 'date': 'Fri, 03 Oct 2025 17:38:17 GMT', 'server': 'Google Frontend', 'Content-Length': '51'} 
 body={
    "message": "Registro excluído com sucesso"
} 
 </msg>
<msg time="2025-10-03T14:38:15.692234" level="INFO">C:\Users\raphael\anaconda3\Lib\site-packages\urllib3\connectionpool.py:1099: InsecureRequestWarning: Unverified HTTPS request is being made to host 'serverest.dev'. Adding certificate verification is strongly advised. See: https://urllib3.readthedocs.io/en/latest/advanced-usage.html#tls-warnings
  warnings.warn(</msg>
<msg time="2025-10-03T14:38:15.693232" level="INFO">${resp} = &lt;Response [200]&gt;</msg>
<var>${resp}</var>
<arg>api</arg>
<arg>/usuarios/${id}</arg>
<arg>expected_status=any</arg>
<doc>Sends a DELETE request on a previously created HTTP Session.</doc>
<status status="PASS" start="2025-10-03T14:38:15.464320" elapsed="0.228912"/>
</kw>
<return>
<value>${resp}</value>
<status status="PASS" start="2025-10-03T14:38:15.693232" elapsed="0.000000"/>
</return>
<arg>${id}</arg>
<status status="PASS" start="2025-10-03T14:38:15.463326" elapsed="0.229906"/>
</kw>
<tag>usuarios</tag>
<status status="PASS" start="2025-10-03T14:38:15.244033" elapsed="0.449199"/>
</test>
<test id="s1-t5" name="TC05 Cadastrar Usuario Email Duplicado" line="36">
<kw name="Gerar Email" owner="keywords">
<kw name="Generate Random String" owner="String">
<msg time="2025-10-03T14:38:15.695745" level="INFO">${random} = fudzaqem</msg>
<var>${random}</var>
<arg>8</arg>
<arg>[LOWER]</arg>
<doc>Generates a string with a desired ``length`` from the given ``chars``.</doc>
<status status="PASS" start="2025-10-03T14:38:15.695745" elapsed="0.000000"/>
</kw>
<kw name="Set Variable" owner="BuiltIn">
<msg time="2025-10-03T14:38:15.695745" level="INFO">${email} = fudzaqem@qa.com.br</msg>
<var>${email}</var>
<arg>${random}@qa.com.br</arg>
<doc>Returns the given values which can then be assigned to a variables.</doc>
<status status="PASS" start="2025-10-03T14:38:15.695745" elapsed="0.000000"/>
</kw>
<return>
<value>${email}</value>
<status status="PASS" start="2025-10-03T14:38:15.695745" elapsed="0.000000"/>
</return>
<msg time="2025-10-03T14:38:15.696752" level="INFO">${email} = fudzaqem@qa.com.br</msg>
<var>${email}</var>
<status status="PASS" start="2025-10-03T14:38:15.695237" elapsed="0.001515"/>
</kw>
<kw name="Cadastrar Usuario" owner="keywords">
<kw name="Create Dictionary" owner="BuiltIn">
<msg time="2025-10-03T14:38:15.697750" level="INFO">&amp;{body} = { nome=Nome | email=fudzaqem@qa.com.br | password=senha | administrador=false }</msg>
<var>&amp;{body}</var>
<arg>nome=${nome}</arg>
<arg>email=${email}</arg>
<arg>password=${password}</arg>
<arg>administrador=${admin}</arg>
<doc>Creates and returns a dictionary based on the given ``items``.</doc>
<status status="PASS" start="2025-10-03T14:38:15.696752" elapsed="0.000998"/>
</kw>
<kw name="POST On Session" owner="RequestsLibrary">
<msg time="2025-10-03T14:38:15.909400" level="INFO">POST Request : url=https://serverest.dev/usuarios 
 path_url=/usuarios 
 headers={'User-Agent': 'python-requests/2.32.3', 'Accept-Encoding': 'gzip, deflate, br, zstd', 'Accept': '*/*', 'Connection': 'keep-alive', 'Content-Length': '94', 'Content-Type': 'application/json'} 
 body=b'{"nome": "Nome", "email": "fudzaqem@qa.com.br", "password": "senha", "administrador": "false"}' 
 </msg>
<msg time="2025-10-03T14:38:15.909400" level="INFO">POST Response : url=https://serverest.dev/usuarios 
 status=201, reason=Created 
 headers={'access-control-allow-origin': '*', 'x-dns-prefetch-control': 'off', 'x-frame-options': 'SAMEORIGIN', 'strict-transport-security': 'max-age=15552000; includeSubDomains', 'x-download-options': 'noopen', 'x-content-type-options': 'nosniff', 'x-xss-protection': '1; mode=block', 'content-type': 'application/json; charset=utf-8', 'x-cloud-trace-context': '0d6abc62954ce22e9bfd9255906e7ad6', 'date': 'Fri, 03 Oct 2025 17:38:17 GMT', 'server': 'Google Frontend', 'Content-Length': '82'} 
 body={
    "message": "Cadastro realizado com sucesso",
    "_id": "WIQrQNyQDZNkjm3h"
} 
 </msg>
<msg time="2025-10-03T14:38:15.909400" level="INFO">C:\Users\raphael\anaconda3\Lib\site-packages\urllib3\connectionpool.py:1099: InsecureRequestWarning: Unverified HTTPS request is being made to host 'serverest.dev'. Adding certificate verification is strongly advised. See: https://urllib3.readthedocs.io/en/latest/advanced-usage.html#tls-warnings
  warnings.warn(</msg>
<msg time="2025-10-03T14:38:15.909400" level="INFO">${resp} = &lt;Response [201]&gt;</msg>
<var>${resp}</var>
<arg>api</arg>
<arg>/usuarios</arg>
<arg>json=${body}</arg>
<arg>expected_status=any</arg>
<doc>Sends a POST request on a previously created HTTP Session.</doc>
<status status="PASS" start="2025-10-03T14:38:15.697750" elapsed="0.211650"/>
</kw>
<return>
<value>${resp}</value>
<status status="PASS" start="2025-10-03T14:38:15.910418" elapsed="0.000000"/>
</return>
<msg time="2025-10-03T14:38:15.910418" level="INFO">${r1} = &lt;Response [201]&gt;</msg>
<var>${r1}</var>
<arg>Nome</arg>
<arg>${email}</arg>
<arg>senha</arg>
<arg>false</arg>
<status status="PASS" start="2025-10-03T14:38:15.696752" elapsed="0.213666"/>
</kw>
<kw name="Cadastrar Usuario" owner="keywords">
<kw name="Create Dictionary" owner="BuiltIn">
<msg time="2025-10-03T14:38:15.911435" level="INFO">&amp;{body} = { nome=Nome | email=fudzaqem@qa.com.br | password=senha | administrador=false }</msg>
<var>&amp;{body}</var>
<arg>nome=${nome}</arg>
<arg>email=${email}</arg>
<arg>password=${password}</arg>
<arg>administrador=${admin}</arg>
<doc>Creates and returns a dictionary based on the given ``items``.</doc>
<status status="PASS" start="2025-10-03T14:38:15.911435" elapsed="0.000000"/>
</kw>
<kw name="POST On Session" owner="RequestsLibrary">
<msg time="2025-10-03T14:38:16.151561" level="INFO">POST Request : url=https://serverest.dev/usuarios 
 path_url=/usuarios 
 headers={'User-Agent': 'python-requests/2.32.3', 'Accept-Encoding': 'gzip, deflate, br, zstd', 'Accept': '*/*', 'Connection': 'keep-alive', 'Content-Length': '94', 'Content-Type': 'application/json'} 
 body=b'{"nome": "Nome", "email": "fudzaqem@qa.com.br", "password": "senha", "administrador": "false"}' 
 </msg>
<msg time="2025-10-03T14:38:16.151561" level="INFO">POST Response : url=https://serverest.dev/usuarios 
 status=400, reason=Bad Request 
 headers={'access-control-allow-origin': '*', 'x-dns-prefetch-control': 'off', 'x-frame-options': 'SAMEORIGIN', 'strict-transport-security': 'max-age=15552000; includeSubDomains', 'x-download-options': 'noopen', 'x-content-type-options': 'nosniff', 'x-xss-protection': '1; mode=block', 'content-type': 'application/json; charset=utf-8', 'x-cloud-trace-context': '6368865abb312b4e9bfd9255906e76a8', 'date': 'Fri, 03 Oct 2025 17:38:17 GMT', 'server': 'Google Frontend', 'Content-Length': '53'} 
 body={
    "message": "Este email já está sendo usado"
} 
 </msg>
<msg time="2025-10-03T14:38:16.151561" level="INFO">C:\Users\raphael\anaconda3\Lib\site-packages\urllib3\connectionpool.py:1099: InsecureRequestWarning: Unverified HTTPS request is being made to host 'serverest.dev'. Adding certificate verification is strongly advised. See: https://urllib3.readthedocs.io/en/latest/advanced-usage.html#tls-warnings
  warnings.warn(</msg>
<msg time="2025-10-03T14:38:16.151561" level="INFO">${resp} = &lt;Response [400]&gt;</msg>
<var>${resp}</var>
<arg>api</arg>
<arg>/usuarios</arg>
<arg>json=${body}</arg>
<arg>expected_status=any</arg>
<doc>Sends a POST request on a previously created HTTP Session.</doc>
<status status="PASS" start="2025-10-03T14:38:15.911435" elapsed="0.240126"/>
</kw>
<return>
<value>${resp}</value>
<status status="PASS" start="2025-10-03T14:38:16.153065" elapsed="0.000000"/>
</return>
<msg time="2025-10-03T14:38:16.153065" level="INFO">${r2} = &lt;Response [400]&gt;</msg>
<var>${r2}</var>
<arg>Nome</arg>
<arg>${email}</arg>
<arg>senha</arg>
<arg>false</arg>
<status status="PASS" start="2025-10-03T14:38:15.910418" elapsed="0.242647"/>
</kw>
<kw name="Should Be Equal As Numbers" owner="BuiltIn">
<msg time="2025-10-03T14:38:16.154081" level="INFO">Argument types are:
&lt;class 'int'&gt;
&lt;class 'str'&gt;</msg>
<arg>${r2.status_code}</arg>
<arg>${STATUS_400}</arg>
<doc>Fails if objects are unequal after converting them to real numbers.</doc>
<status status="PASS" start="2025-10-03T14:38:16.153065" elapsed="0.001016"/>
</kw>
<kw name="Deletar Usuario" owner="keywords">
<kw name="DELETE On Session" owner="RequestsLibrary">
<msg time="2025-10-03T14:38:16.383527" level="INFO">DELETE Request : url=https://serverest.dev/usuarios/WIQrQNyQDZNkjm3h 
 path_url=/usuarios/WIQrQNyQDZNkjm3h 
 headers={'User-Agent': 'python-requests/2.32.3', 'Accept-Encoding': 'gzip, deflate, br, zstd', 'Accept': '*/*', 'Connection': 'keep-alive', 'Content-Length': '0'} 
 body=None 
 </msg>
<msg time="2025-10-03T14:38:16.383527" level="INFO">DELETE Response : url=https://serverest.dev/usuarios/WIQrQNyQDZNkjm3h 
 status=200, reason=OK 
 headers={'access-control-allow-origin': '*', 'x-dns-prefetch-control': 'off', 'x-frame-options': 'SAMEORIGIN', 'strict-transport-security': 'max-age=15552000; includeSubDomains', 'x-download-options': 'noopen', 'x-content-type-options': 'nosniff', 'x-xss-protection': '1; mode=block', 'content-type': 'application/json; charset=utf-8', 'x-cloud-trace-context': 'ec59a4e10bf721d89bfd9255906e734a', 'date': 'Fri, 03 Oct 2025 17:38:18 GMT', 'server': 'Google Frontend', 'Content-Length': '51'} 
 body={
    "message": "Registro excluído com sucesso"
} 
 </msg>
<msg time="2025-10-03T14:38:16.383527" level="INFO">C:\Users\raphael\anaconda3\Lib\site-packages\urllib3\connectionpool.py:1099: InsecureRequestWarning: Unverified HTTPS request is being made to host 'serverest.dev'. Adding certificate verification is strongly advised. See: https://urllib3.readthedocs.io/en/latest/advanced-usage.html#tls-warnings
  warnings.warn(</msg>
<msg time="2025-10-03T14:38:16.385039" level="INFO">${resp} = &lt;Response [200]&gt;</msg>
<var>${resp}</var>
<arg>api</arg>
<arg>/usuarios/${id}</arg>
<arg>expected_status=any</arg>
<doc>Sends a DELETE request on a previously created HTTP Session.</doc>
<status status="PASS" start="2025-10-03T14:38:16.155078" elapsed="0.229961"/>
</kw>
<return>
<value>${resp}</value>
<status status="PASS" start="2025-10-03T14:38:16.385039" elapsed="0.000000"/>
</return>
<arg>${r1.json()['_id']}</arg>
<status status="PASS" start="2025-10-03T14:38:16.154081" elapsed="0.230958"/>
</kw>
<tag>usuarios</tag>
<status status="PASS" start="2025-10-03T14:38:15.694239" elapsed="0.691812"/>
</test>
<test id="s1-t6" name="TC06 Buscar Usuario Por ID" line="45">
<kw name="Gerar Email" owner="keywords">
<kw name="Generate Random String" owner="String">
<msg time="2025-10-03T14:38:16.388058" level="INFO">${random} = zftqkmhl</msg>
<var>${random}</var>
<arg>8</arg>
<arg>[LOWER]</arg>
<doc>Generates a string with a desired ``length`` from the given ``chars``.</doc>
<status status="PASS" start="2025-10-03T14:38:16.388058" elapsed="0.000000"/>
</kw>
<kw name="Set Variable" owner="BuiltIn">
<msg time="2025-10-03T14:38:16.388058" level="INFO">${email} = zftqkmhl@qa.com.br</msg>
<var>${email}</var>
<arg>${random}@qa.com.br</arg>
<doc>Returns the given values which can then be assigned to a variables.</doc>
<status status="PASS" start="2025-10-03T14:38:16.388058" elapsed="0.000000"/>
</kw>
<return>
<value>${email}</value>
<status status="PASS" start="2025-10-03T14:38:16.388058" elapsed="0.000000"/>
</return>
<msg time="2025-10-03T14:38:16.388058" level="INFO">${email} = zftqkmhl@qa.com.br</msg>
<var>${email}</var>
<status status="PASS" start="2025-10-03T14:38:16.387049" elapsed="0.001009"/>
</kw>
<kw name="Cadastrar Usuario" owner="keywords">
<kw name="Create Dictionary" owner="BuiltIn">
<msg time="2025-10-03T14:38:16.389575" level="INFO">&amp;{body} = { nome=Nome | email=zftqkmhl@qa.com.br | password=senha | administrador=true }</msg>
<var>&amp;{body}</var>
<arg>nome=${nome}</arg>
<arg>email=${email}</arg>
<arg>password=${password}</arg>
<arg>administrador=${admin}</arg>
<doc>Creates and returns a dictionary based on the given ``items``.</doc>
<status status="PASS" start="2025-10-03T14:38:16.389575" elapsed="0.000000"/>
</kw>
<kw name="POST On Session" owner="RequestsLibrary">
<msg time="2025-10-03T14:38:16.601473" level="INFO">POST Request : url=https://serverest.dev/usuarios 
 path_url=/usuarios 
 headers={'User-Agent': 'python-requests/2.32.3', 'Accept-Encoding': 'gzip, deflate, br, zstd', 'Accept': '*/*', 'Connection': 'keep-alive', 'Content-Length': '93', 'Content-Type': 'application/json'} 
 body=b'{"nome": "Nome", "email": "zftqkmhl@qa.com.br", "password": "senha", "administrador": "true"}' 
 </msg>
<msg time="2025-10-03T14:38:16.602473" level="INFO">POST Response : url=https://serverest.dev/usuarios 
 status=201, reason=Created 
 headers={'access-control-allow-origin': '*', 'x-dns-prefetch-control': 'off', 'x-frame-options': 'SAMEORIGIN', 'strict-transport-security': 'max-age=15552000; includeSubDomains', 'x-download-options': 'noopen', 'x-content-type-options': 'nosniff', 'x-xss-protection': '1; mode=block', 'content-type': 'application/json; charset=utf-8', 'x-cloud-trace-context': 'bffa6ff572ab5b0f9bfd9255906e74d6', 'date': 'Fri, 03 Oct 2025 17:38:18 GMT', 'server': 'Google Frontend', 'Content-Length': '82'} 
 body={
    "message": "Cadastro realizado com sucesso",
    "_id": "kLg2EstUc3mf93cL"
} 
 </msg>
<msg time="2025-10-03T14:38:16.602473" level="INFO">C:\Users\raphael\anaconda3\Lib\site-packages\urllib3\connectionpool.py:1099: InsecureRequestWarning: Unverified HTTPS request is being made to host 'serverest.dev'. Adding certificate verification is strongly advised. See: https://urllib3.readthedocs.io/en/latest/advanced-usage.html#tls-warnings
  warnings.warn(</msg>
<msg time="2025-10-03T14:38:16.602737" level="INFO">${resp} = &lt;Response [201]&gt;</msg>
<var>${resp}</var>
<arg>api</arg>
<arg>/usuarios</arg>
<arg>json=${body}</arg>
<arg>expected_status=any</arg>
<doc>Sends a POST request on a previously created HTTP Session.</doc>
<status status="PASS" start="2025-10-03T14:38:16.389575" elapsed="0.213162"/>
</kw>
<return>
<value>${resp}</value>
<status status="PASS" start="2025-10-03T14:38:16.602737" elapsed="0.000000"/>
</return>
<msg time="2025-10-03T14:38:16.602737" level="INFO">${r1} = &lt;Response [201]&gt;</msg>
<var>${r1}</var>
<arg>Nome</arg>
<arg>${email}</arg>
<arg>senha</arg>
<arg>true</arg>
<status status="PASS" start="2025-10-03T14:38:16.389575" elapsed="0.213162"/>
</kw>
<kw name="Set Variable" owner="BuiltIn">
<msg time="2025-10-03T14:38:16.603964" level="INFO">${id} = kLg2EstUc3mf93cL</msg>
<var>${id}</var>
<arg>${r1.json()['_id']}</arg>
<doc>Returns the given values which can then be assigned to a variables.</doc>
<status status="PASS" start="2025-10-03T14:38:16.603964" elapsed="0.000000"/>
</kw>
<kw name="Buscar Usuario" owner="keywords">
<kw name="GET On Session" owner="RequestsLibrary">
<msg time="2025-10-03T14:38:16.814331" level="INFO">GET Request : url=https://serverest.dev/usuarios/kLg2EstUc3mf93cL 
 path_url=/usuarios/kLg2EstUc3mf93cL 
 headers={'User-Agent': 'python-requests/2.32.3', 'Accept-Encoding': 'gzip, deflate, br, zstd', 'Accept': '*/*', 'Connection': 'keep-alive'} 
 body=None 
 </msg>
<msg time="2025-10-03T14:38:16.814331" level="INFO">GET Response : url=https://serverest.dev/usuarios/kLg2EstUc3mf93cL 
 status=200, reason=OK 
 headers={'access-control-allow-origin': '*', 'x-dns-prefetch-control': 'off', 'x-frame-options': 'SAMEORIGIN', 'strict-transport-security': 'max-age=15552000; includeSubDomains', 'x-download-options': 'noopen', 'x-content-type-options': 'nosniff', 'x-xss-protection': '1; mode=block', 'content-type': 'application/json; charset=utf-8', 'x-cloud-trace-context': 'adf2aa325a8698619bfd9255906e79e5', 'date': 'Fri, 03 Oct 2025 17:38:18 GMT', 'server': 'Google Frontend', 'Content-Length': '142'} 
 body={
    "nome": "Nome",
    "email": "zftqkmhl@qa.com.br",
    "password": "senha",
    "administrador": "true",
    "_id": "kLg2EstUc3mf93cL"
} 
 </msg>
<msg time="2025-10-03T14:38:16.814331" level="INFO">C:\Users\raphael\anaconda3\Lib\site-packages\urllib3\connectionpool.py:1099: InsecureRequestWarning: Unverified HTTPS request is being made to host 'serverest.dev'. Adding certificate verification is strongly advised. See: https://urllib3.readthedocs.io/en/latest/advanced-usage.html#tls-warnings
  warnings.warn(</msg>
<msg time="2025-10-03T14:38:16.814331" level="INFO">${resp} = &lt;Response [200]&gt;</msg>
<var>${resp}</var>
<arg>api</arg>
<arg>/usuarios/${id}</arg>
<arg>expected_status=any</arg>
<doc>Sends a GET request on a previously created HTTP Session.</doc>
<status status="PASS" start="2025-10-03T14:38:16.603964" elapsed="0.211361"/>
</kw>
<return>
<value>${resp}</value>
<status status="PASS" start="2025-10-03T14:38:16.815325" elapsed="0.000000"/>
</return>
<msg time="2025-10-03T14:38:16.815325" level="INFO">${r2} = &lt;Response [200]&gt;</msg>
<var>${r2}</var>
<arg>${id}</arg>
<status status="PASS" start="2025-10-03T14:38:16.603964" elapsed="0.211361"/>
</kw>
<kw name="Should Be Equal As Numbers" owner="BuiltIn">
<msg time="2025-10-03T14:38:16.816585" level="INFO">Argument types are:
&lt;class 'int'&gt;
&lt;class 'str'&gt;</msg>
<arg>${r2.status_code}</arg>
<arg>${STATUS_200}</arg>
<doc>Fails if objects are unequal after converting them to real numbers.</doc>
<status status="PASS" start="2025-10-03T14:38:16.815325" elapsed="0.001260"/>
</kw>
<kw name="Deletar Usuario" owner="keywords">
<kw name="DELETE On Session" owner="RequestsLibrary">
<msg time="2025-10-03T14:38:17.027790" level="INFO">DELETE Request : url=https://serverest.dev/usuarios/kLg2EstUc3mf93cL 
 path_url=/usuarios/kLg2EstUc3mf93cL 
 headers={'User-Agent': 'python-requests/2.32.3', 'Accept-Encoding': 'gzip, deflate, br, zstd', 'Accept': '*/*', 'Connection': 'keep-alive', 'Content-Length': '0'} 
 body=None 
 </msg>
<msg time="2025-10-03T14:38:17.027790" level="INFO">DELETE Response : url=https://serverest.dev/usuarios/kLg2EstUc3mf93cL 
 status=200, reason=OK 
 headers={'access-control-allow-origin': '*', 'x-dns-prefetch-control': 'off', 'x-frame-options': 'SAMEORIGIN', 'strict-transport-security': 'max-age=15552000; includeSubDomains', 'x-download-options': 'noopen', 'x-content-type-options': 'nosniff', 'x-xss-protection': '1; mode=block', 'content-type': 'application/json; charset=utf-8', 'x-cloud-trace-context': '9b007dd72384891b9bfd9255906e7376', 'date': 'Fri, 03 Oct 2025 17:38:18 GMT', 'server': 'Google Frontend', 'Content-Length': '51'} 
 body={
    "message": "Registro excluído com sucesso"
} 
 </msg>
<msg time="2025-10-03T14:38:17.027790" level="INFO">C:\Users\raphael\anaconda3\Lib\site-packages\urllib3\connectionpool.py:1099: InsecureRequestWarning: Unverified HTTPS request is being made to host 'serverest.dev'. Adding certificate verification is strongly advised. See: https://urllib3.readthedocs.io/en/latest/advanced-usage.html#tls-warnings
  warnings.warn(</msg>
<msg time="2025-10-03T14:38:17.027790" level="INFO">${resp} = &lt;Response [200]&gt;</msg>
<var>${resp}</var>
<arg>api</arg>
<arg>/usuarios/${id}</arg>
<arg>expected_status=any</arg>
<doc>Sends a DELETE request on a previously created HTTP Session.</doc>
<status status="PASS" start="2025-10-03T14:38:16.817585" elapsed="0.210205"/>
</kw>
<return>
<value>${resp}</value>
<status status="PASS" start="2025-10-03T14:38:17.027790" elapsed="0.000000"/>
</return>
<arg>${id}</arg>
<status status="PASS" start="2025-10-03T14:38:16.817585" elapsed="0.211771"/>
</kw>
<tag>usuarios</tag>
<status status="PASS" start="2025-10-03T14:38:16.387049" elapsed="0.642307"/>
</test>
<test id="s1-t7" name="TC07 Buscar Usuario ID Inexistente" line="54">
<kw name="Buscar Usuario" owner="keywords">
<kw name="GET On Session" owner="RequestsLibrary">
<msg time="2025-10-03T14:38:17.243426" level="INFO">GET Request : url=https://serverest.dev/usuarios/IDinvalido123 
 path_url=/usuarios/IDinvalido123 
 headers={'User-Agent': 'python-requests/2.32.3', 'Accept-Encoding': 'gzip, deflate, br, zstd', 'Accept': '*/*', 'Connection': 'keep-alive'} 
 body=None 
 </msg>
<msg time="2025-10-03T14:38:17.243426" level="INFO">GET Response : url=https://serverest.dev/usuarios/IDinvalido123 
 status=400, reason=Bad Request 
 headers={'access-control-allow-origin': '*', 'x-dns-prefetch-control': 'off', 'x-frame-options': 'SAMEORIGIN', 'strict-transport-security': 'max-age=15552000; includeSubDomains', 'x-download-options': 'noopen', 'x-content-type-options': 'nosniff', 'x-xss-protection': '1; mode=block', 'content-type': 'application/json; charset=utf-8', 'x-cloud-trace-context': 'eefbc16db2b2acda9bfd9255906e79bd', 'date': 'Fri, 03 Oct 2025 17:38:18 GMT', 'server': 'Google Frontend', 'Content-Length': '67'} 
 body={
    "id": "id deve ter exatamente 16 caracteres alfanuméricos"
} 
 </msg>
<msg time="2025-10-03T14:38:17.244432" level="INFO">C:\Users\raphael\anaconda3\Lib\site-packages\urllib3\connectionpool.py:1099: InsecureRequestWarning: Unverified HTTPS request is being made to host 'serverest.dev'. Adding certificate verification is strongly advised. See: https://urllib3.readthedocs.io/en/latest/advanced-usage.html#tls-warnings
  warnings.warn(</msg>
<msg time="2025-10-03T14:38:17.244432" level="INFO">${resp} = &lt;Response [400]&gt;</msg>
<var>${resp}</var>
<arg>api</arg>
<arg>/usuarios/${id}</arg>
<arg>expected_status=any</arg>
<doc>Sends a GET request on a previously created HTTP Session.</doc>
<status status="PASS" start="2025-10-03T14:38:17.031174" elapsed="0.213258"/>
</kw>
<return>
<value>${resp}</value>
<status status="PASS" start="2025-10-03T14:38:17.244432" elapsed="0.000000"/>
</return>
<msg time="2025-10-03T14:38:17.244432" level="INFO">${r} = &lt;Response [400]&gt;</msg>
<var>${r}</var>
<arg>IDinvalido123</arg>
<status status="PASS" start="2025-10-03T14:38:17.031174" elapsed="0.213258"/>
</kw>
<kw name="Should Be Equal As Numbers" owner="BuiltIn">
<msg time="2025-10-03T14:38:17.245943" level="INFO">Argument types are:
&lt;class 'int'&gt;
&lt;class 'str'&gt;</msg>
<arg>${r.status_code}</arg>
<arg>${STATUS_400}</arg>
<doc>Fails if objects are unequal after converting them to real numbers.</doc>
<status status="PASS" start="2025-10-03T14:38:17.245425" elapsed="0.000518"/>
</kw>
<tag>usuarios</tag>
<status status="PASS" start="2025-10-03T14:38:17.030153" elapsed="0.215790"/>
</test>
<test id="s1-t8" name="TC08 Atualizar Usuario" line="60">
<kw name="Gerar Email" owner="keywords">
<kw name="Generate Random String" owner="String">
<msg time="2025-10-03T14:38:17.247953" level="INFO">${random} = wycrvqpe</msg>
<var>${random}</var>
<arg>8</arg>
<arg>[LOWER]</arg>
<doc>Generates a string with a desired ``length`` from the given ``chars``.</doc>
<status status="PASS" start="2025-10-03T14:38:17.247953" elapsed="0.000000"/>
</kw>
<kw name="Set Variable" owner="BuiltIn">
<msg time="2025-10-03T14:38:17.247953" level="INFO">${email} = wycrvqpe@qa.com.br</msg>
<var>${email}</var>
<arg>${random}@qa.com.br</arg>
<doc>Returns the given values which can then be assigned to a variables.</doc>
<status status="PASS" start="2025-10-03T14:38:17.247953" elapsed="0.000000"/>
</kw>
<return>
<value>${email}</value>
<status status="PASS" start="2025-10-03T14:38:17.247953" elapsed="0.000000"/>
</return>
<msg time="2025-10-03T14:38:17.247953" level="INFO">${email} = wycrvqpe@qa.com.br</msg>
<var>${email}</var>
<status status="PASS" start="2025-10-03T14:38:17.246952" elapsed="0.001001"/>
</kw>
<kw name="Cadastrar Usuario" owner="keywords">
<kw name="Create Dictionary" owner="BuiltIn">
<msg time="2025-10-03T14:38:17.249462" level="INFO">&amp;{body} = { nome=Nome | email=wycrvqpe@qa.com.br | password=senha | administrador=true }</msg>
<var>&amp;{body}</var>
<arg>nome=${nome}</arg>
<arg>email=${email}</arg>
<arg>password=${password}</arg>
<arg>administrador=${admin}</arg>
<doc>Creates and returns a dictionary based on the given ``items``.</doc>
<status status="PASS" start="2025-10-03T14:38:17.249462" elapsed="0.000000"/>
</kw>
<kw name="POST On Session" owner="RequestsLibrary">
<msg time="2025-10-03T14:38:17.461668" level="INFO">POST Request : url=https://serverest.dev/usuarios 
 path_url=/usuarios 
 headers={'User-Agent': 'python-requests/2.32.3', 'Accept-Encoding': 'gzip, deflate, br, zstd', 'Accept': '*/*', 'Connection': 'keep-alive', 'Content-Length': '93', 'Content-Type': 'application/json'} 
 body=b'{"nome": "Nome", "email": "wycrvqpe@qa.com.br", "password": "senha", "administrador": "true"}' 
 </msg>
<msg time="2025-10-03T14:38:17.461668" level="INFO">POST Response : url=https://serverest.dev/usuarios 
 status=201, reason=Created 
 headers={'access-control-allow-origin': '*', 'x-dns-prefetch-control': 'off', 'x-frame-options': 'SAMEORIGIN', 'strict-transport-security': 'max-age=15552000; includeSubDomains', 'x-download-options': 'noopen', 'x-content-type-options': 'nosniff', 'x-xss-protection': '1; mode=block', 'content-type': 'application/json; charset=utf-8', 'x-cloud-trace-context': '6a74db63baab0aac9bfd9255906e758f', 'date': 'Fri, 03 Oct 2025 17:38:19 GMT', 'server': 'Google Frontend', 'Content-Length': '82'} 
 body={
    "message": "Cadastro realizado com sucesso",
    "_id": "P0avbvQX2cSH13oz"
} 
 </msg>
<msg time="2025-10-03T14:38:17.461668" level="INFO">C:\Users\raphael\anaconda3\Lib\site-packages\urllib3\connectionpool.py:1099: InsecureRequestWarning: Unverified HTTPS request is being made to host 'serverest.dev'. Adding certificate verification is strongly advised. See: https://urllib3.readthedocs.io/en/latest/advanced-usage.html#tls-warnings
  warnings.warn(</msg>
<msg time="2025-10-03T14:38:17.461668" level="INFO">${resp} = &lt;Response [201]&gt;</msg>
<var>${resp}</var>
<arg>api</arg>
<arg>/usuarios</arg>
<arg>json=${body}</arg>
<arg>expected_status=any</arg>
<doc>Sends a POST request on a previously created HTTP Session.</doc>
<status status="PASS" start="2025-10-03T14:38:17.249462" elapsed="0.212206"/>
</kw>
<return>
<value>${resp}</value>
<status status="PASS" start="2025-10-03T14:38:17.461668" elapsed="0.000000"/>
</return>
<msg time="2025-10-03T14:38:17.461668" level="INFO">${r1} = &lt;Response [201]&gt;</msg>
<var>${r1}</var>
<arg>Nome</arg>
<arg>${email}</arg>
<arg>senha</arg>
<arg>true</arg>
<status status="PASS" start="2025-10-03T14:38:17.249462" elapsed="0.212206"/>
</kw>
<kw name="Set Variable" owner="BuiltIn">
<msg time="2025-10-03T14:38:17.463190" level="INFO">${id} = P0avbvQX2cSH13oz</msg>
<var>${id}</var>
<arg>${r1.json()['_id']}</arg>
<doc>Returns the given values which can then be assigned to a variables.</doc>
<status status="PASS" start="2025-10-03T14:38:17.463190" elapsed="0.000000"/>
</kw>
<kw name="Gerar Email" owner="keywords">
<kw name="Generate Random String" owner="String">
<msg time="2025-10-03T14:38:17.464700" level="INFO">${random} = llpkqdru</msg>
<var>${random}</var>
<arg>8</arg>
<arg>[LOWER]</arg>
<doc>Generates a string with a desired ``length`` from the given ``chars``.</doc>
<status status="PASS" start="2025-10-03T14:38:17.463190" elapsed="0.001510"/>
</kw>
<kw name="Set Variable" owner="BuiltIn">
<msg time="2025-10-03T14:38:17.464700" level="INFO">${email} = llpkqdru@qa.com.br</msg>
<var>${email}</var>
<arg>${random}@qa.com.br</arg>
<doc>Returns the given values which can then be assigned to a variables.</doc>
<status status="PASS" start="2025-10-03T14:38:17.464700" elapsed="0.000000"/>
</kw>
<return>
<value>${email}</value>
<status status="PASS" start="2025-10-03T14:38:17.465238" elapsed="0.000000"/>
</return>
<msg time="2025-10-03T14:38:17.465238" level="INFO">${email2} = llpkqdru@qa.com.br</msg>
<var>${email2}</var>
<status status="PASS" start="2025-10-03T14:38:17.463190" elapsed="0.002048"/>
</kw>
<kw name="Atualizar Usuario" owner="keywords">
<kw name="Create Dictionary" owner="BuiltIn">
<msg time="2025-10-03T14:38:17.466247" level="INFO">&amp;{body} = { nome=Novo Nome | email=llpkqdru@qa.com.br | password=nova | administrador=false }</msg>
<var>&amp;{body}</var>
<arg>nome=${nome}</arg>
<arg>email=${email}</arg>
<arg>password=${password}</arg>
<arg>administrador=${admin}</arg>
<doc>Creates and returns a dictionary based on the given ``items``.</doc>
<status status="PASS" start="2025-10-03T14:38:17.465238" elapsed="0.001009"/>
</kw>
<kw name="PUT On Session" owner="RequestsLibrary">
<msg time="2025-10-03T14:38:17.675332" level="INFO">PUT Request : url=https://serverest.dev/usuarios/P0avbvQX2cSH13oz 
 path_url=/usuarios/P0avbvQX2cSH13oz 
 headers={'User-Agent': 'python-requests/2.32.3', 'Accept-Encoding': 'gzip, deflate, br, zstd', 'Accept': '*/*', 'Connection': 'keep-alive', 'Content-Length': '98', 'Content-Type': 'application/json'} 
 body=b'{"nome": "Novo Nome", "email": "llpkqdru@qa.com.br", "password": "nova", "administrador": "false"}' 
 </msg>
<msg time="2025-10-03T14:38:17.675332" level="INFO">PUT Response : url=https://serverest.dev/usuarios/P0avbvQX2cSH13oz 
 status=200, reason=OK 
 headers={'access-control-allow-origin': '*', 'x-dns-prefetch-control': 'off', 'x-frame-options': 'SAMEORIGIN', 'strict-transport-security': 'max-age=15552000; includeSubDomains', 'x-download-options': 'noopen', 'x-content-type-options': 'nosniff', 'x-xss-protection': '1; mode=block', 'content-type': 'application/json; charset=utf-8', 'x-cloud-trace-context': 'da9d2b76c3f5ce249bfd9255906e7acd', 'date': 'Fri, 03 Oct 2025 17:38:19 GMT', 'server': 'Google Frontend', 'Content-Length': '50'} 
 body={
    "message": "Registro alterado com sucesso"
} 
 </msg>
<msg time="2025-10-03T14:38:17.675332" level="INFO">C:\Users\raphael\anaconda3\Lib\site-packages\urllib3\connectionpool.py:1099: InsecureRequestWarning: Unverified HTTPS request is being made to host 'serverest.dev'. Adding certificate verification is strongly advised. See: https://urllib3.readthedocs.io/en/latest/advanced-usage.html#tls-warnings
  warnings.warn(</msg>
<msg time="2025-10-03T14:38:17.676341" level="INFO">${resp} = &lt;Response [200]&gt;</msg>
<var>${resp}</var>
<arg>api</arg>
<arg>/usuarios/${id}</arg>
<arg>json=${body}</arg>
<arg>expected_status=any</arg>
<doc>Sends a PUT request on a previously created HTTP Session.</doc>
<status status="PASS" start="2025-10-03T14:38:17.466247" elapsed="0.210094"/>
</kw>
<return>
<value>${resp}</value>
<status status="PASS" start="2025-10-03T14:38:17.676341" elapsed="0.000000"/>
</return>
<msg time="2025-10-03T14:38:17.676341" level="INFO">${r2} = &lt;Response [200]&gt;</msg>
<var>${r2}</var>
<arg>${id}</arg>
<arg>Novo Nome</arg>
<arg>${email2}</arg>
<arg>nova</arg>
<arg>false</arg>
<status status="PASS" start="2025-10-03T14:38:17.465238" elapsed="0.211103"/>
</kw>
<kw name="Should Be Equal As Numbers" owner="BuiltIn">
<msg time="2025-10-03T14:38:17.677440" level="INFO">Argument types are:
&lt;class 'int'&gt;
&lt;class 'str'&gt;</msg>
<arg>${r2.status_code}</arg>
<arg>${STATUS_200}</arg>
<doc>Fails if objects are unequal after converting them to real numbers.</doc>
<status status="PASS" start="2025-10-03T14:38:17.676341" elapsed="0.001099"/>
</kw>
<kw name="Deletar Usuario" owner="keywords">
<kw name="DELETE On Session" owner="RequestsLibrary">
<msg time="2025-10-03T14:38:17.886646" level="INFO">DELETE Request : url=https://serverest.dev/usuarios/P0avbvQX2cSH13oz 
 path_url=/usuarios/P0avbvQX2cSH13oz 
 headers={'User-Agent': 'python-requests/2.32.3', 'Accept-Encoding': 'gzip, deflate, br, zstd', 'Accept': '*/*', 'Connection': 'keep-alive', 'Content-Length': '0'} 
 body=None 
 </msg>
<msg time="2025-10-03T14:38:17.886646" level="INFO">DELETE Response : url=https://serverest.dev/usuarios/P0avbvQX2cSH13oz 
 status=200, reason=OK 
 headers={'access-control-allow-origin': '*', 'x-dns-prefetch-control': 'off', 'x-frame-options': 'SAMEORIGIN', 'strict-transport-security': 'max-age=15552000; includeSubDomains', 'x-download-options': 'noopen', 'x-content-type-options': 'nosniff', 'x-xss-protection': '1; mode=block', 'content-type': 'application/json; charset=utf-8', 'x-cloud-trace-context': 'a7f898019e5ed9e39bfd9255906e7285', 'date': 'Fri, 03 Oct 2025 17:38:19 GMT', 'server': 'Google Frontend', 'Content-Length': '51'} 
 body={
    "message": "Registro excluído com sucesso"
} 
 </msg>
<msg time="2025-10-03T14:38:17.886646" level="INFO">C:\Users\raphael\anaconda3\Lib\site-packages\urllib3\connectionpool.py:1099: InsecureRequestWarning: Unverified HTTPS request is being made to host 'serverest.dev'. Adding certificate verification is strongly advised. See: https://urllib3.readthedocs.io/en/latest/advanced-usage.html#tls-warnings
  warnings.warn(</msg>
<msg time="2025-10-03T14:38:17.887644" level="INFO">${resp} = &lt;Response [200]&gt;</msg>
<var>${resp}</var>
<arg>api</arg>
<arg>/usuarios/${id}</arg>
<arg>expected_status=any</arg>
<doc>Sends a DELETE request on a previously created HTTP Session.</doc>
<status status="PASS" start="2025-10-03T14:38:17.678344" elapsed="0.209300"/>
</kw>
<return>
<value>${resp}</value>
<status status="PASS" start="2025-10-03T14:38:17.887644" elapsed="0.000000"/>
</return>
<arg>${id}</arg>
<status status="PASS" start="2025-10-03T14:38:17.678344" elapsed="0.209300"/>
</kw>
<tag>usuarios</tag>
<status status="PASS" start="2025-10-03T14:38:17.246952" elapsed="0.640692"/>
</test>
<test id="s1-t9" name="TC09 Deletar Usuario" line="71">
<kw name="Gerar Email" owner="keywords">
<kw name="Generate Random String" owner="String">
<msg time="2025-10-03T14:38:17.890165" level="INFO">${random} = hxdengjg</msg>
<var>${random}</var>
<arg>8</arg>
<arg>[LOWER]</arg>
<doc>Generates a string with a desired ``length`` from the given ``chars``.</doc>
<status status="PASS" start="2025-10-03T14:38:17.890165" elapsed="0.000000"/>
</kw>
<kw name="Set Variable" owner="BuiltIn">
<msg time="2025-10-03T14:38:17.890165" level="INFO">${email} = hxdengjg@qa.com.br</msg>
<var>${email}</var>
<arg>${random}@qa.com.br</arg>
<doc>Returns the given values which can then be assigned to a variables.</doc>
<status status="PASS" start="2025-10-03T14:38:17.890165" elapsed="0.000000"/>
</kw>
<return>
<value>${email}</value>
<status status="PASS" start="2025-10-03T14:38:17.891165" elapsed="0.000000"/>
</return>
<msg time="2025-10-03T14:38:17.891165" level="INFO">${email} = hxdengjg@qa.com.br</msg>
<var>${email}</var>
<status status="PASS" start="2025-10-03T14:38:17.889151" elapsed="0.002014"/>
</kw>
<kw name="Cadastrar Usuario" owner="keywords">
<kw name="Create Dictionary" owner="BuiltIn">
<msg time="2025-10-03T14:38:17.892163" level="INFO">&amp;{body} = { nome=Nome | email=hxdengjg@qa.com.br | password=senha | administrador=true }</msg>
<var>&amp;{body}</var>
<arg>nome=${nome}</arg>
<arg>email=${email}</arg>
<arg>password=${password}</arg>
<arg>administrador=${admin}</arg>
<doc>Creates and returns a dictionary based on the given ``items``.</doc>
<status status="PASS" start="2025-10-03T14:38:17.891165" elapsed="0.000998"/>
</kw>
<kw name="POST On Session" owner="RequestsLibrary">
<msg time="2025-10-03T14:38:18.116214" level="INFO">POST Request : url=https://serverest.dev/usuarios 
 path_url=/usuarios 
 headers={'User-Agent': 'python-requests/2.32.3', 'Accept-Encoding': 'gzip, deflate, br, zstd', 'Accept': '*/*', 'Connection': 'keep-alive', 'Content-Length': '93', 'Content-Type': 'application/json'} 
 body=b'{"nome": "Nome", "email": "hxdengjg@qa.com.br", "password": "senha", "administrador": "true"}' 
 </msg>
<msg time="2025-10-03T14:38:18.116214" level="INFO">POST Response : url=https://serverest.dev/usuarios 
 status=201, reason=Created 
 headers={'access-control-allow-origin': '*', 'x-dns-prefetch-control': 'off', 'x-frame-options': 'SAMEORIGIN', 'strict-transport-security': 'max-age=15552000; includeSubDomains', 'x-download-options': 'noopen', 'x-content-type-options': 'nosniff', 'x-xss-protection': '1; mode=block', 'content-type': 'application/json; charset=utf-8', 'x-cloud-trace-context': '4c3a5a83946a1b2011be9a7ccb14043b', 'date': 'Fri, 03 Oct 2025 17:38:19 GMT', 'server': 'Google Frontend', 'Content-Length': '82'} 
 body={
    "message": "Cadastro realizado com sucesso",
    "_id": "9gTXwOE3TBt9Gz2h"
} 
 </msg>
<msg time="2025-10-03T14:38:18.116214" level="INFO">C:\Users\raphael\anaconda3\Lib\site-packages\urllib3\connectionpool.py:1099: InsecureRequestWarning: Unverified HTTPS request is being made to host 'serverest.dev'. Adding certificate verification is strongly advised. See: https://urllib3.readthedocs.io/en/latest/advanced-usage.html#tls-warnings
  warnings.warn(</msg>
<msg time="2025-10-03T14:38:18.117209" level="INFO">${resp} = &lt;Response [201]&gt;</msg>
<var>${resp}</var>
<arg>api</arg>
<arg>/usuarios</arg>
<arg>json=${body}</arg>
<arg>expected_status=any</arg>
<doc>Sends a POST request on a previously created HTTP Session.</doc>
<status status="PASS" start="2025-10-03T14:38:17.892163" elapsed="0.225046"/>
</kw>
<return>
<value>${resp}</value>
<status status="PASS" start="2025-10-03T14:38:18.117209" elapsed="0.000000"/>
</return>
<msg time="2025-10-03T14:38:18.117209" level="INFO">${r1} = &lt;Response [201]&gt;</msg>
<var>${r1}</var>
<arg>Nome</arg>
<arg>${email}</arg>
<arg>senha</arg>
<arg>true</arg>
<status status="PASS" start="2025-10-03T14:38:17.891165" elapsed="0.226044"/>
</kw>
<kw name="Set Variable" owner="BuiltIn">
<msg time="2025-10-03T14:38:18.119208" level="INFO">${id} = 9gTXwOE3TBt9Gz2h</msg>
<var>${id}</var>
<arg>${r1.json()['_id']}</arg>
<doc>Returns the given values which can then be assigned to a variables.</doc>
<status status="PASS" start="2025-10-03T14:38:18.118211" elapsed="0.000997"/>
</kw>
<kw name="Deletar Usuario" owner="keywords">
<kw name="DELETE On Session" owner="RequestsLibrary">
<msg time="2025-10-03T14:38:18.665627" level="INFO">DELETE Request : url=https://serverest.dev/usuarios/9gTXwOE3TBt9Gz2h 
 path_url=/usuarios/9gTXwOE3TBt9Gz2h 
 headers={'User-Agent': 'python-requests/2.32.3', 'Accept-Encoding': 'gzip, deflate, br, zstd', 'Accept': '*/*', 'Connection': 'keep-alive', 'Content-Length': '0'} 
 body=None 
 </msg>
<msg time="2025-10-03T14:38:18.665627" level="INFO">DELETE Response : url=https://serverest.dev/usuarios/9gTXwOE3TBt9Gz2h 
 status=200, reason=OK 
 headers={'access-control-allow-origin': '*', 'x-dns-prefetch-control': 'off', 'x-frame-options': 'SAMEORIGIN', 'strict-transport-security': 'max-age=15552000; includeSubDomains', 'x-download-options': 'noopen', 'x-content-type-options': 'nosniff', 'x-xss-protection': '1; mode=block', 'content-type': 'application/json; charset=utf-8', 'x-cloud-trace-context': 'dee6b1376e4481e311be9a7ccb140be0', 'date': 'Fri, 03 Oct 2025 17:38:20 GMT', 'server': 'Google Frontend', 'Content-Length': '51'} 
 body={
    "message": "Registro excluído com sucesso"
} 
 </msg>
<msg time="2025-10-03T14:38:18.665627" level="INFO">C:\Users\raphael\anaconda3\Lib\site-packages\urllib3\connectionpool.py:1099: InsecureRequestWarning: Unverified HTTPS request is being made to host 'serverest.dev'. Adding certificate verification is strongly advised. See: https://urllib3.readthedocs.io/en/latest/advanced-usage.html#tls-warnings
  warnings.warn(</msg>
<msg time="2025-10-03T14:38:18.666893" level="INFO">${resp} = &lt;Response [200]&gt;</msg>
<var>${resp}</var>
<arg>api</arg>
<arg>/usuarios/${id}</arg>
<arg>expected_status=any</arg>
<doc>Sends a DELETE request on a previously created HTTP Session.</doc>
<status status="PASS" start="2025-10-03T14:38:18.120293" elapsed="0.546600"/>
</kw>
<return>
<value>${resp}</value>
<status status="PASS" start="2025-10-03T14:38:18.666893" elapsed="0.000000"/>
</return>
<msg time="2025-10-03T14:38:18.666893" level="INFO">${r2} = &lt;Response [200]&gt;</msg>
<var>${r2}</var>
<arg>${id}</arg>
<status status="PASS" start="2025-10-03T14:38:18.119208" elapsed="0.548594"/>
</kw>
<kw name="Should Be Equal As Numbers" owner="BuiltIn">
<msg time="2025-10-03T14:38:18.667802" level="INFO">Argument types are:
&lt;class 'int'&gt;
&lt;class 'str'&gt;</msg>
<arg>${r2.status_code}</arg>
<arg>${STATUS_200}</arg>
<doc>Fails if objects are unequal after converting them to real numbers.</doc>
<status status="PASS" start="2025-10-03T14:38:18.667802" elapsed="0.001612"/>
</kw>
<tag>usuarios</tag>
<status status="PASS" start="2025-10-03T14:38:17.887644" elapsed="0.781770"/>
</test>
<test id="s1-t10" name="TC10 Listar Produtos" line="80">
<kw name="Listar Produtos" owner="keywords">
<kw name="GET On Session" owner="RequestsLibrary">
<msg time="2025-10-03T14:38:18.920408" level="INFO">GET Request : url=https://serverest.dev/produtos 
 path_url=/produtos 
 headers={'User-Agent': 'python-requests/2.32.3', 'Accept-Encoding': 'gzip, deflate, br, zstd', 'Accept': '*/*', 'Connection': 'keep-alive'} 
 body=None 
 </msg>
<msg time="2025-10-03T14:38:18.921400" level="INFO">GET Response : url=https://serverest.dev/produtos 
 status=200, reason=OK 
 headers={'access-control-allow-origin': '*', 'x-dns-prefetch-control': 'off', 'x-frame-options': 'SAMEORIGIN', 'strict-transport-security': 'max-age=15552000; includeSubDomains', 'x-download-options': 'noopen', 'x-content-type-options': 'nosniff', 'x-xss-protection': '1; mode=block', 'content-type': 'application/json; charset=utf-8', 'x-cloud-trace-context': 'a70369541906bf7811be9a7ccb140609', 'date': 'Fri, 03 Oct 2025 17:38:20 GMT', 'server': 'Google Frontend', 'Content-Length': '25162'} 
 body={
    "quantidade": 113,
    "produtos": [
        {
            "nome": "Modern Marble Fish",
            "preco": 500,
            "descricao": "The pink Bacon combines Azerbaijan aesthetics with Vanadium-based durability",
            "quantidade": 0,
            "_id": "0VwBL49CHea6b5M5"
        },
        {
            "nome": "Gorgeous Cotton Salad",
            "preco": 500,
            "descricao": "The sky blue Shoes combines Argentina aesthetics with Ytterbium-based durability",
            "quantidade": 10,
            "_id": "0mDKMb7QO3kIlHbp"
        },
        {
            "nome": "Incredible Plastic Chair",
            "preco": 1600,
            "descricao": "Experience the red brilliance of our Ball, perfect for outlying environments",
            "quantidade": 18,
            "_id": "0vqYofPyQno2wAAb"
        },
        {
            "nome": "#(updatedUserData) 'EDITADO'",
            "preco": 100,
            "descricao": "Produto de teste automatizado",
            "quantidade": 10,
            "_id": "1JvqsKfuUiR4ESi9"
        },
        {
            "nome": "Luxurious Rubber Chips",
            "preco": 500,
            "descricao": "The mint green Keyboard combines Oman aesthetics with Lead-based durability",
            "quantidade": 10,
            "_id": "2ZMP6yPfMEPGhPjj"
        },
        {
            "nome": "Refined Ceramic Chips",
            "preco": 500,
            "descricao": "New azure Shirt with ergonomic design for sour comfort",
            "quantidade": 0,
            "_id": "43zxbQkKY4ZWuESV"
        },
        {
            "nome": "Electronic Bronze Soap",
            "preco": 1600,
            "descricao": "Our bitter-inspired Chicken brings a taste of luxury to your minor lifestyle",
            "quantidade": 18,
            "_id": "4yrRoXCimiY2UkUj"
        },
        {
            "nome": "Produto Karate 42sd",
            "preco": 100,
            "descricao": "Produto de teste automatizado",
            "quantidade": 10,
            "_id": "5rl9MIw1LAUHTLcd"
        },
        {
            "nome": "Produto Karate b95l",
            "preco": 100,
            "descricao": "Produto de teste automatizado",
            "quantidade": 10,
            "_id": "68luvtlEOicGZsA8"
        },
        {
            "nome": "Produto Teste HIL",
            "preco": 100,
            "descricao": "Descrição teste",
            "quantidade": 50,
            "_id": "710kku6zTdlyuRH4"
        },
        {
            "nome": "Awesome Rubber Towels",
            "preco": 500,
            "descricao": "The automobile layout consists of a front-engine design, with transaxle-type transmissions mounted at the rear of the engine and four wheel drive",
            "quantidade": 0,
            "_id": "7lm01w1eqBYuTjUV"
        },
        {
            "nome": "GXMEuZ7nj4",
            "preco": 250,
            "descricao": "Descrição do produto novo",
            "quantidade": 100,
            "_id": "85pK8ceQM69X1lIs"
        },
        {
            "nome": "Produto PUT 1759510969",
            "preco": 150,
            "descricao": "Descrição PUT",
            "quantidade": 5,
            "_id": "86FKuhlKF0zG34mO"
        },
        {
            "nome": "Produto PUT 1759511393",
            "preco": 150,
            "descricao": "Descrição PUT",
            "quantidade": 5,
            "_id": "8ftFAUfc4mjszNe8"
        },
        {
            "nome": "#(updatedUserData)+ 'adetado'",
            "preco": 100,
            "descricao": "Produto de teste automatizado",
            "quantidade": 10,
            "_id": "97nGosfmDQ8TDLzE"
        },
        {
            "nome": "Produto_89233",
            "preco": 100,
            "descricao": "Descricao do produto teste",
            "quantidade": 9,
            "_id": "9bosVwYK73zrZo7Q"
        },
        {
            "nome": "Produto Teste 1759511392",
            "preco": 100,
            "descricao": "Descrição teste",
            "quantidade": 10,
            "_id": "9rlxQvDtZcZ4I65w"
        },
        {
            "nome": "Produto Karate wt1f",
            "preco": 100,
            "descricao": "Produto de teste automatizado",
            "quantidade": 10,
            "_id": "AMQ2JI2aAQWkzYRC"
        },
        {
            "nome": "Produto Teste eHR",
            "preco": 100,
            "descricao": "Descrição teste",
            "quantidade": 48,
            "_id": "Ag5P85aVH5Cnh1LU"
        },
        {
            "nome": "EQUIsacJg4",
            "preco": 150,
            "descricao": "Desc",
            "quantidade": 48,
            "_id": "BR7AzHt2ZKLmTVUA"
        },
        {
            "nome": "Logitech MX Vertical",
            "preco": 470,
            "descricao": "Mouse",
            "quantidade": 382,
            "_id": "BeeJh5lz3k6kSIzA"
        },
        {
            "nome": "Produto Teste vus",
            "preco": 100,
            "descricao": "Descrição teste",
            "quantidade": 50,
            "_id": "Bv6dPkKNw0ODcCHa"
        },
        {
            "nome": "Gorgeous Cotton Fish",
            "preco": 1600,
            "descricao": "The plum Sausages combines Guinea aesthetics with Potassium-based durability",
            "quantidade": 18,
            "_id": "CPqgAogoevMbnBuq"
        },
        {
            "nome": "WF1dxJE0gdyx",
            "preco": 10,
            "descricao": "Produto Original",
            "quantidade": 10,
            "_id": "DLSVfhBKyuK3psjL"
        },
        {
            "nome": "dSvZgtsD3t8R",
            "preco": 10,
            "descricao": "Produto Original",
            "quantidade": 10,
            "_id": "EhQjDZFbiVi98DCP"
        },
        {
            "nome": "Produto_40401",
            "preco": 100,
            "descricao": "Descricao do produto teste",
            "quantidade": 9,
            "_id": "EpR2rdHkTmMQaD3H"
        },
        {
            "nome": "Produto Teste Karate",
            "preco": 100,
            "descricao": "Produto de teste automatizado",
            "quantidade": 10,
            "_id": "G9VuX7aBJNEKBwJ3"
        },
        {
            "nome": "Produto Karate w7z9",
            "preco": 100,
            "descricao": "Produto de teste automatizado",
            "quantidade": 10,
            "_id": "GCHdCFzQSkg5UcPN"
        },
        {
            "nome": "Produto Updatesw2h",
            "preco": 100,
            "descricao": "Produto de teste automatizado",
            "quantidade": 10,
            "_id": "Ggvz8um7BLey1tLT"
        },
        {
            "nome": "ZtvCk2itN8",
            "preco": 250,
            "descricao": "Descrição do produto novo",
            "quantidade": 100,
            "_id": "GjFOgxvyok7HN9A7"
        },
        {
            "nome": "Generic Silk Keyboard",
            "preco": 1600,
            "descricao": "The blue Shoes combines Afghanistan aesthetics with Radon-based durability",
            "quantidade": 18,
            "_id": "H7iYYM6OOxCplO23"
        },
        {
            "nome": "uYdMArylNH",
            "preco": 250,
            "descricao": "Descrição do produto novo",
            "quantidade": 100,
            "_id": "HIebYjJs3cwF8wMo"
        },
        {
            "nome": "Luxurious Bronze Sausages",
            "preco": 500,
            "descricao": "Experience the mint green brilliance of our Computer, perfect for whopping environments",
            "quantidade": 0,
            "_id": "HRXwgf263h3gGlbz"
        },
        {
            "nome": "Produto Teste qyr",
            "preco": 100,
            "descricao": "Descrição teste",
            "quantidade": 50,
            "_id": "I8fct5JPaUMijwSL"
        },
        {
            "nome": "Tasty Wooden Soap",
            "preco": 1600,
            "descricao": "The Face to face bifurcated capacity Bike offers reliable performance and naughty design",
            "quantidade": 18,
            "_id": "IRoTvQGSQZMk1DlF"
        },
        {
            "nome": "Produto Update81xw",
            "preco": 100,
            "descricao": "Produto de teste automatizado",
            "quantidade": 10,
            "_id": "IbEsy9T2fodFiXEy"
        },
        {
            "nome": "Licensed Metal Chair",
            "preco": 500,
            "descricao": "Stylish Salad designed to make you stand out with purple looks",
            "quantidade": 0,
            "_id": "J4Ve2wRG0jXTqpG4"
        },
        {
            "nome": "updatedUserData",
            "preco": 100,
            "descricao": "Produto de teste automatizado",
            "quantidade": 10,
            "_id": "JClehuNeNjeiSlR3"
        },
        {
            "nome": "Cypress Product 1759493975099",
            "preco": 10,
            "descricao": "Product Description",
            "quantidade": 10,
            "imagem": "C:\\fakepath\\image.jpg",
            "_id": "JNmyXc3uIhtP6XuK"
        },
        {
            "nome": "MVXYVNICJbe2",
            "preco": 10,
            "descricao": "Produto Original",
            "quantidade": 10,
            "_id": "JjorqIjvWHLUuBqw"
        },
        {
            "nome": "Samsung 60 polegadas",
            "preco": 5240,
            "descricao": "TV",
            "quantidade": 49977,
            "_id": "K6leHdftCeOJj8BJ"
        },
        {
            "nome": "nWC7ERsrEs8C",
            "preco": 10,
            "descricao": "Produto Original",
            "quantidade": 10,
            "_id": "KLqRAkNRibcpoBkX"
        },
        {
            "nome": "Produto Teste vGA",
            "preco": 100,
            "descricao": "Descrição teste",
            "quantidade": 50,
            "_id": "Kuyyj3ZNvJjVEX07"
        },
        {
            "nome": "Electronic Ceramic Fish",
            "preco": 500,
            "descricao": "Experience the ivory brilliance of our Car, perfect for glaring environments",
            "quantidade": 0,
            "_id": "L29sZ6pM36DNY1x8"
        },
        {
            "nome": "... (set the log level to DEBUG or TRACE to see the full content) 
 </msg>
<msg time="2025-10-03T14:38:18.921400" level="INFO">C:\Users\raphael\anaconda3\Lib\site-packages\urllib3\connectionpool.py:1099: InsecureRequestWarning: Unverified HTTPS request is being made to host 'serverest.dev'. Adding certificate verification is strongly advised. See: https://urllib3.readthedocs.io/en/latest/advanced-usage.html#tls-warnings
  warnings.warn(</msg>
<msg time="2025-10-03T14:38:18.921400" level="INFO">${resp} = &lt;Response [200]&gt;</msg>
<var>${resp}</var>
<arg>api</arg>
<arg>/produtos</arg>
<arg>expected_status=any</arg>
<doc>Sends a GET request on a previously created HTTP Session.</doc>
<status status="PASS" start="2025-10-03T14:38:18.671513" elapsed="0.250889"/>
</kw>
<return>
<value>${resp}</value>
<status status="PASS" start="2025-10-03T14:38:18.922402" elapsed="0.000000"/>
</return>
<msg time="2025-10-03T14:38:18.922402" level="INFO">${r} = &lt;Response [200]&gt;</msg>
<var>${r}</var>
<status status="PASS" start="2025-10-03T14:38:18.670444" elapsed="0.251958"/>
</kw>
<kw name="Should Be Equal As Numbers" owner="BuiltIn">
<msg time="2025-10-03T14:38:18.923398" level="INFO">Argument types are:
&lt;class 'int'&gt;
&lt;class 'str'&gt;</msg>
<arg>${r.status_code}</arg>
<arg>${STATUS_200}</arg>
<doc>Fails if objects are unequal after converting them to real numbers.</doc>
<status status="PASS" start="2025-10-03T14:38:18.923398" elapsed="0.000000"/>
</kw>
<tag>produtos</tag>
<status status="PASS" start="2025-10-03T14:38:18.670444" elapsed="0.253959"/>
</test>
<test id="s1-t11" name="TC11 Cadastrar Produto" line="86">
<kw name="Login" owner="keywords">
<kw name="Create Dictionary" owner="BuiltIn">
<msg time="2025-10-03T14:38:18.926487" level="INFO">&amp;{body} = { email=fulano2@qa.com | password=teste }</msg>
<var>&amp;{body}</var>
<arg>email=${email}</arg>
<arg>password=${password}</arg>
<doc>Creates and returns a dictionary based on the given ``items``.</doc>
<status status="PASS" start="2025-10-03T14:38:18.925399" elapsed="0.001088"/>
</kw>
<kw name="POST On Session" owner="RequestsLibrary">
<msg time="2025-10-03T14:38:19.151181" level="INFO">POST Request : url=https://serverest.dev/login 
 path_url=/login 
 headers={'User-Agent': 'python-requests/2.32.3', 'Accept-Encoding': 'gzip, deflate, br, zstd', 'Accept': '*/*', 'Connection': 'keep-alive', 'Content-Length': '48', 'Content-Type': 'application/json'} 
 body=b'{"email": "fulano2@qa.com", "password": "teste"}' 
 </msg>
<msg time="2025-10-03T14:38:19.152186" level="INFO">POST Response : url=https://serverest.dev/login 
 status=401, reason=Unauthorized 
[...]
<arg>10</arg>
<doc>Generates a string with a desired ``length`` from the given ``chars``.</doc>
<status status="NOT RUN" start="2025-10-03T14:38:21.330751" elapsed="0.000000"/>
</kw>
<kw name="Cadastrar Produto" owner="keywords">
<var>${r_prod}</var>
<arg>Produto ${nome}</arg>
<arg>100</arg>
<arg>Desc</arg>
<arg>50</arg>
<arg>${token}</arg>
<status status="NOT RUN" start="2025-10-03T14:38:21.330751" elapsed="0.000000"/>
</kw>
<kw name="Set Variable" owner="BuiltIn">
<var>${prod_id}</var>
<arg>${r_prod.json()['_id']}</arg>
<doc>Returns the given values which can then be assigned to a variables.</doc>
<status status="NOT RUN" start="2025-10-03T14:38:21.331765" elapsed="0.000000"/>
</kw>
<kw name="Gerar Email" owner="keywords">
<var>${email}</var>
<status status="NOT RUN" start="2025-10-03T14:38:21.331765" elapsed="0.000000"/>
</kw>
<kw name="Cadastrar Usuario" owner="keywords">
<var>${r_user}</var>
<arg>Usuario</arg>
<arg>${email}</arg>
<arg>senha123</arg>
<arg>false</arg>
<status status="NOT RUN" start="2025-10-03T14:38:21.331765" elapsed="0.000000"/>
</kw>
<kw name="Login" owner="keywords">
<var>${r_login2}</var>
<arg>${email}</arg>
<arg>senha123</arg>
<status status="NOT RUN" start="2025-10-03T14:38:21.333269" elapsed="0.000000"/>
</kw>
<kw name="Set Variable" owner="BuiltIn">
<var>${token2}</var>
<arg>${r_login2.json()['authorization']}</arg>
<doc>Returns the given values which can then be assigned to a variables.</doc>
<status status="NOT RUN" start="2025-10-03T14:38:21.333269" elapsed="0.000000"/>
</kw>
<kw name="Cadastrar Carrinho" owner="keywords">
<var>${r_cart}</var>
<arg>${prod_id}</arg>
<arg>2</arg>
<arg>${token2}</arg>
<status status="NOT RUN" start="2025-10-03T14:38:21.333269" elapsed="0.001024"/>
</kw>
<kw name="Set Variable" owner="BuiltIn">
<var>${cart_id}</var>
<arg>${r_cart.json()['_id']}</arg>
<doc>Returns the given values which can then be assigned to a variables.</doc>
<status status="NOT RUN" start="2025-10-03T14:38:21.334293" elapsed="0.000000"/>
</kw>
<kw name="Buscar Carrinho" owner="keywords">
<var>${r}</var>
<arg>${cart_id}</arg>
<status status="NOT RUN" start="2025-10-03T14:38:21.334293" elapsed="0.000000"/>
</kw>
<kw name="Should Be Equal As Numbers" owner="BuiltIn">
<arg>${r.status_code}</arg>
<arg>${STATUS_200}</arg>
<doc>Fails if objects are unequal after converting them to real numbers.</doc>
<status status="NOT RUN" start="2025-10-03T14:38:21.334293" elapsed="0.000000"/>
</kw>
<kw name="Cancelar Compra" owner="keywords">
<arg>${token2}</arg>
<status status="NOT RUN" start="2025-10-03T14:38:21.335285" elapsed="0.000000"/>
</kw>
<kw name="Deletar Produto" owner="keywords">
<arg>${prod_id}</arg>
<arg>${token}</arg>
<status status="NOT RUN" start="2025-10-03T14:38:21.335285" elapsed="0.000000"/>
</kw>
<kw name="Deletar Usuario" owner="keywords">
<arg>${r_user.json()['_id']}</arg>
<status status="NOT RUN" start="2025-10-03T14:38:21.335803" elapsed="0.000000"/>
</kw>
<tag>carrinhos</tag>
<status status="FAIL" start="2025-10-03T14:38:20.709785" elapsed="0.626018">Resolving variable '${r_login.json()['authorization']}' failed: KeyError: 'authorization'</status>
</test>
<test id="s1-t20" name="TC20 Concluir Compra" line="188">
<kw name="Login" owner="keywords">
<kw name="Create Dictionary" owner="BuiltIn">
<msg time="2025-10-03T14:38:21.337805" level="INFO">&amp;{body} = { email=fulano2@qa.com | password=teste }</msg>
<var>&amp;{body}</var>
<arg>email=${email}</arg>
<arg>password=${password}</arg>
<doc>Creates and returns a dictionary based on the given ``items``.</doc>
<status status="PASS" start="2025-10-03T14:38:21.337805" elapsed="0.000000"/>
</kw>
<kw name="POST On Session" owner="RequestsLibrary">
<msg time="2025-10-03T14:38:21.545515" level="INFO">POST Request : url=https://serverest.dev/login 
 path_url=/login 
 headers={'User-Agent': 'python-requests/2.32.3', 'Accept-Encoding': 'gzip, deflate, br, zstd', 'Accept': '*/*', 'Connection': 'keep-alive', 'Content-Length': '48', 'Content-Type': 'application/json'} 
 body=b'{"email": "fulano2@qa.com", "password": "teste"}' 
 </msg>
<msg time="2025-10-03T14:38:21.546732" level="INFO">POST Response : url=https://serverest.dev/login 
 status=401, reason=Unauthorized 
 headers={'access-control-allow-origin': '*', 'x-dns-prefetch-control': 'off', 'x-frame-options': 'SAMEORIGIN', 'strict-transport-security': 'max-age=15552000; includeSubDomains', 'x-download-options': 'noopen', 'x-content-type-options': 'nosniff', 'x-xss-protection': '1; mode=block', 'content-type': 'application/json; charset=utf-8', 'x-cloud-trace-context': 'a1eb5218433669fb11be9a7ccb1408fa', 'date': 'Fri, 03 Oct 2025 17:38:23 GMT', 'server': 'Google Frontend', 'Content-Length': '48'} 
 body={
    "message": "Email e/ou senha inválidos"
} 
 </msg>
<msg time="2025-10-03T14:38:21.546732" level="INFO">C:\Users\raphael\anaconda3\Lib\site-packages\urllib3\connectionpool.py:1099: InsecureRequestWarning: Unverified HTTPS request is being made to host 'serverest.dev'. Adding certificate verification is strongly advised. See: https://urllib3.readthedocs.io/en/latest/advanced-usage.html#tls-warnings
  warnings.warn(</msg>
<msg time="2025-10-03T14:38:21.546732" level="INFO">${resp} = &lt;Response [401]&gt;</msg>
<var>${resp}</var>
<arg>api</arg>
<arg>/login</arg>
<arg>json=${body}</arg>
<arg>expected_status=any</arg>
<doc>Sends a POST request on a previously created HTTP Session.</doc>
<status status="PASS" start="2025-10-03T14:38:21.337805" elapsed="0.208927"/>
</kw>
<return>
<value>${resp}</value>
<status status="PASS" start="2025-10-03T14:38:21.546732" elapsed="0.000000"/>
</return>
<msg time="2025-10-03T14:38:21.546732" level="INFO">${r_login} = &lt;Response [401]&gt;</msg>
<var>${r_login}</var>
<arg>fulano2@qa.com</arg>
<arg>teste</arg>
<status status="PASS" start="2025-10-03T14:38:21.336812" elapsed="0.209920"/>
</kw>
<kw name="Set Variable" owner="BuiltIn">
<msg time="2025-10-03T14:38:21.547726" level="FAIL">Resolving variable '${r_login.json()['authorization']}' failed: KeyError: 'authorization'</msg>
<var>${token}</var>
<arg>${r_login.json()['authorization']}</arg>
<doc>Returns the given values which can then be assigned to a variables.</doc>
<status status="FAIL" start="2025-10-03T14:38:21.547726" elapsed="0.000000">Resolving variable '${r_login.json()['authorization']}' failed: KeyError: 'authorization'</status>
</kw>
<kw name="Generate Random String" owner="String">
<var>${nome}</var>
<arg>10</arg>
<doc>Generates a string with a desired ``length`` from the given ``chars``.</doc>
<status status="NOT RUN" start="2025-10-03T14:38:21.547726" elapsed="0.000000"/>
</kw>
<kw name="Cadastrar Produto" owner="keywords">
<var>${r_prod}</var>
<arg>Produto ${nome}</arg>
<arg>100</arg>
<arg>Desc</arg>
<arg>50</arg>
<arg>${token}</arg>
<status status="NOT RUN" start="2025-10-03T14:38:21.547726" elapsed="0.000000"/>
</kw>
<kw name="Set Variable" owner="BuiltIn">
<var>${prod_id}</var>
<arg>${r_prod.json()['_id']}</arg>
<doc>Returns the given values which can then be assigned to a variables.</doc>
<status status="NOT RUN" start="2025-10-03T14:38:21.549263" elapsed="0.000000"/>
</kw>
<kw name="Gerar Email" owner="keywords">
<var>${email}</var>
<status status="NOT RUN" start="2025-10-03T14:38:21.549263" elapsed="0.000000"/>
</kw>
<kw name="Cadastrar Usuario" owner="keywords">
<var>${r_user}</var>
<arg>Usuario</arg>
<arg>${email}</arg>
<arg>senha123</arg>
<arg>false</arg>
<status status="NOT RUN" start="2025-10-03T14:38:21.549263" elapsed="0.000000"/>
</kw>
<kw name="Login" owner="keywords">
<var>${r_login2}</var>
<arg>${email}</arg>
<arg>senha123</arg>
<status status="NOT RUN" start="2025-10-03T14:38:21.549263" elapsed="0.000000"/>
</kw>
<kw name="Set Variable" owner="BuiltIn">
<var>${token2}</var>
<arg>${r_login2.json()['authorization']}</arg>
<doc>Returns the given values which can then be assigned to a variables.</doc>
<status status="NOT RUN" start="2025-10-03T14:38:21.549263" elapsed="0.000000"/>
</kw>
<kw name="Cadastrar Carrinho" owner="keywords">
<arg>${prod_id}</arg>
<arg>2</arg>
<arg>${token2}</arg>
<status status="NOT RUN" start="2025-10-03T14:38:21.550296" elapsed="0.000000"/>
</kw>
<kw name="Concluir Compra" owner="keywords">
<var>${r}</var>
<arg>${token2}</arg>
<status status="NOT RUN" start="2025-10-03T14:38:21.550296" elapsed="0.000000"/>
</kw>
<kw name="Should Be Equal As Numbers" owner="BuiltIn">
<arg>${r.status_code}</arg>
<arg>${STATUS_200}</arg>
<doc>Fails if objects are unequal after converting them to real numbers.</doc>
<status status="NOT RUN" start="2025-10-03T14:38:21.550296" elapsed="0.000000"/>
</kw>
<kw name="Deletar Produto" owner="keywords">
<arg>${prod_id}</arg>
<arg>${token}</arg>
<status status="NOT RUN" start="2025-10-03T14:38:21.550296" elapsed="0.000000"/>
</kw>
<kw name="Deletar Usuario" owner="keywords">
<arg>${r_user.json()['_id']}</arg>
<status status="NOT RUN" start="2025-10-03T14:38:21.550296" elapsed="0.000000"/>
</kw>
<tag>carrinhos</tag>
<status status="FAIL" start="2025-10-03T14:38:21.336812" elapsed="0.214485">Resolving variable '${r_login.json()['authorization']}' failed: KeyError: 'authorization'</status>
</test>
<test id="s1-t21" name="TC21 Cancelar Compra" line="206">
<kw name="Login" owner="keywords">
<kw name="Create Dictionary" owner="BuiltIn">
<msg time="2025-10-03T14:38:21.552277" level="INFO">&amp;{body} = { email=fulano2@qa.com | password=teste }</msg>
<var>&amp;{body}</var>
<arg>email=${email}</arg>
<arg>password=${password}</arg>
<doc>Creates and returns a dictionary based on the given ``items``.</doc>
<status status="PASS" start="2025-10-03T14:38:21.552277" elapsed="0.000000"/>
</kw>
<kw name="POST On Session" owner="RequestsLibrary">
<msg time="2025-10-03T14:38:21.776251" level="INFO">POST Request : url=https://serverest.dev/login 
 path_url=/login 
 headers={'User-Agent': 'python-requests/2.32.3', 'Accept-Encoding': 'gzip, deflate, br, zstd', 'Accept': '*/*', 'Connection': 'keep-alive', 'Content-Length': '48', 'Content-Type': 'application/json'} 
 body=b'{"email": "fulano2@qa.com", "password": "teste"}' 
 </msg>
<msg time="2025-10-03T14:38:21.776251" level="INFO">POST Response : url=https://serverest.dev/login 
 status=401, reason=Unauthorized 
 headers={'access-control-allow-origin': '*', 'x-dns-prefetch-control': 'off', 'x-frame-options': 'SAMEORIGIN', 'strict-transport-security': 'max-age=15552000; includeSubDomains', 'x-download-options': 'noopen', 'x-content-type-options': 'nosniff', 'x-xss-protection': '1; mode=block', 'content-type': 'application/json; charset=utf-8', 'x-cloud-trace-context': '0384c81ff3c1a32d11be9a7ccb140f1d', 'date': 'Fri, 03 Oct 2025 17:38:23 GMT', 'server': 'Google Frontend', 'Content-Length': '48'} 
 body={
    "message": "Email e/ou senha inválidos"
} 
 </msg>
<msg time="2025-10-03T14:38:21.776251" level="INFO">C:\Users\raphael\anaconda3\Lib\site-packages\urllib3\connectionpool.py:1099: InsecureRequestWarning: Unverified HTTPS request is being made to host 'serverest.dev'. Adding certificate verification is strongly advised. See: https://urllib3.readthedocs.io/en/latest/advanced-usage.html#tls-warnings
  warnings.warn(</msg>
<msg time="2025-10-03T14:38:21.776251" level="INFO">${resp} = &lt;Response [401]&gt;</msg>
<var>${resp}</var>
<arg>api</arg>
<arg>/login</arg>
<arg>json=${body}</arg>
<arg>expected_status=any</arg>
<doc>Sends a POST request on a previously created HTTP Session.</doc>
<status status="PASS" start="2025-10-03T14:38:21.552277" elapsed="0.223974"/>
</kw>
<return>
<value>${resp}</value>
<status status="PASS" start="2025-10-03T14:38:21.777246" elapsed="0.000000"/>
</return>
<msg time="2025-10-03T14:38:21.777246" level="INFO">${r_login} = &lt;Response [401]&gt;</msg>
<var>${r_login}</var>
<arg>fulano2@qa.com</arg>
<arg>teste</arg>
<status status="PASS" start="2025-10-03T14:38:21.551297" elapsed="0.225949"/>
</kw>
<kw name="Set Variable" owner="BuiltIn">
<msg time="2025-10-03T14:38:21.777246" level="FAIL">Resolving variable '${r_login.json()['authorization']}' failed: KeyError: 'authorization'</msg>
<var>${token}</var>
<arg>${r_login.json()['authorization']}</arg>
<doc>Returns the given values which can then be assigned to a variables.</doc>
<status status="FAIL" start="2025-10-03T14:38:21.777246" elapsed="0.000000">Resolving variable '${r_login.json()['authorization']}' failed: KeyError: 'authorization'</status>
</kw>
<kw name="Generate Random String" owner="String">
<var>${nome}</var>
<arg>10</arg>
<doc>Generates a string with a desired ``length`` from the given ``chars``.</doc>
<status status="NOT RUN" start="2025-10-03T14:38:21.777246" elapsed="0.000000"/>
</kw>
<kw name="Cadastrar Produto" owner="keywords">
<var>${r_prod}</var>
<arg>Produto ${nome}</arg>
<arg>100</arg>
<arg>Desc</arg>
<arg>50</arg>
<arg>${token}</arg>
<status status="NOT RUN" start="2025-10-03T14:38:21.778802" elapsed="0.000000"/>
</kw>
<kw name="Set Variable" owner="BuiltIn">
<var>${prod_id}</var>
<arg>${r_prod.json()['_id']}</arg>
<doc>Returns the given values which can then be assigned to a variables.</doc>
<status status="NOT RUN" start="2025-10-03T14:38:21.779814" elapsed="0.000000"/>
</kw>
<kw name="Gerar Email" owner="keywords">
<var>${email}</var>
<status status="NOT RUN" start="2025-10-03T14:38:21.779814" elapsed="0.000000"/>
</kw>
<kw name="Cadastrar Usuario" owner="keywords">
<var>${r_user}</var>
<arg>Usuario</arg>
<arg>${email}</arg>
<arg>senha123</arg>
<arg>false</arg>
<status status="NOT RUN" start="2025-10-03T14:38:21.779814" elapsed="0.000000"/>
</kw>
<kw name="Login" owner="keywords">
<var>${r_login2}</var>
<arg>${email}</arg>
<arg>senha123</arg>
<status status="NOT RUN" start="2025-10-03T14:38:21.780823" elapsed="0.000000"/>
</kw>
<kw name="Set Variable" owner="BuiltIn">
<var>${token2}</var>
<arg>${r_login2.json()['authorization']}</arg>
<doc>Returns the given values which can then be assigned to a variables.</doc>
<status status="NOT RUN" start="2025-10-03T14:38:21.780823" elapsed="0.000000"/>
</kw>
<kw name="Cadastrar Carrinho" owner="keywords">
<arg>${prod_id}</arg>
<arg>2</arg>
<arg>${token2}</arg>
<status status="NOT RUN" start="2025-10-03T14:38:21.781813" elapsed="0.000000"/>
</kw>
<kw name="Cancelar Compra" owner="keywords">
<var>${r}</var>
<arg>${token2}</arg>
<status status="NOT RUN" start="2025-10-03T14:38:21.781813" elapsed="0.000000"/>
</kw>
<kw name="Should Be Equal As Numbers" owner="BuiltIn">
<arg>${r.status_code}</arg>
<arg>${STATUS_200}</arg>
<doc>Fails if objects are unequal after converting them to real numbers.</doc>
<status status="NOT RUN" start="2025-10-03T14:38:21.781813" elapsed="0.000000"/>
</kw>
<kw name="Deletar Produto" owner="keywords">
<arg>${prod_id}</arg>
<arg>${token}</arg>
<status status="NOT RUN" start="2025-10-03T14:38:21.781813" elapsed="0.000000"/>
</kw>
<kw name="Deletar Usuario" owner="keywords">
<arg>${r_user.json()['_id']}</arg>
<status status="NOT RUN" start="2025-10-03T14:38:21.781813" elapsed="0.001509"/>
</kw>
<tag>carrinhos</tag>
<status status="FAIL" start="2025-10-03T14:38:21.551297" elapsed="0.232025">Resolving variable '${r_login.json()['authorization']}' failed: KeyError: 'authorization'</status>
</test>
<status status="FAIL" start="2025-10-03T14:38:13.096811" elapsed="8.687519"/>
</suite>
<statistics>
<total>
<stat pass="12" fail="9" skip="0">All Tests</stat>
</total>
<tag>
<stat pass="1" fail="4" skip="0">carrinhos</stat>
<stat pass="1" fail="1" skip="0">login</stat>
<stat pass="3" fail="4" skip="0">produtos</stat>
<stat pass="7" fail="0" skip="0">usuarios</stat>
</tag>
<suite>
<stat name="Serverest" id="s1" pass="12" fail="9" skip="0">Serverest</stat>
</suite>
</statistics>
<errors>
<msg time="2025-10-03T14:38:13.135277" level="WARN">Error in file 'C:\Users\raphael\Documents\GitHub\learn\Compass\qa-challenge03-PB-Nobugs\tests\keywords.robot' on line 16: The '[Return]' setting is deprecated. Use the 'RETURN' statement instead.</msg>
<msg time="2025-10-03T14:38:13.135277" level="WARN">Error in file 'C:\Users\raphael\Documents\GitHub\learn\Compass\qa-challenge03-PB-Nobugs\tests\keywords.robot' on line 22: The '[Return]' setting is deprecated. Use the 'RETURN' statement instead.</msg>
<msg time="2025-10-03T14:38:13.136994" level="WARN">Error in file 'C:\Users\raphael\Documents\GitHub\learn\Compass\qa-challenge03-PB-Nobugs\tests\keywords.robot' on line 26: The '[Return]' setting is deprecated. Use the 'RETURN' statement instead.</msg>
<msg time="2025-10-03T14:38:13.137301" level="WARN">Error in file 'C:\Users\raphael\Documents\GitHub\learn\Compass\qa-challenge03-PB-Nobugs\tests\keywords.robot' on line 32: The '[Return]' setting is deprecated. Use the 'RETURN' statement instead.</msg>
<msg time="2025-10-03T14:38:13.137301" level="WARN">Error in file 'C:\Users\raphael\Documents\GitHub\learn\Compass\qa-challenge03-PB-Nobugs\tests\keywords.robot' on line 37: The '[Return]' setting is deprecated. Use the 'RETURN' statement instead.</msg>
<msg time="2025-10-03T14:38:13.138324" level="WARN">Error in file 'C:\Users\raphael\Documents\GitHub\learn\Compass\qa-challenge03-PB-Nobugs\tests\keywords.robot' on line 43: The '[Return]' setting is deprecated. Use the 'RETURN' statement instead.</msg>
<msg time="2025-10-03T14:38:13.138324" level="WARN">Error in file 'C:\Users\raphael\Documents\GitHub\learn\Compass\qa-challenge03-PB-Nobugs\tests\keywords.robot' on line 48: The '[Return]' setting is deprecated. Use the 'RETURN' statement instead.</msg>
<msg time="2025-10-03T14:38:13.139308" level="WARN">Error in file 'C:\Users\raphael\Documents\GitHub\learn\Compass\qa-challenge03-PB-Nobugs\tests\keywords.robot' on line 52: The '[Return]' setting is deprecated. Use the 'RETURN' statement instead.</msg>
<msg time="2025-10-03T14:38:13.139308" level="WARN">Error in file 'C:\Users\raphael\Documents\GitHub\learn\Compass\qa-challenge03-PB-Nobugs\tests\keywords.robot' on line 59: The '[Return]' setting is deprecated. Use the 'RETURN' statement instead.</msg>
<msg time="2025-10-03T14:38:13.139308" level="WARN">Error in file 'C:\Users\raphael\Documents\GitHub\learn\Compass\qa-challenge03-PB-Nobugs\tests\keywords.robot' on line 64: The '[Return]' setting is deprecated. Use the 'RETURN' statement instead.</msg>
<msg time="2025-10-03T14:38:13.140311" level="WARN">Error in file 'C:\Users\raphael\Documents\GitHub\learn\Compass\qa-challenge03-PB-Nobugs\tests\keywords.robot' on line 71: The '[Return]' setting is deprecated. Use the 'RETURN' statement instead.</msg>
<msg time="2025-10-03T14:38:13.141313" level="WARN">Error in file 'C:\Users\raphael\Documents\GitHub\learn\Compass\qa-challenge03-PB-Nobugs\tests\keywords.robot' on line 77: The '[Return]' setting is deprecated. Use the 'RETURN' statement instead.</msg>
<msg time="2025-10-03T14:38:13.141313" level="WARN">Error in file 'C:\Users\raphael\Documents\GitHub\learn\Compass\qa-challenge03-PB-Nobugs\tests\keywords.robot' on line 81: The '[Return]' setting is deprecated. Use the 'RETURN' statement instead.</msg>
<msg time="2025-10-03T14:38:13.143311" level="WARN">Error in file 'C:\Users\raphael\Documents\GitHub\learn\Compass\qa-challenge03-PB-Nobugs\tests\keywords.robot' on line 90: The '[Return]' setting is deprecated. Use the 'RETURN' statement instead.</msg>
<msg time="2025-10-03T14:38:13.143311" level="WARN">Error in file 'C:\Users\raphael\Documents\GitHub\learn\Compass\qa-challenge03-PB-Nobugs\tests\keywords.robot' on line 95: The '[Return]' setting is deprecated. Use the 'RETURN' statement instead.</msg>
<msg time="2025-10-03T14:38:13.144321" level="WARN">Error in file 'C:\Users\raphael\Documents\GitHub\learn\Compass\qa-challenge03-PB-Nobugs\tests\keywords.robot' on line 101: The '[Return]' setting is deprecated. Use the 'RETURN' statement instead.</msg>
<msg time="2025-10-03T14:38:13.144321" level="WARN">Error in file 'C:\Users\raphael\Documents\GitHub\learn\Compass\qa-challenge03-PB-Nobugs\tests\keywords.robot' on line 107: The '[Return]' setting is deprecated. Use the 'RETURN' statement instead.</msg>
</errors>
</robot>
