<?xml version="1.0" encoding="UTF-8"?>
<robot generator="Robot 7.3.2 (Python 3.12.7 on win32)" generated="2025-09-30T17:04:38.660782" rpa="false" schemaversion="5">
<suite id="s1" name="Tests" source="C:\Users\raphael\Documents\GitHub\learn\Compass\qa-challenge03-PB-Nobugs\tests">
<suite id="s1-s1" name="Serverest-Api" source="C:\Users\raphael\Documents\GitHub\learn\Compass\qa-challenge03-PB-Nobugs\tests\serverest-api.robot">
<test id="s1-s1-t1" name="Teste Completo Fluxo E-commerce ServeRest" line="29">
<kw name="Criar Sessão API">
<kw name="Create Session" owner="RequestsLibrary">
<msg time="2025-09-30T17:04:38.991365" level="INFO">Creating Session using : alias=serverest, url=https://serverest.dev, headers={'Content-Type': 'application/json'},                     cookies={}, auth=None, timeout=None, proxies=None, verify=False,                     debug=0 </msg>
<arg>serverest</arg>
<arg>${BASE_URL}</arg>
<arg>headers=&amp;{DEFAULT_HEADERS}</arg>
<doc>Create Session: create a HTTP session to a server</doc>
<status status="PASS" start="2025-09-30T17:04:38.991365" elapsed="0.000000"/>
</kw>
<kw name="Set Suite Variable" owner="BuiltIn">
<msg time="2025-09-30T17:04:38.992485" level="INFO">${SESSION} = serverest</msg>
<arg>${SESSION}</arg>
<arg>serverest</arg>
<doc>Makes a variable available everywhere within the scope of the current suite.</doc>
<status status="PASS" start="2025-09-30T17:04:38.991929" elapsed="0.000556"/>
</kw>
<status status="PASS" start="2025-09-30T17:04:38.990236" elapsed="0.002249"/>
</kw>
<kw name="Realizar Login Com Sucesso">
<kw name="Criar Dados Login">
<kw name="Create Dictionary" owner="BuiltIn">
<msg time="2025-09-30T17:04:38.993547" level="INFO">${LOGIN_DATA} = {'email': 'fulano@qa.com', 'password': 'teste'}</msg>
<var>${LOGIN_DATA}</var>
<arg>email=${email}</arg>
<arg>password=${password}</arg>
<doc>Creates and returns a dictionary based on the given ``items``.</doc>
<status status="PASS" start="2025-09-30T17:04:38.993547" elapsed="0.000000"/>
</kw>
<return>
<value>${LOGIN_DATA}</value>
<status status="PASS" start="2025-09-30T17:04:38.993547" elapsed="0.000561"/>
</return>
<msg time="2025-09-30T17:04:38.994108" level="INFO">${LOGIN_DATA} = {'email': 'fulano@qa.com', 'password': 'teste'}</msg>
<var>${LOGIN_DATA}</var>
<arg>${EMAIL}</arg>
<arg>${PASSWORD}</arg>
<status status="PASS" start="2025-09-30T17:04:38.993547" elapsed="0.000561"/>
</kw>
<kw name="POST On Session" owner="RequestsLibrary">
<msg time="2025-09-30T17:04:39.746596" level="INFO">POST Request : url=https://serverest.dev/login 
 path_url=/login 
 headers={'User-Agent': 'python-requests/2.32.3', 'Accept-Encoding': 'gzip, deflate, br, zstd', 'Accept': '*/*', 'Connection': 'keep-alive', 'Content-Type': 'application/json', 'Content-Length': '47'} 
 body=b'{"email": "fulano@qa.com", "password": "teste"}' 
 </msg>
<msg time="2025-09-30T17:04:39.746596" level="INFO">POST Response : url=https://serverest.dev/login 
 status=200, reason=OK 
 headers={'access-control-allow-origin': '*', 'x-dns-prefetch-control': 'off', 'x-frame-options': 'SAMEORIGIN', 'strict-transport-security': 'max-age=15552000; includeSubDomains', 'x-download-options': 'noopen', 'x-content-type-options': 'nosniff', 'x-xss-protection': '1; mode=block', 'content-type': 'application/json; charset=utf-8', 'x-cloud-trace-context': '731e0b162b37b8f2b44345937fa198ad;o=1', 'date': 'Tue, 30 Sep 2025 20:04:40 GMT', 'server': 'Google Frontend', 'Content-Length': '265'} 
 body={
    "message": "Login realizado com sucesso",
    "authorization": "Bearer eyJhbGciOiJIUzI1NiIsInR5cCI6IkpXVCJ9.eyJlbWFpbCI6ImZ1bGFub0BxYS5jb20iLCJwYXNzd29yZCI6InRlc3RlIiwiaWF0IjoxNzU5MjYyNjgwLCJleHAiOjE3NTkyNjMyODB9.gXwn0oYxio9huLKCUYkzdjU-_uebRb1iNfsAOUuC1A8"
} 
 </msg>
<msg time="2025-09-30T17:04:39.748610" level="INFO">C:\Users\raphael\anaconda3\Lib\site-packages\urllib3\connectionpool.py:1099: InsecureRequestWarning: Unverified HTTPS request is being made to host 'serverest.dev'. Adding certificate verification is strongly advised. See: https://urllib3.readthedocs.io/en/latest/advanced-usage.html#tls-warnings
  warnings.warn(</msg>
<msg time="2025-09-30T17:04:39.748610" level="INFO">${RESPONSE} = &lt;Response [200]&gt;</msg>
<var>${RESPONSE}</var>
<arg>${SESSION}</arg>
<arg>/login</arg>
<arg>json=${LOGIN_DATA}</arg>
<doc>Sends a POST request on a previously created HTTP Session.</doc>
<status status="PASS" start="2025-09-30T17:04:38.994108" elapsed="0.754502"/>
</kw>
<kw name="Validar Login Com Sucesso">
<kw name="Should Be Equal As Strings" owner="BuiltIn">
<msg time="2025-09-30T17:04:39.748610" level="INFO">Argument types are:
&lt;class 'int'&gt;
&lt;class 'str'&gt;</msg>
<arg>${response.status_code}</arg>
<arg>200</arg>
<doc>Fails if objects are unequal after converting them to strings.</doc>
<status status="PASS" start="2025-09-30T17:04:39.748610" elapsed="0.000000"/>
</kw>
<kw name="Dictionary Should Contain Key" owner="Collections">
<arg>${response.json()}</arg>
<arg>authorization</arg>
<doc>Fails if ``key`` is not found from ``dictionary``.</doc>
<status status="PASS" start="2025-09-30T17:04:39.748610" elapsed="0.000000"/>
</kw>
<kw name="Set Variable" owner="BuiltIn">
<msg time="2025-09-30T17:04:39.748610" level="INFO">${TOKEN} = Bearer eyJhbGciOiJIUzI1NiIsInR5cCI6IkpXVCJ9.eyJlbWFpbCI6ImZ1bGFub0BxYS5jb20iLCJwYXNzd29yZCI6InRlc3RlIiwiaWF0IjoxNzU5MjYyNjgwLCJleHAiOjE3NTkyNjMyODB9.gXwn0oYxio9huLKCUYkzdjU-_uebRb1iNfsAOUuC1A8</msg>
<var>${TOKEN}</var>
<arg>${response.json()['authorization']}</arg>
<doc>Returns the given values which can then be assigned to a variables.</doc>
<status status="PASS" start="2025-09-30T17:04:39.748610" elapsed="0.000000"/>
</kw>
<kw name="Set Suite Variable" owner="BuiltIn">
<msg time="2025-09-30T17:04:39.748610" level="INFO">${AUTH_TOKEN} = Bearer eyJhbGciOiJIUzI1NiIsInR5cCI6IkpXVCJ9.eyJlbWFpbCI6ImZ1bGFub0BxYS5jb20iLCJwYXNzd29yZCI6InRlc3RlIiwiaWF0IjoxNzU5MjYyNjgwLCJleHAiOjE3NTkyNjMyODB9.gXwn0oYxio9huLKCUYkzdjU-_uebRb1iNfsAOUuC1A8</msg>
<arg>${AUTH_TOKEN}</arg>
<arg>${TOKEN}</arg>
<doc>Makes a variable available everywhere within the scope of the current suite.</doc>
<status status="PASS" start="2025-09-30T17:04:39.748610" elapsed="0.000000"/>
</kw>
<kw name="Log" owner="BuiltIn">
<msg time="2025-09-30T17:04:39.748610" level="INFO">Token obtido: Bearer eyJhbGciOiJIUzI1NiIsInR5cCI6IkpXVCJ9.eyJlbWFpbCI6ImZ1bGFub0BxYS5jb20iLCJwYXNzd29yZCI6InRlc3RlIiwiaWF0IjoxNzU5MjYyNjgwLCJleHAiOjE3NTkyNjMyODB9.gXwn0oYxio9huLKCUYkzdjU-_uebRb1iNfsAOUuC1A8</msg>
<arg>Token obtido: ${TOKEN}</arg>
<doc>Logs the given message with the given level.</doc>
<status status="PASS" start="2025-09-30T17:04:39.748610" elapsed="0.000000"/>
</kw>
<arg>${RESPONSE}</arg>
<status status="PASS" start="2025-09-30T17:04:39.748610" elapsed="0.000000"/>
</kw>
<status status="PASS" start="2025-09-30T17:04:38.993008" elapsed="0.755602"/>
</kw>
<kw name="Cadastrar Novo Usuário">
<kw name="Cadastrar Usuario Para Teste">
<kw name="Criar Dados Usuario Valido">
<kw name="Generate Random String" owner="String">
<msg time="2025-09-30T17:04:39.748610" level="INFO">${RANDOM_NAME} = tTMMHBsi</msg>
<var>${RANDOM_NAME}</var>
<arg>8</arg>
<arg>[LETTERS]</arg>
<doc>Generates a string with a desired ``length`` from the given ``chars``.</doc>
<status status="PASS" start="2025-09-30T17:04:39.748610" elapsed="0.000000"/>
</kw>
<kw name="Catenate" owner="BuiltIn">
<msg time="2025-09-30T17:04:39.748610" level="INFO">${RANDOM_EMAIL} = tTMMHBsi@qa.com</msg>
<var>${RANDOM_EMAIL}</var>
<arg>SEPARATOR=</arg>
<arg>${RANDOM_NAME}</arg>
<arg>@qa.com</arg>
<doc>Catenates the given items together and returns the resulted string.</doc>
<status status="PASS" start="2025-09-30T17:04:39.748610" elapsed="0.000000"/>
</kw>
<kw name="Create Dictionary" owner="BuiltIn">
<msg time="2025-09-30T17:04:39.748610" level="INFO">${USER_DATA} = {'nome': 'Usuario tTMMHBsi', 'email': 'tTMMHBsi@qa.com', 'password': 'teste123', 'administrador': 'true'}</msg>
<var>${USER_DATA}</var>
<arg>nome=Usuario ${RANDOM_NAME}</arg>
<arg>email=${RANDOM_EMAIL}</arg>
<arg>password=teste123</arg>
<arg>administrador=true</arg>
<doc>Creates and returns a dictionary based on the given ``items``.</doc>
<status status="PASS" start="2025-09-30T17:04:39.748610" elapsed="0.000000"/>
</kw>
<return>
<value>${USER_DATA}</value>
<status status="PASS" start="2025-09-30T17:04:39.748610" elapsed="0.000000"/>
</return>
<msg time="2025-09-30T17:04:39.748610" level="INFO">${USER_DATA} = {'nome': 'Usuario tTMMHBsi', 'email': 'tTMMHBsi@qa.com', 'password': 'teste123', 'administrador': 'true'}</msg>
<var>${USER_DATA}</var>
<status status="PASS" start="2025-09-30T17:04:39.748610" elapsed="0.000000"/>
</kw>
<kw name="Criar Headers Com Auth">
<kw name="Create Dictionary" owner="BuiltIn">
<msg time="2025-09-30T17:04:39.748610" level="INFO">${HEADERS} = {'Authorization': 'Bearer eyJhbGciOiJIUzI1NiIsInR5cCI6IkpXVCJ9.eyJlbWFpbCI6ImZ1bGFub0BxYS5jb20iLCJwYXNzd29yZCI6InRlc3RlIiwiaWF0IjoxNzU5MjYyNjgwLCJleHAiOjE3NTkyNjMyODB9.gXwn0oYxio9huLKCUYkzdjU-_uebRb1i...</msg>
<var>${HEADERS}</var>
<arg>Authorization=${AUTH_TOKEN}</arg>
<arg>Content-Type=application/json</arg>
<doc>Creates and returns a dictionary based on the given ``items``.</doc>
<status status="PASS" start="2025-09-30T17:04:39.748610" elapsed="0.000000"/>
</kw>
<return>
<value>${HEADERS}</value>
<status status="PASS" start="2025-09-30T17:04:39.748610" elapsed="0.000000"/>
</return>
<msg time="2025-09-30T17:04:39.748610" level="INFO">${HEADERS} = {'Authorization': 'Bearer eyJhbGciOiJIUzI1NiIsInR5cCI6IkpXVCJ9.eyJlbWFpbCI6ImZ1bGFub0BxYS5jb20iLCJwYXNzd29yZCI6InRlc3RlIiwiaWF0IjoxNzU5MjYyNjgwLCJleHAiOjE3NTkyNjMyODB9.gXwn0oYxio9huLKCUYkzdjU-_uebRb1i...</msg>
<var>${HEADERS}</var>
<status status="PASS" start="2025-09-30T17:04:39.748610" elapsed="0.005280"/>
</kw>
<kw name="POST On Session" owner="RequestsLibrary">
<msg time="2025-09-30T17:04:39.982469" level="INFO">POST Request : url=https://serverest.dev/usuarios 
 path_url=/usuarios 
 headers={'User-Agent': 'python-requests/2.32.3', 'Accept-Encoding': 'gzip, deflate, br, zstd', 'Accept': '*/*', 'Connection': 'keep-alive', 'Content-Type': 'application/json', 'Authorization': 'Bearer eyJhbGciOiJIUzI1NiIsInR5cCI6IkpXVCJ9.eyJlbWFpbCI6ImZ1bGFub0BxYS5jb20iLCJwYXNzd29yZCI6InRlc3RlIiwiaWF0IjoxNzU5MjYyNjgwLCJleHAiOjE3NTkyNjMyODB9.gXwn0oYxio9huLKCUYkzdjU-_uebRb1iNfsAOUuC1A8', 'Content-Length': '105'} 
 body=b'{"nome": "Usuario tTMMHBsi", "email": "tTMMHBsi@qa.com", "password": "teste123", "administrador": "true"}' 
 </msg>
<msg time="2025-09-30T17:04:39.982469" level="INFO">POST Response : url=https://serverest.dev/usuarios 
 status=201, reason=Created 
 headers={'access-control-allow-origin': '*', 'x-dns-prefetch-control': 'off', 'x-frame-options': 'SAMEORIGIN', 'strict-transport-security': 'max-age=15552000; includeSubDomains', 'x-download-options': 'noopen', 'x-content-type-options': 'nosniff', 'x-xss-protection': '1; mode=block', 'content-type': 'application/json; charset=utf-8', 'x-cloud-trace-context': '24cd611fe276a6aeb44345937fa1909b', 'date': 'Tue, 30 Sep 2025 20:04:40 GMT', 'server': 'Google Frontend', 'Content-Length': '82'} 
 body={
    "message": "Cadastro realizado com sucesso",
    "_id": "SYtuEoFCUNlG9DFm"
} 
 </msg>
<msg time="2025-09-30T17:04:39.983496" level="INFO">C:\Users\raphael\anaconda3\Lib\site-packages\urllib3\connectionpool.py:1099: InsecureRequestWarning: Unverified HTTPS request is being made to host 'serverest.dev'. Adding certificate verification is strongly advised. See: https://urllib3.readthedocs.io/en/latest/advanced-usage.html#tls-warnings
  warnings.warn(</msg>
<msg time="2025-09-30T17:04:39.983496" level="INFO">${RESPONSE} = &lt;Response [201]&gt;</msg>
<var>${RESPONSE}</var>
<arg>${SESSION}</arg>
<arg>/usuarios</arg>
<arg>json=${USER_DATA}</arg>
<arg>headers=${HEADERS}</arg>
<doc>Sends a POST request on a previously created HTTP Session.</doc>
<status status="PASS" start="2025-09-30T17:04:39.753890" elapsed="0.229606"/>
</kw>
<kw name="Validar Cadastro Sucesso">
<kw name="Should Be Equal As Strings" owner="BuiltIn">
<msg time="2025-09-30T17:04:39.984521" level="INFO">Argument types are:
&lt;class 'int'&gt;
&lt;class 'str'&gt;</msg>
<arg>${response.status_code}</arg>
<arg>201</arg>
<doc>Fails if objects are unequal after converting them to strings.</doc>
<status status="PASS" start="2025-09-30T17:04:39.983496" elapsed="0.001025"/>
</kw>
<kw name="Dictionary Should Contain Key" owner="Collections">
<arg>${response.json()}</arg>
<arg>_id</arg>
<doc>Fails if ``key`` is not found from ``dictionary``.</doc>
<status status="PASS" start="2025-09-30T17:04:39.984521" elapsed="0.000000"/>
</kw>
<kw name="Log" owner="BuiltIn">
<msg time="2025-09-30T17:04:39.985341" level="INFO">Cadastro realizado: {
    "message": "Cadastro realizado com sucesso",
    "_id": "SYtuEoFCUNlG9DFm"
}</msg>
<arg>Cadastro realizado: ${response.text}</arg>
<doc>Logs the given message with the given level.</doc>
<status status="PASS" start="2025-09-30T17:04:39.984521" elapsed="0.000820"/>
</kw>
<arg>${RESPONSE}</arg>
<status status="PASS" start="2025-09-30T17:04:39.983496" elapsed="0.001845"/>
</kw>
<kw name="Set Variable" owner="BuiltIn">
<msg time="2025-09-30T17:04:39.986137" level="INFO">${USER_ID} = SYtuEoFCUNlG9DFm</msg>
<var>${USER_ID}</var>
<arg>${RESPONSE.json()['_id']}</arg>
<doc>Returns the given values which can then be assigned to a variables.</doc>
<status status="PASS" start="2025-09-30T17:04:39.985341" elapsed="0.000796"/>
</kw>
<return>
<value>${USER_ID}</value>
<status status="PASS" start="2025-09-30T17:04:39.986137" elapsed="0.000000"/>
</return>
<msg time="2025-09-30T17:04:39.986137" level="INFO">${USER_ID} = SYtuEoFCUNlG9DFm</msg>
<var>${USER_ID}</var>
<status status="PASS" start="2025-09-30T17:04:39.748610" elapsed="0.237527"/>
</kw>
<kw name="Set Suite Variable" owner="BuiltIn">
<msg time="2025-09-30T17:04:39.986693" level="INFO">${USER_ID} = SYtuEoFCUNlG9DFm</msg>
<arg>${USER_ID}</arg>
<arg>${USER_ID}</arg>
<doc>Makes a variable available everywhere within the scope of the current suite.</doc>
<status status="PASS" start="2025-09-30T17:04:39.986693" elapsed="0.000000"/>
</kw>
<status status="PASS" start="2025-09-30T17:04:39.748610" elapsed="0.238083"/>
</kw>
<kw name="Cadastrar Novo Produto">
<kw name="Cadastrar Produto Para Teste">
<kw name="Criar Dados Produto Valido">
<kw name="Generate Random String" owner="String">
<msg time="2025-09-30T17:04:39.987237" level="INFO">${RANDOM_NAME} = FhqhTSmIjz</msg>
<var>${RANDOM_NAME}</var>
<arg>10</arg>
<arg>[LETTERS]</arg>
<doc>Generates a string with a desired ``length`` from the given ``chars``.</doc>
<status status="PASS" start="2025-09-30T17:04:39.987237" elapsed="0.000000"/>
</kw>
<kw name="Create Dictionary" owner="BuiltIn">
<msg time="2025-09-30T17:04:39.987237" level="INFO">${PRODUCT_DATA} = {'nome': 'Produto FhqhTSmIjz', 'preco': '100', 'descricao': 'Descricao do produto FhqhTSmIjz', 'quantidade': '50'}</msg>
<var>${PRODUCT_DATA}</var>
<arg>nome=Produto ${RANDOM_NAME}</arg>
<arg>preco=100</arg>
<arg>descricao=Descricao do produto ${RANDOM_NAME}</arg>
<arg>quantidade=50</arg>
<doc>Creates and returns a dictionary based on the given ``items``.</doc>
<status status="PASS" start="2025-09-30T17:04:39.987237" elapsed="0.000000"/>
</kw>
<kw name="Log" owner="BuiltIn">
<msg time="2025-09-30T17:04:39.987237" level="INFO">Dados do produto: {'nome': 'Produto FhqhTSmIjz', 'preco': '100', 'descricao': 'Descricao do produto FhqhTSmIjz', 'quantidade': '50'}</msg>
<arg>Dados do produto: ${PRODUCT_DATA}</arg>
<doc>Logs the given message with the given level.</doc>
<status status="PASS" start="2025-09-30T17:04:39.987237" elapsed="0.000000"/>
</kw>
<return>
<value>${PRODUCT_DATA}</value>
<status status="PASS" start="2025-09-30T17:04:39.987237" elapsed="0.000000"/>
</return>
<msg time="2025-09-30T17:04:39.987237" level="INFO">${PRODUCT_DATA} = {'nome': 'Produto FhqhTSmIjz', 'preco': '100', 'descricao': 'Descricao do produto FhqhTSmIjz', 'quantidade': '50'}</msg>
<var>${PRODUCT_DATA}</var>
<status status="PASS" start="2025-09-30T17:04:39.987237" elapsed="0.000000"/>
</kw>
<kw name="Criar Headers Com Auth">
<kw name="Create Dictionary" owner="BuiltIn">
<msg time="2025-09-30T17:04:39.988889" level="INFO">${HEADERS} = {'Authorization': 'Bearer eyJhbGciOiJIUzI1NiIsInR5cCI6IkpXVCJ9.eyJlbWFpbCI6ImZ1bGFub0BxYS5jb20iLCJwYXNzd29yZCI6InRlc3RlIiwiaWF0IjoxNzU5MjYyNjgwLCJleHAiOjE3NTkyNjMyODB9.gXwn0oYxio9huLKCUYkzdjU-_uebRb1i...</msg>
<var>${HEADERS}</var>
<arg>Authorization=${AUTH_TOKEN}</arg>
<arg>Content-Type=application/json</arg>
<doc>Creates and returns a dictionary based on the given ``items``.</doc>
<status status="PASS" start="2025-09-30T17:04:39.988889" elapsed="0.000000"/>
</kw>
<return>
<value>${HEADERS}</value>
<status status="PASS" start="2025-09-30T17:04:39.988889" elapsed="0.000000"/>
</return>
<msg time="2025-09-30T17:04:39.988889" level="INFO">${HEADERS} = {'Authorization': 'Bearer eyJhbGciOiJIUzI1NiIsInR5cCI6IkpXVCJ9.eyJlbWFpbCI6ImZ1bGFub0BxYS5jb20iLCJwYXNzd29yZCI6InRlc3RlIiwiaWF0IjoxNzU5MjYyNjgwLCJleHAiOjE3NTkyNjMyODB9.gXwn0oYxio9huLKCUYkzdjU-_uebRb1i...</msg>
<var>${HEADERS}</var>
<status status="PASS" start="2025-09-30T17:04:39.988889" elapsed="0.000000"/>
</kw>
<kw name="POST On Session" owner="RequestsLibrary">
<msg time="2025-09-30T17:04:40.201791" level="INFO">POST Request : url=https://serverest.dev/produtos 
 path_url=/produtos 
 headers={'User-Agent': 'python-requests/2.32.3', 'Accept-Encoding': 'gzip, deflate, br, zstd', 'Accept': '*/*', 'Connection': 'keep-alive', 'Content-Type': 'application/json', 'Authorization': 'Bearer eyJhbGciOiJIUzI1NiIsInR5cCI6IkpXVCJ9.eyJlbWFpbCI6ImZ1bGFub0BxYS5jb20iLCJwYXNzd29yZCI6InRlc3RlIiwiaWF0IjoxNzU5MjYyNjgwLCJleHAiOjE3NTkyNjMyODB9.gXwn0oYxio9huLKCUYkzdjU-_uebRb1iNfsAOUuC1A8', 'Content-Length': '114'} 
 body=b'{"nome": "Produto FhqhTSmIjz", "preco": "100", "descricao": "Descricao do produto FhqhTSmIjz", "quantidade": "50"}' 
 </msg>
<msg time="2025-09-30T17:04:40.201791" level="INFO">POST Response : url=https://serverest.dev/produtos 
 status=201, reason=Created 
 headers={'access-control-allow-origin': '*', 'x-dns-prefetch-control': 'off', 'x-frame-options': 'SAMEORIGIN', 'strict-transport-security': 'max-age=15552000; includeSubDomains', 'x-download-options': 'noopen', 'x-content-type-options': 'nosniff', 'x-xss-protection': '1; mode=block', 'content-type': 'application/json; charset=utf-8', 'x-cloud-trace-context': '48d0053d1760b5b0b44345937fa19257', 'date': 'Tue, 30 Sep 2025 20:04:41 GMT', 'server': 'Google Frontend', 'Content-Length': '82'} 
 body={
    "message": "Cadastro realizado com sucesso",
    "_id": "Aqmt9KFeNuhMlnhM"
} 
 </msg>
<msg time="2025-09-30T17:04:40.201791" level="INFO">C:\Users\raphael\anaconda3\Lib\site-packages\urllib3\connectionpool.py:1099: InsecureRequestWarning: Unverified HTTPS request is being made to host 'serverest.dev'. Adding certificate verification is strongly advised. See: https://urllib3.readthedocs.io/en/latest/advanced-usage.html#tls-warnings
  warnings.warn(</msg>
<msg time="2025-09-30T17:04:40.202807" level="INFO">${RESPONSE} = &lt;Response [201]&gt;</msg>
<var>${RESPONSE}</var>
<arg>${SESSION}</arg>
<arg>/produtos</arg>
<arg>json=${PRODUCT_DATA}</arg>
<arg>headers=${HEADERS}</arg>
<doc>Sends a POST request on a previously created HTTP Session.</doc>
<status status="PASS" start="2025-09-30T17:04:39.988889" elapsed="0.213918"/>
</kw>
<kw name="Validar Cadastro Sucesso">
<kw name="Should Be Equal As Strings" owner="BuiltIn">
<msg time="2025-09-30T17:04:40.203791" level="INFO">Argument types are:
&lt;class 'int'&gt;
&lt;class 'str'&gt;</msg>
<arg>${response.status_code}</arg>
<arg>201</arg>
<doc>Fails if objects are unequal after converting them to strings.</doc>
<status status="PASS" start="2025-09-30T17:04:40.202807" elapsed="0.000984"/>
</kw>
<kw name="Dictionary Should Contain Key" owner="Collections">
<arg>${response.json()}</arg>
<arg>_id</arg>
<doc>Fails if ``key`` is not found from ``dictionary``.</doc>
<status status="PASS" start="2025-09-30T17:04:40.203791" elapsed="0.000000"/>
</kw>
<kw name="Log" owner="BuiltIn">
<msg time="2025-09-30T17:04:40.203791" level="INFO">Cadastro realizado: {
    "message": "Cadastro realizado com sucesso",
    "_id": "Aqmt9KFeNuhMlnhM"
}</msg>
<arg>Cadastro realizado: ${response.text}</arg>
<doc>Logs the given message with the given level.</doc>
<status status="PASS" start="2025-09-30T17:04:40.203791" elapsed="0.001000"/>
</kw>
<arg>${RESPONSE}</arg>
<status status="PASS" start="2025-09-30T17:04:40.202807" elapsed="0.001984"/>
</kw>
<kw name="Set Variable" owner="BuiltIn">
<msg time="2025-09-30T17:04:40.204791" level="INFO">${PRODUCT_ID} = Aqmt9KFeNuhMlnhM</msg>
<var>${PRODUCT_ID}</var>
<arg>${RESPONSE.json()['_id']}</arg>
<doc>Returns the given values which can then be assigned to a variables.</doc>
<status status="PASS" start="2025-09-30T17:04:40.204791" elapsed="0.000000"/>
</kw>
<return>
<value>${PRODUCT_ID}</value>
<status status="PASS" start="2025-09-30T17:04:40.204791" elapsed="0.000000"/>
</return>
<msg time="2025-09-30T17:04:40.204791" level="INFO">${PRODUCT_ID} = Aqmt9KFeNuhMlnhM</msg>
<var>${PRODUCT_ID}</var>
<status status="PASS" start="2025-09-30T17:04:39.987237" elapsed="0.217554"/>
</kw>
<kw name="Set Suite Variable" owner="BuiltIn">
<msg time="2025-09-30T17:04:40.204791" level="INFO">${PRODUCT_ID} = Aqmt9KFeNuhMlnhM</msg>
<arg>${PRODUCT_ID}</arg>
<arg>${PRODUCT_ID}</arg>
<doc>Makes a variable available everywhere within the scope of the current suite.</doc>
<status status="PASS" start="2025-09-30T17:04:40.204791" elapsed="0.000000"/>
</kw>
<status status="PASS" start="2025-09-30T17:04:39.987237" elapsed="0.217554"/>
</kw>
<kw name="Gerenciar Carrinho">
<kw name="Cadastrar Carrinho">
<kw name="Criar Dados Carrinho">
<kw name="Create List" owner="BuiltIn">
<msg time="2025-09-30T17:04:40.205797" level="INFO">${CART_ITEMS} = []</msg>
<var>${CART_ITEMS}</var>
<doc>Returns a list containing given items.</doc>
<status status="PASS" start="2025-09-30T17:04:40.205797" elapsed="0.000000"/>
</kw>
<kw name="Create Dictionary" owner="BuiltIn">
<msg time="2025-09-30T17:04:40.206790" level="INFO">${ITEM} = {'idProduto': 'Aqmt9KFeNuhMlnhM', 'quantidade': '1'}</msg>
<var>${ITEM}</var>
<arg>idProduto=${product_id}</arg>
<arg>quantidade=1</arg>
<doc>Creates and returns a dictionary based on the given ``items``.</doc>
<status status="PASS" start="2025-09-30T17:04:40.205797" elapsed="0.000993"/>
</kw>
<kw name="Append To List" owner="Collections">
<arg>${CART_ITEMS}</arg>
<arg>${ITEM}</arg>
<doc>Adds ``values`` to the end of ``list``.</doc>
<status status="PASS" start="2025-09-30T17:04:40.206790" elapsed="0.000000"/>
</kw>
<kw name="Create Dictionary" owner="BuiltIn">
<msg time="2025-09-30T17:04:40.206790" level="INFO">${CART_DATA} = {'produtos': [{'idProduto': 'Aqmt9KFeNuhMlnhM', 'quantidade': '1'}]}</msg>
<var>${CART_DATA}</var>
<arg>produtos=${CART_ITEMS}</arg>
<doc>Creates and returns a dictionary based on the given ``items``.</doc>
<status status="PASS" start="2025-09-30T17:04:40.206790" elapsed="0.000000"/>
</kw>
<kw name="Log" owner="BuiltIn">
<msg time="2025-09-30T17:04:40.206790" level="INFO">Dados do carrinho: {'produtos': [{'idProduto': 'Aqmt9KFeNuhMlnhM', 'quantidade': '1'}]}</msg>
<arg>Dados do carrinho: ${CART_DATA}</arg>
<doc>Logs the given message with the given level.</doc>
<status status="PASS" start="2025-09-30T17:04:40.206790" elapsed="0.000000"/>
</kw>
<return>
<value>${CART_DATA}</value>
<status status="PASS" start="2025-09-30T17:04:40.206790" elapsed="0.000000"/>
</return>
<msg time="2025-09-30T17:04:40.206790" level="INFO">${CART_DATA} = {'produtos': [{'idProduto': 'Aqmt9KFeNuhMlnhM', 'quantidade': '1'}]}</msg>
<var>${CART_DATA}</var>
<arg>${product_id}</arg>
<status status="PASS" start="2025-09-30T17:04:40.205797" elapsed="0.000993"/>
</kw>
<kw name="Criar Headers Com Auth">
<kw name="Create Dictionary" owner="BuiltIn">
<msg time="2025-09-30T17:04:40.207788" level="INFO">${HEADERS} = {'Authorization': 'Bearer eyJhbGciOiJIUzI1NiIsInR5cCI6IkpXVCJ9.eyJlbWFpbCI6ImZ1bGFub0BxYS5jb20iLCJwYXNzd29yZCI6InRlc3RlIiwiaWF0IjoxNzU5MjYyNjgwLCJleHAiOjE3NTkyNjMyODB9.gXwn0oYxio9huLKCUYkzdjU-_uebRb1i...</msg>
<var>${HEADERS}</var>
<arg>Authorization=${AUTH_TOKEN}</arg>
<arg>Content-Type=application/json</arg>
<doc>Creates and returns a dictionary based on the given ``items``.</doc>
<status status="PASS" start="2025-09-30T17:04:40.207788" elapsed="0.000000"/>
</kw>
<return>
<value>${HEADERS}</value>
<status status="PASS" start="2025-09-30T17:04:40.207788" elapsed="0.000000"/>
</return>
<msg time="2025-09-30T17:04:40.207788" level="INFO">${HEADERS} = {'Authorization': 'Bearer eyJhbGciOiJIUzI1NiIsInR5cCI6IkpXVCJ9.eyJlbWFpbCI6ImZ1bGFub0BxYS5jb20iLCJwYXNzd29yZCI6InRlc3RlIiwiaWF0IjoxNzU5MjYyNjgwLCJleHAiOjE3NTkyNjMyODB9.gXwn0oYxio9huLKCUYkzdjU-_uebRb1i...</msg>
<var>${HEADERS}</var>
<status status="PASS" start="2025-09-30T17:04:40.207788" elapsed="0.000000"/>
</kw>
<kw name="POST On Session" owner="RequestsLibrary">
<msg time="2025-09-30T17:04:40.435400" level="INFO">POST Request : url=https://serverest.dev/carrinhos 
 path_url=/carrinhos 
 headers={'User-Agent': 'python-requests/2.32.3', 'Accept-Encoding': 'gzip, deflate, br, zstd', 'Accept': '*/*', 'Connection': 'keep-alive', 'Content-Type': 'application/json', 'Authorization': 'Bearer eyJhbGciOiJIUzI1NiIsInR5cCI6IkpXVCJ9.eyJlbWFpbCI6ImZ1bGFub0BxYS5jb20iLCJwYXNzd29yZCI6InRlc3RlIiwiaWF0IjoxNzU5MjYyNjgwLCJleHAiOjE3NTkyNjMyODB9.gXwn0oYxio9huLKCUYkzdjU-_uebRb1iNfsAOUuC1A8', 'Content-Length': '68'} 
 body=b'{"produtos": [{"idProduto": "Aqmt9KFeNuhMlnhM", "quantidade": "1"}]}' 
 </msg>
<msg time="2025-09-30T17:04:40.435400" level="INFO">POST Response : url=https://serverest.dev/carrinhos 
 status=400, reason=Bad Request 
 headers={'access-control-allow-origin': '*', 'x-dns-prefetch-control': 'off', 'x-frame-options': 'SAMEORIGIN', 'strict-transport-security': 'max-age=15552000; includeSubDomains', 'x-download-options': 'noopen', 'x-content-type-options': 'nosniff', 'x-xss-protection': '1; mode=block', 'content-type': 'application/json; charset=utf-8', 'x-cloud-trace-context': '016df7d155943e6e3fd4944b2bfd6280', 'date': 'Tue, 30 Sep 2025 20:04:41 GMT', 'server': 'Google Frontend', 'Content-Length': '61'} 
 body={
    "message": "Não é permitido ter mais de 1 carrinho"
} 
 </msg>
<msg time="2025-09-30T17:04:40.436580" level="INFO">C:\Users\raphael\anaconda3\Lib\site-packages\urllib3\connectionpool.py:1099: InsecureRequestWarning: Unverified HTTPS request is being made to host 'serverest.dev'. Adding certificate verification is strongly advised. See: https://urllib3.readthedocs.io/en/latest/advanced-usage.html#tls-warnings
  warnings.warn(</msg>
<msg time="2025-09-30T17:04:40.436580" level="FAIL">HTTPError: 400 Client Error: Bad Request for url: https://serverest.dev/carrinhos</msg>
<var>${RESPONSE}</var>
<arg>${SESSION}</arg>
<arg>/carrinhos</arg>
<arg>json=${CART_DATA}</arg>
<arg>headers=${HEADERS}</arg>
<doc>Sends a POST request on a previously created HTTP Session.</doc>
<status status="FAIL" start="2025-09-30T17:04:40.207788" elapsed="0.229344">HTTPError: 400 Client Error: Bad Request for url: https://serverest.dev/carrinhos</status>
</kw>
<kw name="Validar Cadastro Carrinho Sucesso">
<arg>${RESPONSE}</arg>
<status status="NOT RUN" start="2025-09-30T17:04:40.437132" elapsed="0.001753"/>
</kw>
<kw name="Set Variable" owner="BuiltIn">
<var>${CART_ID}</var>
<arg>${RESPONSE.json()['_id']}</arg>
<doc>Returns the given values which can then be assigned to a variables.</doc>
<status status="NOT RUN" start="2025-09-30T17:04:40.438885" elapsed="0.000000"/>
</kw>
<return>
<value>${CART_ID}</value>
<status status="NOT RUN" start="2025-09-30T17:04:40.438885" elapsed="0.000000"/>
</return>
<var>${CART_ID}</var>
<arg>${PRODUCT_ID}</arg>
<status status="FAIL" start="2025-09-30T17:04:40.205797" elapsed="0.233088">HTTPError: 400 Client Error: Bad Request for url: https://serverest.dev/carrinhos</status>
</kw>
<kw name="Set Suite Variable" owner="BuiltIn">
<arg>${CART_ID}</arg>
<arg>${CART_ID}</arg>
<doc>Makes a variable available everywhere within the scope of the current suite.</doc>
<status status="NOT RUN" start="2025-09-30T17:04:40.438885" elapsed="0.000000"/>
</kw>
<status status="FAIL" start="2025-09-30T17:04:40.205797" elapsed="0.233088">HTTPError: 400 Client Error: Bad Request for url: https://serverest.dev/carrinhos</status>
</kw>
<kw name="Finalizar Fluxo">
<status status="NOT RUN" start="2025-09-30T17:04:40.438885" elapsed="0.000000"/>
</kw>
<doc>Teste completo do fluxo de e-commerce: login, usuários, produtos e carrinho</doc>
<tag>completo</tag>
<tag>fluxo-ecommerce</tag>
<status status="FAIL" start="2025-09-30T17:04:38.989680" elapsed="1.449205">HTTPError: 400 Client Error: Bad Request for url: https://serverest.dev/carrinhos</status>
</test>
<test id="s1-s1-t2" name="Teste Endpoints Usuários" line="41">
<kw name="Criar Sessão API">
<kw name="Create Session" owner="RequestsLibrary">
<msg time="2025-09-30T17:04:40.440892" level="INFO">Creating Session using : alias=serverest, url=https://serverest.dev, headers={'Content-Type': 'application/json'},                     cookies={}, auth=None, timeout=None, proxies=None, verify=False,                     debug=0 </msg>
<arg>serverest</arg>
<arg>${BASE_URL}</arg>
<arg>headers=&amp;{DEFAULT_HEADERS}</arg>
<doc>Create Session: create a HTTP session to a server</doc>
<status status="PASS" start="2025-09-30T17:04:40.440892" elapsed="0.000000"/>
</kw>
<kw name="Set Suite Variable" owner="BuiltIn">
<msg time="2025-09-30T17:04:40.440892" level="INFO">${SESSION} = serverest</msg>
<arg>${SESSION}</arg>
<arg>serverest</arg>
<doc>Makes a variable available everywhere within the scope of the current suite.</doc>
<status status="PASS" start="2025-09-30T17:04:40.440892" elapsed="0.000000"/>
</kw>
<status status="PASS" start="2025-09-30T17:04:40.439892" elapsed="0.001000"/>
</kw>
<kw name="Realizar Login Com Sucesso">
<kw name="Criar Dados Login">
<kw name="Create Dictionary" owner="BuiltIn">
<msg time="2025-09-30T17:04:40.441907" level="INFO">${LOGIN_DATA} = {'email': 'fulano@qa.com', 'password': 'teste'}</msg>
<var>${LOGIN_DATA}</var>
<arg>email=${email}</arg>
<arg>password=${password}</arg>
<doc>Creates and returns a dictionary based on the given ``items``.</doc>
<status status="PASS" start="2025-09-30T17:04:40.441907" elapsed="0.000000"/>
</kw>
<return>
<value>${LOGIN_DATA}</value>
<status status="PASS" start="2025-09-30T17:04:40.442457" elapsed="0.000000"/>
</return>
<msg time="2025-09-30T17:04:40.442457" level="INFO">${LOGIN_DATA} = {'email': 'fulano@qa.com', 'password': 'teste'}</msg>
<var>${LOGIN_DATA}</var>
<arg>${EMAIL}</arg>
<arg>${PASSWORD}</arg>
<status status="PASS" start="2025-09-30T17:04:40.441907" elapsed="0.000550"/>
</kw>
<kw name="POST On Session" owner="RequestsLibrary">
<msg time="2025-09-30T17:04:41.211371" level="INFO">POST Request : url=https://serverest.dev/login 
 path_url=/login 
 headers={'User-Agent': 'python-requests/2.32.3', 'Accept-Encoding': 'gzip, deflate, br, zstd', 'Accept': '*/*', 'Connection': 'keep-alive', 'Content-Type': 'application/json', 'Content-Length': '47'} 
 body=b'{"email": "fulano@qa.com", "password": "teste"}' 
 </msg>
<msg time="2025-09-30T17:04:41.211371" level="INFO">POST Response : url=https://serverest.dev/login 
 status=200, reason=OK 
 headers={'access-control-allow-origin': '*', 'x-dns-prefetch-control': 'off', 'x-frame-options': 'SAMEORIGIN', 'strict-transport-security': 'max-age=15552000; includeSubDomains', 'x-download-options': 'noopen', 'x-content-type-options': 'nosniff', 'x-xss-protection': '1; mode=block', 'content-type': 'application/json; charset=utf-8', 'x-cloud-trace-context': '8bc9822d0e23c6b24feae6c75ab18d51', 'date': 'Tue, 30 Sep 2025 20:04:42 GMT', 'server': 'Google Frontend', 'Content-Length': '265'} 
 body={
    "message": "Login realizado com sucesso",
    "authorization": "Bearer eyJhbGciOiJIUzI1NiIsInR5cCI6IkpXVCJ9.eyJlbWFpbCI6ImZ1bGFub0BxYS5jb20iLCJwYXNzd29yZCI6InRlc3RlIiwiaWF0IjoxNzU5MjYyNjgyLCJleHAiOjE3NTkyNjMyODJ9.SnzcgjgWFmxMTJ_lTrC7O_Wml273qJIQnXhT2HfUbEc"
} 
 </msg>
<msg time="2025-09-30T17:04:41.211371" level="INFO">C:\Users\raphael\anaconda3\Lib\site-packages\urllib3\connectionpool.py:1099: InsecureRequestWarning: Unverified HTTPS request is being made to host 'serverest.dev'. Adding certificate verification is strongly advised. See: https://urllib3.readthedocs.io/en/latest/advanced-usage.html#tls-warnings
  warnings.warn(</msg>
<msg time="2025-09-30T17:04:41.212365" level="INFO">${RESPONSE} = &lt;Response [200]&gt;</msg>
<var>${RESPONSE}</var>
<arg>${SESSION}</arg>
<arg>/login</arg>
<arg>json=${LOGIN_DATA}</arg>
<doc>Sends a POST request on a previously created HTTP Session.</doc>
<status status="PASS" start="2025-09-30T17:04:40.442457" elapsed="0.769908"/>
</kw>
<kw name="Validar Login Com Sucesso">
<kw name="Should Be Equal As Strings" owner="BuiltIn">
<msg time="2025-09-30T17:04:41.213385" level="INFO">Argument types are:
&lt;class 'int'&gt;
&lt;class 'str'&gt;</msg>
<arg>${response.status_code}</arg>
<arg>200</arg>
<doc>Fails if objects are unequal after converting them to strings.</doc>
<status status="PASS" start="2025-09-30T17:04:41.212365" elapsed="0.001020"/>
</kw>
<kw name="Dictionary Should Contain Key" owner="Collections">
<arg>${response.json()}</arg>
<arg>authorization</arg>
<doc>Fails if ``key`` is not found from ``dictionary``.</doc>
<status status="PASS" start="2025-09-30T17:04:41.213385" elapsed="0.000000"/>
</kw>
<kw name="Set Variable" owner="BuiltIn">
<msg time="2025-09-30T17:04:41.214365" level="INFO">${TOKEN} = Bearer eyJhbGciOiJIUzI1NiIsInR5cCI6IkpXVCJ9.eyJlbWFpbCI6ImZ1bGFub0BxYS5jb20iLCJwYXNzd29yZCI6InRlc3RlIiwiaWF0IjoxNzU5MjYyNjgyLCJleHAiOjE3NTkyNjMyODJ9.SnzcgjgWFmxMTJ_lTrC7O_Wml273qJIQnXhT2HfUbEc</msg>
<var>${TOKEN}</var>
<arg>${response.json()['authorization']}</arg>
<doc>Returns the given values which can then be assigned to a variables.</doc>
<status status="PASS" start="2025-09-30T17:04:41.213385" elapsed="0.000980"/>
</kw>
<kw name="Set Suite Variable" owner="BuiltIn">
<msg time="2025-09-30T17:04:41.214365" level="INFO">${AUTH_TOKEN} = Bearer eyJhbGciOiJIUzI1NiIsInR5cCI6IkpXVCJ9.eyJlbWFpbCI6ImZ1bGFub0BxYS5jb20iLCJwYXNzd29yZCI6InRlc3RlIiwiaWF0IjoxNzU5MjYyNjgyLCJleHAiOjE3NTkyNjMyODJ9.SnzcgjgWFmxMTJ_lTrC7O_Wml273qJIQnXhT2HfUbEc</msg>
<arg>${AUTH_TOKEN}</arg>
<arg>${TOKEN}</arg>
<doc>Makes a variable available everywhere within the scope of the current suite.</doc>
<status status="PASS" start="2025-09-30T17:04:41.214365" elapsed="0.000000"/>
</kw>
<kw name="Log" owner="BuiltIn">
<msg time="2025-09-30T17:04:41.214365" level="INFO">Token obtido: Bearer eyJhbGciOiJIUzI1NiIsInR5cCI6IkpXVCJ9.eyJlbWFpbCI6ImZ1bGFub0BxYS5jb20iLCJwYXNzd29yZCI6InRlc3RlIiwiaWF0IjoxNzU5MjYyNjgyLCJleHAiOjE3NTkyNjMyODJ9.SnzcgjgWFmxMTJ_lTrC7O_Wml273qJIQnXhT2HfUbEc</msg>
<arg>Token obtido: ${TOKEN}</arg>
<doc>Logs the given message with the given level.</doc>
<status status="PASS" start="2025-09-30T17:04:41.214365" elapsed="0.000000"/>
</kw>
<arg>${RESPONSE}</arg>
<status status="PASS" start="2025-09-30T17:04:41.212365" elapsed="0.002000"/>
</kw>
<status status="PASS" start="2025-09-30T17:04:40.440892" elapsed="0.774070"/>
</kw>
<kw name="Listar Todos Usuários">
<kw name="Criar Headers Com Auth">
<kw name="Create Dictionary" owner="BuiltIn">
<msg time="2025-09-30T17:04:41.215284" level="INFO">${HEADERS} = {'Authorization': 'Bearer eyJhbGciOiJIUzI1NiIsInR5cCI6IkpXVCJ9.eyJlbWFpbCI6ImZ1bGFub0BxYS5jb20iLCJwYXNzd29yZCI6InRlc3RlIiwiaWF0IjoxNzU5MjYyNjgyLCJleHAiOjE3NTkyNjMyODJ9.SnzcgjgWFmxMTJ_lTrC7O_Wml273qJIQ...</msg>
<var>${HEADERS}</var>
<arg>Authorization=${AUTH_TOKEN}</arg>
<arg>Content-Type=application/json</arg>
<doc>Creates and returns a dictionary based on the given ``items``.</doc>
<status status="PASS" start="2025-09-30T17:04:41.215284" elapsed="0.000000"/>
</kw>
<return>
<value>${HEADERS}</value>
<status status="PASS" start="2025-09-30T17:04:41.215284" elapsed="0.000000"/>
</return>
<msg time="2025-09-30T17:04:41.215284" level="INFO">${HEADERS} = {'Authorization': 'Bearer eyJhbGciOiJIUzI1NiIsInR5cCI6IkpXVCJ9.eyJlbWFpbCI6ImZ1bGFub0BxYS5jb20iLCJwYXNzd29yZCI6InRlc3RlIiwiaWF0IjoxNzU5MjYyNjgyLCJleHAiOjE3NTkyNjMyODJ9.SnzcgjgWFmxMTJ_lTrC7O_Wml273qJIQ...</msg>
<var>${HEADERS}</var>
<status status="PASS" start="2025-09-30T17:04:41.215284" elapsed="0.000000"/>
</kw>
<kw name="GET On Session" owner="RequestsLibrary">
<msg time="2025-09-30T17:04:41.738748" level="INFO">GET Request : url=https://serverest.dev/usuarios 
 path_url=/usuarios 
 headers={'User-Agent': 'python-requests/2.32.3', 'Accept-Encoding': 'gzip, deflate, br, zstd', 'Accept': '*/*', 'Connection': 'keep-alive', 'Content-Type': 'application/json', 'Authorization': 'Bearer eyJhbGciOiJIUzI1NiIsInR5cCI6IkpXVCJ9.eyJlbWFpbCI6ImZ1bGFub0BxYS5jb20iLCJwYXNzd29yZCI6InRlc3RlIiwiaWF0IjoxNzU5MjYyNjgyLCJleHAiOjE3NTkyNjMyODJ9.SnzcgjgWFmxMTJ_lTrC7O_Wml273qJIQnXhT2HfUbEc'} 
 body=None 
 </msg>
<msg time="2025-09-30T17:04:41.738748" level="INFO">GET Response : url=https://serverest.dev/usuarios 
 status=200, reason=OK 
 headers={'access-control-allow-origin': '*', 'x-dns-prefetch-control': 'off', 'x-frame-options': 'SAMEORIGIN', 'strict-transport-security': 'max-age=15552000; includeSubDomains', 'x-download-options': 'noopen', 'x-content-type-options': 'nosniff', 'x-xss-protection': '1; mode=block', 'content-type': 'application/json; charset=utf-8', 'x-cloud-trace-context': '63fd4f789206da264feae6c75ab18530', 'date': 'Tue, 30 Sep 2025 20:04:42 GMT', 'server': 'Google Frontend', 'Content-Length': '91905'} 
 body={
    "quantidade": 418,
    "usuarios": [
        {
            "nome": "jab",
            "email": "jab@gmail.com",
            "password": "123",
            "administrador": "true",
            "_id": "011fpCmE2ATYOqLA"
        },
        {
            "nome": "Mrs. Ann Smith",
            "email": "Lou54@teste.com",
            "password": "_SXKJpVySBKSuel",
            "administrador": "true",
            "_id": "0Jkukzu6pgf3XVbc"
        },
        {
            "nome": "joao",
            "email": "joao123@email.com",
            "password": "joao123",
            "administrador": "true",
            "_id": "0s1i8H8OUh37urq4"
        },
        {
            "nome": "Fulano da Silva",
            "email": "fulano@qa.com",
            "password": "teste",
            "administrador": "true",
            "_id": "0uxuPY0cbmQhpEz1"
        },
        {
            "nome": "Latoya Jerde-Schulist",
            "email": "Ava0@teste.com",
            "password": "I9DtBKPZfAWhv1f",
            "administrador": "true",
            "_id": "15xKEnci64srT72O"
        },
        {
            "nome": "Oscar Pagac",
            "email": "oscarpagac@test.com",
            "password": "Test;123",
            "administrador": "true",
            "_id": "1AC3cjoakPNdDrpL"
        },
        {
            "nome": "Fulano da Silva",
            "email": "beltrano@qa.com.br",
            "password": "teste",
            "administrador": "true",
            "_id": "1X1BgQX2HcbqZpcf"
        },
        {
            "nome": "Fulano da silva",
            "email": "rtmx@emailteste.com",
            "password": "4313",
            "administrador": "true",
            "_id": "1zRhnGfaWOAIUyqY"
        },
        {
            "nome": "Gustavo Pequeno",
            "email": "gustavo@teste.com.br",
            "password": "123456",
            "administrador": "false",
            "_id": "20dH2NTXep50Sk9w"
        },
        {
            "nome": "User B",
            "email": "userB.1759259130714@qa.com.br",
            "password": "def",
            "administrador": "true",
            "_id": "26MLWExQyXONNYv2"
        },
        {
            "nome": "1xjD Fulado da Silva",
            "email": "1xjd@emailteste.com",
            "password": "1234",
            "administrador": "true",
            "_id": "2C4cqfVngw0n79rl"
        },
        {
            "nome": "User A",
            "email": "userA.1759259130714@qa.com.br",
            "password": "abc",
            "administrador": "true",
            "_id": "2UynNuXBYmb2E1W0"
        },
        {
            "nome": "Richard Klein-Cassin",
            "email": "Carolanne.Watsica@teste.com",
            "password": "kZ5PCgaqnRaSSlm",
            "administrador": "true",
            "_id": "2gjw09paC9oBGkN7"
        },
        {
            "nome": "Keith Medhurst-Feest",
            "email": "Rebeka.Rohan37@teste.com",
            "password": "vee0NC2aTzhvkcU",
            "administrador": "true",
            "_id": "2xY1yVBDbTeIjIpI"
        },
        {
            "nome": "Login Test User",
            "email": "login.1759262020357@qa.com.br",
            "password": "teste123",
            "administrador": "true",
            "_id": "31TzNn0zaZrLK0oq"
        },
        {
            "nome": "Verna Robel",
            "email": "Fred.Schmidt22@teste.com",
            "password": "U56xq_5JA7xBYJe",
            "administrador": "true",
            "_id": "33xoX2aC4Yy6vfN3"
        },
        {
            "nome": "Fulano da Silva",
            "email": "beltrano2@qa.com.br",
            "password": "teste",
            "administrador": "true",
            "_id": "34DCv8bzn4yFE8Or"
        },
        {
            "nome": "Common User",
            "email": "nonadmin.1759262030093@qa.com.br",
            "password": "senha",
            "administrador": "false",
            "_id": "3H3fx6dMVwiB74FQ"
        },
        {
            "nome": "Amber Ziemann",
            "email": "Elenora74@teste.com",
            "password": "3nNVFzfQYuUhJxz",
            "administrador": "true",
            "_id": "3SMGHYpusYJqUPTr"
        },
        {
            "nome": "jer priestt",
            "email": "teiprewaslll@gmail.com",
            "password": "123",
            "administrador": "true",
            "_id": "3a1oqpRTfP13t0Vx"
        },
        {
            "nome": "Edmund Pagac",
            "email": "Tate_Miller@teste.com",
            "password": "QFlv8yDDOlEUgoO",
            "administrador": "true",
            "_id": "3ehz4d2BfORuDg3i"
        },
        {
            "nome": "Gary Jerde",
            "email": "Bettye11@teste.com",
            "password": "c5bmfqDbGiXH5Ae",
            "administrador": "true",
            "_id": "3hXFjwAe09Fni6vD"
        },
        {
            "nome": "Fulano da silva",
            "email": "iarp@emailteste.com",
            "password": "5203",
            "administrador": "true",
            "_id": "3svXPqaTg0aI9uak"
        },
        {
            "nome": "Ghost User",
            "email": "ghost.1759259857570@qa.com.br",
            "password": "invisivel",
            "administrador": "false",
            "_id": "3zcuokc5BRdfOSgz"
        },
        {
            "nome": "Noah Dietrich",
            "email": "Nathen.Auer56@hotmail.com",
            "password": "X8WX4beKsegrYNy",
            "administrador": "false",
            "_id": "3zt1RvUHhQYXuV1o"
        },
        {
            "nome": "Darrin.Crist29",
            "email": "Ladarius_Borer@gmail.com",
            "password": "298070714",
            "administrador": "true",
            "_id": "4HFzwWixZR6TrJ1K"
        },
        {
            "nome": "Cypress Admin 1759234841410",
            "email": "cypress_admin_1759234841410@cypress.com",
            "password": "123456",
            "administrador": "true",
            "_id": "4HePUASHdJrgS7Rn"
        },
        {
            "nome": "Kieran_Ernser29",
            "email": "Neil_Adams0@gmail.com",
            "password": "397159952",
            "administrador": "true",
            "_id": "4Oi6YaXIYdnm3Sxi"
        },
        {
            "nome": "Luiza Laradina",
            "email": "Luiza_Laradina_811@hotmail.com",
            "password": "526#LGw",
            "administrador": "true",
            "_id": "4dJ6XJYwHeUd0qA0"
        },
        {
            "nome": "Shelia Hansen I",
            "email": "Granville_Okuneva73@teste.com",
            "password": "UScVwuVAXGIfpeu",
            "administrador": "true",
            "_id": "57Lafh9nq62qF3Fm"
        },
        {
            "nome": "Wesley Abbott",
            "email": "Minerva.Wiegand32@hotmail.com",
            "password": "IsUUX2oNir3ZNOh",
            "administrador": "false",
            "_id": "5ByaDjnPUqeeUD0x"
        },
        {
            "nome": "Arlie",
            "email": "melissia.pagac@hotmail.com",
            "password": "20f4mn8lxlf2",
            "administrador": "true",
            "_id": "5IUnLDTlcxEfEJL0"
        },
        {
            "nome": "Lara Oliveira",
            "email": "Lara_Oliveira_355@hotmail.com",
            "password": "416#qRd",
            "administrador": "true",
            "_id": "5U40qRQsgZgMrlii"
        },
        {
            "nome": "Debbie Keebler",
            "email": "Lysanne.Trantow@teste.com",
            "password": "_qNpUdiu3rouOyi",
            "administrador": "true",
            "_id": "5ZZ1JRmpu2ccOWWM"
        },
        {
            "nome": "Olivia Simonis",
            "email": "Sterling.Robel89@teste.com",
            "password": "K31WmBdRviQ0tfr",
            "administrador": "false",
            "_id": "5egb3MsOVB9LYcEW"
        },
        {
            "nome": "Gustavo 12345",
            "email": "gustavo+1@teste.com.br",
            "password": "123456",
            "administrador": "false",
            "_id": "5fDu5q2LZ6nVY5QK"
        },
        {
            "nome": "Fulano da silva",
            "email": "liwq@emailteste.com",
            "password": "0414",
            "administrador": "true",
            "_id": "5g4CsMgVFKpH6AmL"
        },
        {
            "nome": "Wendell Koch",
            "email": "Emilia.Hane3@teste.com",
            "password": "FKRFWlGriXPELtX",
            "administrador": "true",
            "_id": "5qZUb3naITdKhAUR"
        },
        {
            "nome": "FYPD Fulado da Silva",
            "email": "fypd@emailteste.com",
            "password": "1234",
            "administrador": "true",
            "_id": "5wTu6GbmFQyQKT78"
        },
        {
            "nome": "Fulano da Silva",
            "email": "dtwz@email.com",
            "password": "1234",
            "administrador": "true",
            "_id": "65te8Yaw4XSpshxH"
        },
        {
            "nome": "Yvonne Goodwin DDS",
            "email": "Stanley_Will@teste.com",
            "password": "tghyS9I8coQoXIg",
            "administrador": "true",
            "_id": "699CepKPkoLpUXOw"
        },
        {
            "nome": "Marc Hane",
            "email": "Eli.Kihn28@teste.com",
            "password": "2r6RgKeWZ4o_1WX",
            "administrador": "true",
            "_id": "6UcSTBfBsJLuVjPH"
        },
        {
            "nome": "Fulano da Silva",
            "email": "lkbo@email.com",
            "password": "1234",
            "administrador": "true",
            "_id": "6afs7oimHF7huFAw"
        },
        {
            "nome": "Lucille Ritchie",
            "email": "Zane_Ferry@teste.com",
            "password": "iGzWfZh3drEJqWF",
            "administrador": "true",
            "_id": "6xZkFs5EWisPHBxw"
        },
        {
            "nome": "Crystal Bartell",
            "email": "Kenya.Strosin84@teste.com",
            "password": "WfDzo0gprI5z7RB",
            "administrador": "true",
            "_id": "75Wrnh9KQeAw6Ydv"
        },
        {
            "nome": "Cypress Admin 1759234876327",
            "email": "cypress_admin_1759234876327@cypress.co... (set the log level to DEBUG or TRACE to see the full content) 
 </msg>
<msg time="2025-09-30T17:04:41.738748" level="INFO">C:\Users\raphael\anaconda3\Lib\site-packages\urllib3\connectionpool.py:1099: InsecureRequestWarning: Unverified HTTPS request is being made to host 'serverest.dev'. Adding certificate verification is strongly advised. See: https://urllib3.readthedocs.io/en/latest/advanced-usage.html#tls-warnings
  warnings.warn(</msg>
<msg time="2025-09-30T17:04:41.738748" level="INFO">${RESPONSE} = &lt;Response [200]&gt;</msg>
<var>${RESPONSE}</var>
<arg>${SESSION}</arg>
<arg>/usuarios</arg>
<arg>headers=${HEADERS}</arg>
<doc>Sends a GET request on a previously created HTTP Session.</doc>
<status status="PASS" start="2025-09-30T17:04:41.215284" elapsed="0.523464"/>
</kw>
<kw name="Validar Resposta Sucesso">
<kw name="Should Be Equal As Strings" owner="BuiltIn">
<msg time="2025-09-30T17:04:41.738748" level="INFO">Argument types are:
&lt;class 'int'&gt;
&lt;class 'str'&gt;</msg>
<arg>${response.status_code}</arg>
<arg>200</arg>
<doc>Fails if objects are unequal after converting them to strings.</doc>
<status status="PASS" start="2025-09-30T17:04:41.738748" elapsed="0.000000"/>
</kw>
<kw name="Log" owner="BuiltIn">
<msg time="2025-09-30T17:04:41.738748" level="INFO">Resposta: {
    "quantidade": 418,
    "usuarios": [
        {
            "nome": "jab",
            "email": "jab@gmail.com",
            "password": "123",
            "administrador": "true",
            "_id": "011fpCmE2ATYOqLA"
        },
        {
            "nome": "Mrs. Ann Smith",
            "email": "Lou54@teste.com",
            "password": "_SXKJpVySBKSuel",
            "administrador": "true",
            "_id": "0Jkukzu6pgf3XVbc"
        },
        {
            "nome": "joao",
            "email": "joao123@email.com",
            "password": "joao123",
            "administrador": "true",
            "_id": "0s1i8H8OUh37urq4"
        },
        {
            "nome": "Fulano da Silva",
            "email": "fulano@qa.com",
            "password": "teste",
            "administrador": "true",
            "_id": "0uxuPY0cbmQhpEz1"
        },
        {
            "nome": "Latoya Jerde-Schulist",
            "email": "Ava0@teste.com",
            "password": "I9DtBKPZfAWhv1f",
            "administrador": "true",
            "_id": "15xKEnci64srT72O"
        },
        {
            "nome": "Oscar Pagac",
            "email": "oscarpagac@test.com",
            "password": "Test;123",
            "administrador": "true",
            "_id": "1AC3cjoakPNdDrpL"
        },
        {
            "nome": "Fulano da Silva",
            "email": "beltrano@qa.com.br",
            "password": "teste",
            "administrador": "true",
            "_id": "1X1BgQX2HcbqZpcf"
        },
        {
            "nome": "Fulano da silva",
            "email": "rtmx@emailteste.com",
            "password": "4313",
            "administrador": "true",
            "_id": "1zRhnGfaWOAIUyqY"
        },
        {
            "nome": "Gustavo Pequeno",
            "email": "gustavo@teste.com.br",
            "password": "123456",
            "administrador": "false",
            "_id": "20dH2NTXep50Sk9w"
        },
        {
            "nome": "User B",
            "email": "userB.1759259130714@qa.com.br",
            "password": "def",
            "administrador": "true",
            "_id": "26MLWExQyXONNYv2"
        },
        {
            "nome": "1xjD Fulado da Silva",
            "email": "1xjd@emailteste.com",
            "password": "1234",
            "administrador": "true",
            "_id": "2C4cqfVngw0n79rl"
        },
        {
            "nome": "User A",
            "email": "userA.1759259130714@qa.com.br",
            "password": "abc",
            "administrador": "true",
            "_id": "2UynNuXBYmb2E1W0"
        },
        {
            "nome": "Richard Klein-Cassin",
            "email": "Carolanne.Watsica@teste.com",
            "password": "kZ5PCgaqnRaSSlm",
            "administrador": "true",
            "_id": "2gjw09paC9oBGkN7"
        },
        {
            "nome": "Keith Medhurst-Feest",
            "email": "Rebeka.Rohan37@teste.com",
            "password": "vee0NC2aTzhvkcU",
            "administrador": "true",
            "_id": "2xY1yVBDbTeIjIpI"
        },
        {
            "nome": "Login Test User",
            "email": "login.1759262020357@qa.com.br",
            "password": "teste123",
            "administrador": "true",
            "_id": "31TzNn0zaZrLK0oq"
        },
        {
            "nome": "Verna Robel",
            "email": "Fred.Schmidt22@teste.com",
            "password": "U56xq_5JA7xBYJe",
            "administrador": "true",
            "_id": "33xoX2aC4Yy6vfN3"
        },
        {
            "nome": "Fulano da Silva",
            "email": "beltrano2@qa.com.br",
            "password": "teste",
            "administrador": "true",
            "_id": "34DCv8bzn4yFE8Or"
        },
        {
            "nome": "Common User",
            "email": "nonadmin.1759262030093@qa.com.br",
            "password": "senha",
            "administrador": "false",
            "_id": "3H3fx6dMVwiB74FQ"
        },
        {
            "nome": "Amber Ziemann",
            "email": "Elenora74@teste.com",
            "password": "3nNVFzfQYuUhJxz",
            "administrador": "true",
            "_id": "3SMGHYpusYJqUPTr"
        },
        {
            "nome": "jer priestt",
            "email": "teiprewaslll@gmail.com",
            "password": "123",
            "administrador": "true",
            "_id": "3a1oqpRTfP13t0Vx"
        },
        {
            "nome": "Edmund Pagac",
            "email": "Tate_Miller@teste.com",
            "password": "QFlv8yDDOlEUgoO",
            "administrador": "true",
            "_id": "3ehz4d2BfORuDg3i"
        },
        {
            "nome": "Gary Jerde",
            "email": "Bettye11@teste.com",
            "password": "c5bmfqDbGiXH5Ae",
            "administrador": "true",
            "_id": "3hXFjwAe09Fni6vD"
        },
        {
            "nome": "Fulano da silva",
            "email": "iarp@emailteste.com",
            "password": "5203",
            "administrador": "true",
            "_id": "3svXPqaTg0aI9uak"
        },
        {
            "nome": "Ghost User",
            "email": "ghost.1759259857570@qa.com.br",
            "password": "invisivel",
            "administrador": "false",
            "_id": "3zcuokc5BRdfOSgz"
        },
        {
            "nome": "Noah Dietrich",
            "email": "Nathen.Auer56@hotmail.com",
            "password": "X8WX4beKsegrYNy",
            "administrador": "false",
            "_id": "3zt1RvUHhQYXuV1o"
        },
        {
            "nome": "Darrin.Crist29",
            "email": "Ladarius_Borer@gmail.com",
            "password": "298070714",
            "administrador": "true",
            "_id": "4HFzwWixZR6TrJ1K"
        },
        {
            "nome": "Cypress Admin 1759234841410",
            "email": "cypress_admin_1759234841410@cypress.com",
            "password": "123456",
            "administrador": "true",
            "_id": "4HePUASHdJrgS7Rn"
        },
        {
            "nome": "Kieran_Ernser29",
            "email": "Neil_Adams0@gmail.com",
            "password": "397159952",
            "administrador": "true",
            "_id": "4Oi6YaXIYdnm3Sxi"
        },
        {
            "nome": "Luiza Laradina",
            "email": "Luiza_Laradina_811@hotmail.com",
            "password": "526#LGw",
            "administrador": "true",
            "_id": "4dJ6XJYwHeUd0qA0"
        },
        {
            "nome": "Shelia Hansen I",
            "email": "Granville_Okuneva73@teste.com",
            "password": "UScVwuVAXGIfpeu",
            "administrador": "true",
            "_id": "57Lafh9nq62qF3Fm"
        },
        {
            "nome": "Wesley Abbott",
            "email": "Minerva.Wiegand32@hotmail.com",
            "password": "IsUUX2oNir3ZNOh",
            "administrador": "false",
            "_id": "5ByaDjnPUqeeUD0x"
        },
        {
            "nome": "Arlie",
            "email": "melissia.pagac@hotmail.com",
            "password": "20f4mn8lxlf2",
            "administrador": "true",
            "_id": "5IUnLDTlcxEfEJL0"
        },
        {
            "nome": "Lara Oliveira",
            "email": "Lara_Oliveira_355@hotmail.com",
            "password": "416#qRd",
            "administrador": "true",
            "_id": "5U40qRQsgZgMrlii"
        },
        {
            "nome": "Debbie Keebler",
            "email": "Lysanne.Trantow@teste.com",
            "password": "_qNpUdiu3rouOyi",
            "administrador": "true",
            "_id": "5ZZ1JRmpu2ccOWWM"
        },
        {
            "nome": "Olivia Simonis",
            "email": "Sterling.Robel89@teste.com",
            "password": "K31WmBdRviQ0tfr",
            "administrador": "false",
            "_id": "5egb3MsOVB9LYcEW"
        },
        {
            "nome": "Gustavo 12345",
            "email": "gustavo+1@teste.com.br",
            "password": "123456",
            "administrador": "false",
            "_id": "5fDu5q2LZ6nVY5QK"
        },
        {
            "nome": "Fulano da silva",
            "email": "liwq@emailteste.com",
            "password": "0414",
            "administrador": "true",
            "_id": "5g4CsMgVFKpH6AmL"
        },
        {
            "nome": "Wendell Koch",
            "email": "Emilia.Hane3@teste.com",
            "password": "FKRFWlGriXPELtX",
            "administrador": "true",
            "_id": "5qZUb3naITdKhAUR"
        },
        {
            "nome": "FYPD Fulado da Silva",
            "email": "fypd@emailteste.com",
            "password": "1234",
            "administrador": "true",
            "_id": "5wTu6GbmFQyQKT78"
        },
        {
            "nome": "Fulano da Silva",
            "email": "dtwz@email.com",
            "password": "1234",
            "administrador": "true",
            "_id": "65te8Yaw4XSpshxH"
        },
        {
            "nome": "Yvonne Goodwin DDS",
            "email": "Stanley_Will@teste.com",
            "password": "tghyS9I8coQoXIg",
            "administrador": "true",
            "_id": "699CepKPkoLpUXOw"
        },
        {
            "nome": "Marc Hane",
            "email": "Eli.Kihn28@teste.com",
            "password": "2r6RgKeWZ4o_1WX",
            "administrador": "true",
            "_id": "6UcSTBfBsJLuVjPH"
        },
        {
            "nome": "Fulano da Silva",
            "email": "lkbo@email.com",
            "password": "1234",
            "administrador": "true",
            "_id": "6afs7oimHF7huFAw"
        },
        {
            "nome": "Lucille Ritchie",
            "email": "Zane_Ferry@teste.com",
            "password": "iGzWfZh3drEJqWF",
            "administrador": "true",
            "_id": "6xZkFs5EWisPHBxw"
        },
        {
            "nome": "Crystal Bartell",
            "email": "Kenya.Strosin84@teste.com",
            "password": "WfDzo0gprI5z7RB",
            "administrador": "true",
            "_id": "75Wrnh9KQeAw6Ydv"
        },
        {
            "nome": "Cypress Admin 1759234876327",
            "email": "cypress_admin_1759234876327@cypress.com",
            "password": "123456",
            "administrador": "true",
            "_id": "76Pa04SSEp9aWr3x"
        },
        {
            "nome": "Dr. Andy Cartwright",
            "email": "Nicola54@teste.com",
            "password": "jGVsuB19YrSdztd",
            "administrador": "true",
            "_id": "77Dv30l71L91QNMC"
        },
        {
            "nome": "Ian Jakubowski",
            "email": "Vincenza_Barrows16@teste.com",
            "password": "XrFlT6ZIj3RUDVJ",
            "administrador": "true",
            "_id": "7ajKlqyXtDerHdQc"
        },
        {
            "nome": "Ada35",
            "email": "Marcelino.Murray@hotmail.com",
            "password": "320156789",
            "administrador": "true",
            "_id": "7byMAiJYwtXAFQKy"
        },
        {
            "nome": "Fulano da Silva",
            "email": "beltrano3@qa.com.br",
            "password": "teste",
            "administrador": "true",
            "_id": "7dSpkajFTzEUDQYB"
        },
        {
            "nome": "upAg Fulado da Silva",
            "email": "upag@emailteste.com",
            "password": "1234",
            "administrador": "true",
            "_id": "7fND0MtjpzK21GaM"
        },
        {
            "nome": "user_888915",
            "email": "user_888915@teste.com",
            "password": "123",
            "administrador": "true",
            "_id": "7ipPB5t6R8YyUkAd"
        },
        {
            "nome": "Login Test User",
            "email": "login.1759261580550@qa.com.br",
            "password": "teste123",
            "administrador": "true",
            "_id": "7j8cF9Y5KbceyeVo"
        },
        {
            "nome": "Andy Stokes",
            "email": "Charlie99@teste.com",
            "password": "mLLMFZh2LHVbmpl",
            "administrador": "true",
            "_id": "7ju0cN3bZMzlWHue"
        },
        {
            "nome": "Aron12",
            "email": "Vivien_Cole12@hotmail.com",
            "password": "447227096",
            "administrador": "true",
            "_id": "8NvVrjypagvVoH5y"
        },
        {
            "nome": "Becky Hackett",
            "email": "Tina62@teste.com",
            "password": "s8S27K3C1SevR5e",
            "administrador": "true",
            "_id": "8RoJdsoB4TbIxqoK"
        },
        {
            "nome": "User B",
            "email": "userB.1759261529518@qa.com.br",
            "password": "def",
            "administrador": "true",
            "_id": "8VEFicqfbVx28wfX"
        },
        {
            "nome": "Fulano da silva",
            "email": "hubp@emailteste.com",
            "password": "8562",
            "administrador": "true",
            "_id": "8rcSUDZ60Vl52tUx"
        },
        {
            "nome": "Eusebio.Weissnat",
            "email": "Edgardo18@yahoo.com",
            "password": "287610017",
            "administrador": "true",
            "_id": "92PkLIOWrniuRrbp"
        },
        {
            "nome": "Ethel Erdman",
            "email": "David.Kautzer@teste.com",
            "password": "kVyVFYN_HOjRJSo",
            "administrador": "true",
            "_id": "9F4UXNgnPzcdWa1e"
        },
        {
            "nome": "Rickey Harvey",
            "email": "Elyssa_Haley@teste.com",
            "password": "NJH_EYKX9OFUuQE",
            "administrador": "true",
            "_id": "9ZW2d0kWEUSSaYkb"
        },
        {
            "nome": "Brandon Ondricka",
            "email": "duplicate_1759256112942@teste.com",
            "password": "9mNWIDHUPYeBJx7",
            "administrador": "true",
            "_id": "A1gqSpVQuBi7DrRG"
        },
        {
            "nome": "Patrick Lesch",
            "email": "Addison54@teste.com",
            "password": "SE5DnUYMzw3CEQv",
            "administrador": "true",
            "_id": "AN5F8m9lA1qOOUpA"
        },
        {
            "nome": "Samantha Jacobs",
            "email": "Ashleigh_Hettinger54@teste.com",
            "password": "nqyg_kaNlCRNkLB",
            "administrador": "true",
            "_id": "AYEKW8VSUPvX9FTT"
        },
        {
            "nome": "Dayvson Tavares",
            "email": "dayvson@hotmail.com",
            "password": "teste123",
            "administrador": "true",
            "_id": "AbsDCTrYD8ZHWHGA"
        },
        {
            "nome": "Horace Crona",
            "email": "murieljohnston@test.com",
            "password": "Test;123",
            "administrador": "true",
            "_id": "Ajn0bbjD0p5vRcaa"
        },
        {
            "nome": "Anna",
            "email": "anna456@email.com",
            "password": "anna456",
            "administrador": "true",
            "_id": "AkJweDj5z5Lx4agh"
        },
        {
            "nome": "Cypress Admin 1759234848767",
            "email": "cypress_admin_1759234848767@cypress.com",
            "password": "123456",
            "administrador": "true",
            "_id": "Amf4RojI4GYgmimi"
        },
        {
            "nome": "testes333",
            "email": "jtestes@gmail.com",
            "password": "teste21245",
            "administrador": "false",
            "_id": "AnN1Glk7rNxTaZyU"
        },
        {
            "nome": "Earnest Yost",
            "email": "Amira.McClure@teste.com",
            "password": "xb4woJwalvBw1Ks",
            "administrador": "true",
            "_id": "AoF2TfniJpqsjMa0"
        },
        {
            "nome": "Fulano",
            "email": "teste1@msn.com",
            "password": "1234",
            "administrador": "false",
            "_id": "B5nKtFL3kzfV69Td"
        },
        {
            "nome": "Fulano da silva",
            "email": "elxa@emailteste.com",
            "password": "7958",
            "administrador": "true",
            "_id": "Bhz8NOr6KrB7Bkhs"
        },
        {
            "nome": "Jared Goyette",
            "email": "Colt_Gerlach@teste.com",
            "password": "uhcZFU0ppw4UC8O",
            "administrador": "true",
            "_id": "BiOf7vzbNxBo8sgT"
        },
        {
            "nome": "Bobbie Rolfson",
            "email": "registered_1759259079809@teste.com",
            "password": "dxyRBOYq5zp4hZf",
            "administrador": "true",
            "_id": "BpGBfSzjKwCivEfA"
        },
        {
            "nome": "Vitor Carrasco",
            "email": "vitorfcarrasco@gmail.com",
            "password": "123456",
            "administrador": "true",
            "_id": "CDSdPNDqpI0l1IVQ"
        },
        {
            "nome": "Jean Smith",
            "email": "Kylie.Prosacco@teste.com",
            "password": "ovNAysD6IRIINL8",
            "administrador": "true",
            "_id": "CE9tERBSDPonwXdQ"
        },
        {
            "nome": "Cypress User",
            "email": "Cypress_1759234874672@Cypress.com",
            "password": "123456",
            "administrador": "false",
            "_id": "CMl3Xb2YbCTAjlLy"
        },
        {
            "nome": "User A",
            "email": "userA.1759262037116@qa.com.br",
            "password": "abc",
            "administrador": "true",
            "_id": "CN7ADn42zE8DQRMc"
        },
        {
            "nome": "Leona Kertzmann",
            "email": "Evalyn47@gmail.com",
            "password": "xeeoOAW0RlOLFAS",
            "administrador": "true",
            "_id": "CTsCXyEnclotEupa"
        },
        {
            "nome": "Loretta Bins",
            "email": "Lillian31@teste.com",
            "password": "rTKXKiAJgBUQP8d",
            "administrador": "true",
            "_id": "CcOpwBfdhGdY9Z4w"
        },
        {
            "nome": "Cypress User 1759234854913",
            "email": "Cypress_1759234854913@Cypress.com",
            "password": "123456",
            "administrador": "true",
            "_id": "CmAmZ8iB9cUnxW6X"
        },
        {
            "nome": "Patrick Schiller",
            "email": "Theo_Casper5@teste.com",
            "password": "S0PmwaMgvgP6JLr",
            "administrador": "true",
            "_id": "Ct4FAaqZSv88rJQE"
        },
        {
            "nome": "Fulano da silva",
            "email": "xuff@emailteste.com",
            "password": "7802",
            "administrador": "true",
            "_id": "D32G8gyB5mYbk8dH"
        },
        {
            "nome": "Alfredo Crist",
            "email": "Amely_Ward@teste.com",
            "password": "in7VYftdt0SUXyU",
            "administrador": "true",
            "_id": "DGdF0qfvPCn888y4"
        },
        {
            "nome": "Fulano da Silva",
            "email": "qnes@email.com",
            "password": "1234",
            "administrador": "true",
            "_id": "DLwpC2qAo2tCWLFd"
        },
        {
            "nome": "Fulano da Silva",
            "email": "zqcb@email.com",
            "password": "1234",
            "administrador": "true",
            "_id": "DMvLH0jbFEpvEtka"
        },
        {
            "nome": "Marielle.Hilll",
            "email": "Serenity.Fadel@hotmail.com",
            "password": "551060960",
            "administrador": "true",
            "_id": "DXsVUFgIRJNhRddT"
        },
        {
            "nome": "Fulano da silva",
            "email": "nlcn@emailteste.com",
            "password": "6852",
            "administrador": "true",
            "_id": "DgfdQQGNQUElpCJu"
        },
        {
            "nome": "Lori Jacobi",
            "email": "Caleigh.Kub-Halvorson11@teste.com",
            "password": "5nk_opTe34CCu0X",
            "administrador": "true",
            "_id": "DkKZrG7DSEINIGxD"
        },
        {
            "nome": " ",
            "email": "teste@teste.com.br",
            "password": "158246",
            "administrador": "false",
            "_id": "E8hdR0Kp5vxZ9q61"
        },
        {
            "nome": "Lauren VonRueden",
            "email": "Jerrell.Klein@teste.com",
            "password": "RoxfwmshVbcnh7A",
            "administrador": "true",
            "_id": "ELePr8ivZzUDuxzC"
        },
        {
            "nome": "Miss Charlene Schuster",
            "email": "misscharleneschuster@test.com",
            "password": "Test;123",
            "administrador": "false",
            "_id": "EoPCFNwe5jqHdGXu"
        },
        {
            "nome": "Cypress Admin 1759234845002",
            "email": "cypress_admin_1759234845002@cypress.com",
            "password": "123456",
            "administrador": "true",
            "_id": "EyCJylQi86aYTXmo"
        },
        {
            "nome": "Login Test User",
            "email": "login.1759261456147@qa.com.br",
            "password": "teste123",
            "administrador": "true",
            "_id": "F2uSr7lrwR3yG0Tf"
        },
        {
            "nome": "Clarence Smith",
            "email": "Ezra.Balistreri99@teste.com",
            "password": "GpD0EbMcaA4A9zt",
            "administrador": "true",
            "_id": "F9iVYefwB6Jijw9v"
        },
        {
            "nome": "test",
            "email": "lino@xlino2.com",
            "password": "lino1234",
            "administrador": "false",
            "_id": "FAsG2G7ismS0FSaj"
        },
        {
            "nome": "User Test",
            "email": "user.1759262094286@qa.com.br",
            "password": "123456",
            "administrador": "false",
            "_id": "FBR6TdGo6t3GDxal"
        },
        {
            "nome": "Omar Boyer",
            "email": "Kyle_Batz36@teste.com",
            "password": "vSAKe6rNghzcXsr",
            "administrador": "true",
            "_id": "FVsX7qdGZ0tkZbbF"
        },
        {
            "nome": "Francis Hermiston IV",
            "email": "Isai44@teste.com",
            "password": "MgCEniFBsukdHzf",
            "administrador": "true",
            "_id": "FhaaGGGqDKjmTYQx"
        },
        {
            "nome": "Lorene Gutkowski",
            "email": "Erwin_Hills@teste.com",
            "password": "U9hIqJlFcuA1WvX",
            "administrador": "true",
            "_id": "Fxi9nuqA1gOrBJrP"
        },
        {
            "nome": "Wanda Gusikowski",
            "email": "Claire83@teste.com",
            "password": "IFZxFAad7aPxC2D",
            "administrador": "true",
            "_id": "G1hPOu60UA9EaENP"
        },
        {
            "nome": "Eunice Beier",
            "email": "Pearline_Lindgren@teste.com",
            "password": "jDjePZziTQr6cr7",
            "administrador": "true",
            "_id": "GNPDH8mHnmhUdf0t"
        },
        {
            "nome": "Camila Figueiredo",
            "email": "milafigs@qa.com.br",
            "password": "teste",
            "administrador": "true",
            "_id": "GQqwyjbxByNTggji"
        },
        {
            "nome": "jonepipo",
            "email": "jonepipo19@gmail.com",
            "password": "teste21245",
            "administrador": "true",
            "_id": "GZ5oRgTTMmngGvuG"
        },
        {
            "nome": "Jesus Gleason",
            "email": "Alivia_Hirthe71@teste.com",
            "password": "_vFXTiNrMX80cO_",
            "administrador": "true",
            "_id": "GmE2XKr3GnKTcCvf"
        },
        {
            "nome": "User Test",
            "email": "user.1759261470491@qa.com.br",
            "password": "123456",
            "administrador": "false",
            "_id": "GvsCPt5qpJ89yJm7"
        },
        {
            "nome": "Krasun",
            "email": "krasun.sciborskiy@example.com",
            "password": "maurice",
            "administrador": "false",
            "_id": "H2CHXoUHUV9SdGxb"
        },
        {
            "nome": "yXPs Fulado da Silva",
            "email": "yxps@emailteste.com",
            "password": "1234",
            "administrador": "true",
            "_id": "H5wm7abEndEPLGF8"
        },
        {
            "nome": "Orville Sporer",
            "email": "Jensen3@teste.com",
            "password": "xVFBQM4kvyFnpLN",
            "administrador": "true",
            "_id": "H6a4Fb4G88cdwd4C"
        },
        {
            "nome": "Fulano da silva",
            "email": "qeox@emailteste.com",
            "password": "6849",
            "administrador": "true",
            "_id": "HB7hOzpZ0bAzcXqd"
        },
        {
            "nome": "User Test",
            "email": "user.1759259117323@qa.com.br",
            "password": "123456",
            "administrador": "false",
            "_id": "HQ2pqZf6OhVMlgf0"
        },
        {
            "nome": "Fulano da silva",
            "email": "neyh@emailteste.com",
            "password": "6080",
            "administrador": "true",
            "_id": "Hff1xDNIuwzNLJRq"
        },
        {
            "nome": "Homer Klocko",
            "email": "Hortense_Nienow@teste.com",
            "password": "79NLCeFSnGwV_nW",
            "administrador": "true",
            "_id": "HimZ3gNuKUApyv35"
        },
        {
            "nome": "Naomi Runolfsdottir",
            "email": "Kendra_Aufderhar@hotmail.com",
            "password": "p9JogGI9PZn08qg",
            "administrador": "false",
            "_id": "Hs40Ubz7ChKj6x0r"
        },
        {
            "nome": "Fulano da silva",
            "email": "kisb@emailteste.com",
            "password": "6433",
            "administrador": "true",
            "_id": "HumMiFwDoo473Gaz"
        },
        {
            "nome": "Preston Tillman",
            "email": "Domenick56@teste.com",
            "password": "j34pmqKobjeDuCz",
            "administrador": "true",
            "_id": "Hybsw24rtzA7jO9T"
        },
        {
            "nome": "Mrs. Maxine Kihn",
            "email": "Rex50@teste.com",
            "password": "dB87RqsaQCsDRYT",
            "administrador": "true",
            "_id": "Hyd8aUQKNlhb2sy4"
        },
        {
            "nome": "Fulano da Silva",
            "email": "rzsg@email.com",
            "password": "1234",
            "administrador": "true",
            "_id": "I1me7C1xofA3j6FY"
        },
        {
            "nome": "73288496496",
            "email": "Rejane89@yahoo.com",
            "password": "teste",
            "administrador": "true",
            "_id": "I1rDo7elpaBFB9Go"
        },
        {
            "nome": "User Test",
            "email": "user.1759261573013@qa.com.br",
            "password": "123456",
            "administrador": "false",
            "_id": "I7YWYZAEVecOXmUy"
        },
        {
            "nome": "Mrs. Renee Kling",
            "email": "Taylor25@teste.com",
            "password": "Xk5tVFxD2EymRAK",
            "administrador": "true",
            "_id": "IAhFwaLgXHBJ32sK"
        },
        {
            "nome": "jonepipo",
            "email": "jonepipo1@gmail.com",
            "password": "teste21245",
            "administrador": "true",
            "_id": "ICF6XCEyT6RpyI0d"
        },
        {
            "nome": "User A",
            "email": "userA.1759261463047@qa.com.br",
            "password": "abc",
            "administrador": "true",
            "_id": "IHPNsW0f7rn3MFCG"
        },
        {
            "nome": "Ayden.Koelpin",
            "email": "Kira_Hirthe@hotmail.com",
            "password": "065108962",
            "administrador": "true",
            "_id": "IPaLsRM53jErN19P"
        },
        {
            "nome": "Aubrey Schimmel I",
            "email": "Jodie52@teste.com",
            "password": "D8VWVgvRaVbckGk",
            "administrador": "true",
            "_id": "IW9c7OeTHYP8QiUw"
        },
        {
            "nome": "Shannon Prosacco-Bauch Jr.",
            "email": "Ryleigh_Johnson71@teste.com",
            "password": "2k8L8UuGPODE0tC",
            "administrador": "true",
            "_id": "IlEPxHohG8y56tTl"
        },
        {
            "nome": "Charlene Bogisich IV",
            "email": "Sidney.Stehr53@teste.com",
            "password": "0M4h1bJvh_bM_00",
            "administrador": "true",
            "_id": "IndIUBHOUPSijQIc"
        },
        {
            "nome": "May Sawayn",
            "email": "duplicate@teste.com",
            "password": "QYVdZdtJlN7XVA0",
            "administrador": "true",
            "_id": "Ir6ALm2FOuGzr84H"
        },
        {
            "nome": "Ghost User",
            "email": "ghost.1759259131271@qa.com.br",
            "password": "invisivel",
            "administrador": "false",
            "_id": "JVTXgQyXmGpGgTtm"
        },
        {
            "nome": "Stephanie Purdy",
            "email": "Nicholaus.Bahringer74@teste.com",
            "password": "1zLIWbmeOwfeCNk",
            "administrador": "true",
            "_id": "JdMuqXkFT2aY3nDe"
        },
        {
            "nome": "Savanah_Ritchie",
            "email": "Felix81@yahoo.com",
            "password": "641632396",
            "administrador": "true",
            "_id": "JedmsaVT6AQQqpFu"
        },
        {
            "nome": "Cypress Admin 1759234844449",
            "email": "cypress_admin_1759234844449@cypress.com",
            "password": "123456",
            "administrador": "true",
            "_id": "JwYRhsozry6ELFMW"
        },
        {
            "nome": "Lara Souza",
            "email": "Lara_Souza_673@hotmail.com",
            "password": "371#wRD",
            "administrador": "true",
            "_id": "K2IvGsfznCfYbgoY"
        },
        {
            "nome": "Herman Waters",
            "email": "Kenyon.Grady@teste.com",
            "password": "q8lGonklXM_urfK",
            "administrador": "true",
            "_id": "K5IUZdLg19clio9X"
        },
        {
            "nome": "Common User",
            "email": "nonadmin.1759261522975@qa.com.br",
            "password": "senha",
            "administrador": "false",
            "_id": "KR8hGXpoErkyVwze"
        },
        {
            "nome": "Douglas Smitham",
            "email": "Frank.Hane51@teste.com",
            "password": "90H7gQL55IgxIXF",
            "administrador": "true",
            "_id": "KRPx3rcQOtFCXSYZ"
        },
        {
            "nome": "Devin Weissnat",
            "email": "Dana20@teste.com",
            "password": "O39qRMdmzIIUd9R",
            "administrador": "true",
            "_id": "KtJ7vWTAPIs9Q7tm"
        },
        {
            "nome": "User Test",
            "email": "user.1759259847321@qa.com.br",
            "password": "123456",
            "administrador": "false",
            "_id": "LDm7KUcss0UBwId1"
        },
        {
            "nome": "Jil",
            "email": "jil.kik@example.com",
            "password": "beat",
            "administrador": "false",
            "_id": "LOavyNg1U8PsccGF"
        },
        {
            "nome": "Kaylie.Smitham",
            "email": "Roy_Conn3@gmail.com",
            "password": "364812087",
            "administrador": "true",
            "_id": "LdJSf5MkEeMzxd32"
        },
        {
            "nome": "Fulano da silva",
            "email": "wovt@emailteste.com",
            "password": "6215",
            "administrador": "true",
            "_id": "Lf6xLXJfMautoHhW"
        },
[...]
<msg time="2025-09-30T17:04:50.390300" level="INFO">${TOKEN} = Bearer eyJhbGciOiJIUzI1NiIsInR5cCI6IkpXVCJ9.eyJlbWFpbCI6ImZ1bGFub0BxYS5jb20iLCJwYXNzd29yZCI6InRlc3RlIiwiaWF0IjoxNzU5MjYyNjkxLCJleHAiOjE3NTkyNjMyOTF9.12TY53gzOZmisWhsjIdIkASgdo2QR3yFuW20tNjAbVQ</msg>
<var>${TOKEN}</var>
<arg>${response.json()['authorization']}</arg>
<doc>Returns the given values which can then be assigned to a variables.</doc>
<status status="PASS" start="2025-09-30T17:04:50.390300" elapsed="0.000000"/>
</kw>
<kw name="Set Suite Variable" owner="BuiltIn">
<msg time="2025-09-30T17:04:50.390300" level="INFO">${AUTH_TOKEN} = Bearer eyJhbGciOiJIUzI1NiIsInR5cCI6IkpXVCJ9.eyJlbWFpbCI6ImZ1bGFub0BxYS5jb20iLCJwYXNzd29yZCI6InRlc3RlIiwiaWF0IjoxNzU5MjYyNjkxLCJleHAiOjE3NTkyNjMyOTF9.12TY53gzOZmisWhsjIdIkASgdo2QR3yFuW20tNjAbVQ</msg>
<arg>${AUTH_TOKEN}</arg>
<arg>${TOKEN}</arg>
<doc>Makes a variable available everywhere within the scope of the current suite.</doc>
<status status="PASS" start="2025-09-30T17:04:50.390300" elapsed="0.000000"/>
</kw>
<kw name="Log" owner="BuiltIn">
<msg time="2025-09-30T17:04:50.390300" level="INFO">Token obtido: Bearer eyJhbGciOiJIUzI1NiIsInR5cCI6IkpXVCJ9.eyJlbWFpbCI6ImZ1bGFub0BxYS5jb20iLCJwYXNzd29yZCI6InRlc3RlIiwiaWF0IjoxNzU5MjYyNjkxLCJleHAiOjE3NTkyNjMyOTF9.12TY53gzOZmisWhsjIdIkASgdo2QR3yFuW20tNjAbVQ</msg>
<arg>Token obtido: ${TOKEN}</arg>
<doc>Logs the given message with the given level.</doc>
<status status="PASS" start="2025-09-30T17:04:50.390300" elapsed="0.000000"/>
</kw>
<arg>${RESPONSE}</arg>
<status status="PASS" start="2025-09-30T17:04:50.390300" elapsed="0.000000"/>
</kw>
<status status="PASS" start="2025-09-30T17:04:49.666781" elapsed="0.723519"/>
</kw>
<doc>Teste de login com credenciais válidas</doc>
<tag>login</tag>
<tag>positivo</tag>
<status status="PASS" start="2025-09-30T17:04:49.663681" elapsed="0.726619"/>
</test>
<test id="s1-s1-t9" name="Teste Login Com Credenciais Invalidas" line="116">
<kw name="Criar Sessão API">
<kw name="Create Session" owner="RequestsLibrary">
<msg time="2025-09-30T17:04:50.390300" level="INFO">Creating Session using : alias=serverest, url=https://serverest.dev, headers={'Content-Type': 'application/json'},                     cookies={}, auth=None, timeout=None, proxies=None, verify=False,                     debug=0 </msg>
<arg>serverest</arg>
<arg>${BASE_URL}</arg>
<arg>headers=&amp;{DEFAULT_HEADERS}</arg>
<doc>Create Session: create a HTTP session to a server</doc>
<status status="PASS" start="2025-09-30T17:04:50.390300" elapsed="0.000000"/>
</kw>
<kw name="Set Suite Variable" owner="BuiltIn">
<msg time="2025-09-30T17:04:50.390300" level="INFO">${SESSION} = serverest</msg>
<arg>${SESSION}</arg>
<arg>serverest</arg>
<doc>Makes a variable available everywhere within the scope of the current suite.</doc>
<status status="PASS" start="2025-09-30T17:04:50.390300" elapsed="0.000000"/>
</kw>
<status status="PASS" start="2025-09-30T17:04:50.390300" elapsed="0.000000"/>
</kw>
<kw name="Tentar Login Com Credenciais Invalidas">
<kw name="Criar Dados Login">
<kw name="Create Dictionary" owner="BuiltIn">
<msg time="2025-09-30T17:04:50.390300" level="INFO">${LOGIN_DATA} = {'email': 'invalido@teste.com', 'password': 'senhaerrada'}</msg>
<var>${LOGIN_DATA}</var>
<arg>email=${email}</arg>
<arg>password=${password}</arg>
<doc>Creates and returns a dictionary based on the given ``items``.</doc>
<status status="PASS" start="2025-09-30T17:04:50.390300" elapsed="0.000000"/>
</kw>
<return>
<value>${LOGIN_DATA}</value>
<status status="PASS" start="2025-09-30T17:04:50.390300" elapsed="0.000000"/>
</return>
<msg time="2025-09-30T17:04:50.390300" level="INFO">${LOGIN_DATA} = {'email': 'invalido@teste.com', 'password': 'senhaerrada'}</msg>
<var>${LOGIN_DATA}</var>
<arg>${INVALID_EMAIL}</arg>
<arg>${INVALID_PASSWORD}</arg>
<status status="PASS" start="2025-09-30T17:04:50.390300" elapsed="0.000000"/>
</kw>
<kw name="POST On Session" owner="RequestsLibrary">
<msg time="2025-09-30T17:04:51.119788" level="INFO">POST Request : url=https://serverest.dev/login 
 path_url=/login 
 headers={'User-Agent': 'python-requests/2.32.3', 'Accept-Encoding': 'gzip, deflate, br, zstd', 'Accept': '*/*', 'Connection': 'keep-alive', 'Content-Type': 'application/json', 'Content-Length': '58'} 
 body=b'{"email": "invalido@teste.com", "password": "senhaerrada"}' 
 </msg>
<msg time="2025-09-30T17:04:51.119788" level="INFO">POST Response : url=https://serverest.dev/login 
 status=401, reason=Unauthorized 
 headers={'access-control-allow-origin': '*', 'x-dns-prefetch-control': 'off', 'x-frame-options': 'SAMEORIGIN', 'strict-transport-security': 'max-age=15552000; includeSubDomains', 'x-download-options': 'noopen', 'x-content-type-options': 'nosniff', 'x-xss-protection': '1; mode=block', 'content-type': 'application/json; charset=utf-8', 'x-cloud-trace-context': 'd7a50e78103fec7a28afd387d8d8943f', 'date': 'Tue, 30 Sep 2025 20:04:52 GMT', 'server': 'Google Frontend', 'Content-Length': '48'} 
 body={
    "message": "Email e/ou senha inválidos"
} 
 </msg>
<msg time="2025-09-30T17:04:51.120809" level="INFO">C:\Users\raphael\anaconda3\Lib\site-packages\urllib3\connectionpool.py:1099: InsecureRequestWarning: Unverified HTTPS request is being made to host 'serverest.dev'. Adding certificate verification is strongly advised. See: https://urllib3.readthedocs.io/en/latest/advanced-usage.html#tls-warnings
  warnings.warn(</msg>
<msg time="2025-09-30T17:04:51.120809" level="FAIL">HTTPError: 401 Client Error: Unauthorized for url: https://serverest.dev/login</msg>
<var>${RESPONSE}</var>
<arg>${SESSION}</arg>
<arg>/login</arg>
<arg>json=${LOGIN_DATA}</arg>
<doc>Sends a POST request on a previously created HTTP Session.</doc>
<status status="FAIL" start="2025-09-30T17:04:50.390300" elapsed="0.730509">HTTPError: 401 Client Error: Unauthorized for url: https://serverest.dev/login</status>
</kw>
<kw name="Validar Login Com Falha">
<arg>${RESPONSE}</arg>
<status status="NOT RUN" start="2025-09-30T17:04:51.121808" elapsed="0.000000"/>
</kw>
<status status="FAIL" start="2025-09-30T17:04:50.390300" elapsed="0.731508">HTTPError: 401 Client Error: Unauthorized for url: https://serverest.dev/login</status>
</kw>
<doc>Teste de login com credenciais inválidas</doc>
<tag>login</tag>
<tag>negativo</tag>
<status status="FAIL" start="2025-09-30T17:04:50.390300" elapsed="0.731826">HTTPError: 401 Client Error: Unauthorized for url: https://serverest.dev/login</status>
</test>
<test id="s1-s1-t10" name="Teste Login Como Administrador" line="123">
<kw name="Criar Sessão API">
<kw name="Create Session" owner="RequestsLibrary">
<msg time="2025-09-30T17:04:51.123285" level="INFO">Creating Session using : alias=serverest, url=https://serverest.dev, headers={'Content-Type': 'application/json'},                     cookies={}, auth=None, timeout=None, proxies=None, verify=False,                     debug=0 </msg>
<arg>serverest</arg>
<arg>${BASE_URL}</arg>
<arg>headers=&amp;{DEFAULT_HEADERS}</arg>
<doc>Create Session: create a HTTP session to a server</doc>
<status status="PASS" start="2025-09-30T17:04:51.123285" elapsed="0.000000"/>
</kw>
<kw name="Set Suite Variable" owner="BuiltIn">
<msg time="2025-09-30T17:04:51.123997" level="INFO">${SESSION} = serverest</msg>
<arg>${SESSION}</arg>
<arg>serverest</arg>
<doc>Makes a variable available everywhere within the scope of the current suite.</doc>
<status status="PASS" start="2025-09-30T17:04:51.123285" elapsed="0.000712"/>
</kw>
<status status="PASS" start="2025-09-30T17:04:51.123285" elapsed="0.000712"/>
</kw>
<kw name="Realizar Login Admin">
<kw name="Criar Dados Login">
<kw name="Create Dictionary" owner="BuiltIn">
<msg time="2025-09-30T17:04:51.124392" level="INFO">${LOGIN_DATA} = {'email': 'beltrano@qa.com', 'password': 'teste'}</msg>
<var>${LOGIN_DATA}</var>
<arg>email=${email}</arg>
<arg>password=${password}</arg>
<doc>Creates and returns a dictionary based on the given ``items``.</doc>
<status status="PASS" start="2025-09-30T17:04:51.124392" elapsed="0.000000"/>
</kw>
<return>
<value>${LOGIN_DATA}</value>
<status status="PASS" start="2025-09-30T17:04:51.124392" elapsed="0.000652"/>
</return>
<msg time="2025-09-30T17:04:51.125044" level="INFO">${LOGIN_DATA} = {'email': 'beltrano@qa.com', 'password': 'teste'}</msg>
<var>${LOGIN_DATA}</var>
<arg>${ADMIN_EMAIL}</arg>
<arg>${ADMIN_PASSWORD}</arg>
<status status="PASS" start="2025-09-30T17:04:51.124392" elapsed="0.000652"/>
</kw>
<kw name="POST On Session" owner="RequestsLibrary">
<msg time="2025-09-30T17:04:51.998693" level="INFO">POST Request : url=https://serverest.dev/login 
 path_url=/login 
 headers={'User-Agent': 'python-requests/2.32.3', 'Accept-Encoding': 'gzip, deflate, br, zstd', 'Accept': '*/*', 'Connection': 'keep-alive', 'Content-Type': 'application/json', 'Content-Length': '49'} 
 body=b'{"email": "beltrano@qa.com", "password": "teste"}' 
 </msg>
<msg time="2025-09-30T17:04:51.998693" level="INFO">POST Response : url=https://serverest.dev/login 
 status=401, reason=Unauthorized 
 headers={'access-control-allow-origin': '*', 'x-dns-prefetch-control': 'off', 'x-frame-options': 'SAMEORIGIN', 'strict-transport-security': 'max-age=15552000; includeSubDomains', 'x-download-options': 'noopen', 'x-content-type-options': 'nosniff', 'x-xss-protection': '1; mode=block', 'content-type': 'application/json; charset=utf-8', 'x-cloud-trace-context': '0313e1ecccd60bfccb2527ce1278e4a0', 'date': 'Tue, 30 Sep 2025 20:04:52 GMT', 'server': 'Google Frontend', 'Content-Length': '48'} 
 body={
    "message": "Email e/ou senha inválidos"
} 
 </msg>
<msg time="2025-09-30T17:04:51.998693" level="INFO">C:\Users\raphael\anaconda3\Lib\site-packages\urllib3\connectionpool.py:1099: InsecureRequestWarning: Unverified HTTPS request is being made to host 'serverest.dev'. Adding certificate verification is strongly advised. See: https://urllib3.readthedocs.io/en/latest/advanced-usage.html#tls-warnings
  warnings.warn(</msg>
<msg time="2025-09-30T17:04:51.998693" level="FAIL">HTTPError: 401 Client Error: Unauthorized for url: https://serverest.dev/login</msg>
<var>${RESPONSE}</var>
<arg>${SESSION}</arg>
<arg>/login</arg>
<arg>json=${LOGIN_DATA}</arg>
<doc>Sends a POST request on a previously created HTTP Session.</doc>
<status status="FAIL" start="2025-09-30T17:04:51.125044" elapsed="0.874902">HTTPError: 401 Client Error: Unauthorized for url: https://serverest.dev/login</status>
</kw>
<kw name="Validar Login Com Sucesso">
<arg>${RESPONSE}</arg>
<status status="NOT RUN" start="2025-09-30T17:04:51.999946" elapsed="0.000000"/>
</kw>
<status status="FAIL" start="2025-09-30T17:04:51.123997" elapsed="0.875949">HTTPError: 401 Client Error: Unauthorized for url: https://serverest.dev/login</status>
</kw>
<doc>Teste de login como administrador</doc>
<tag>admin</tag>
<tag>login</tag>
<status status="FAIL" start="2025-09-30T17:04:51.122126" elapsed="0.877820">HTTPError: 401 Client Error: Unauthorized for url: https://serverest.dev/login</status>
</test>
<status status="FAIL" start="2025-09-30T17:04:38.690272" elapsed="13.309674"/>
</suite>
<status status="FAIL" start="2025-09-30T17:04:38.663672" elapsed="13.336274"/>
</suite>
<statistics>
<total>
<stat pass="5" fail="5" skip="0">All Tests</stat>
</total>
<tag>
<stat pass="0" fail="1" skip="0">admin</stat>
<stat pass="0" fail="2" skip="0">carrinhos</stat>
<stat pass="0" fail="1" skip="0">completo</stat>
<stat pass="2" fail="0" skip="0">crud</stat>
<stat pass="0" fail="2" skip="0">fluxo-compra</stat>
<stat pass="0" fail="1" skip="0">fluxo-ecommerce</stat>
<stat pass="1" fail="2" skip="0">login</stat>
<stat pass="0" fail="1" skip="0">negativo</stat>
<stat pass="3" fail="0" skip="0">positivo</stat>
<stat pass="2" fail="0" skip="0">produtos</stat>
<stat pass="2" fail="0" skip="0">usuarios</stat>
</tag>
<suite>
<stat name="Tests" id="s1" pass="5" fail="5" skip="0">Tests</stat>
<stat name="Serverest-Api" id="s1-s1" pass="5" fail="5" skip="0">Tests.Serverest-Api</stat>
</suite>
</statistics>
<errors>
<msg time="2025-09-30T17:04:38.633680" level="WARN">Error in file 'C:\Users\raphael\Documents\GitHub\learn\Compass\qa-challenge03-PB-Nobugs\tests\resources\api_keywords.robot' on line 39: The '[Return]' setting is deprecated. Use the 'RETURN' statement instead.</msg>
<msg time="2025-09-30T17:04:38.636724" level="WARN">Error in file 'C:\Users\raphael\Documents\GitHub\learn\Compass\qa-challenge03-PB-Nobugs\tests\resources\api_keywords.robot' on line 53: The '[Return]' setting is deprecated. Use the 'RETURN' statement instead.</msg>
<msg time="2025-09-30T17:04:38.636724" level="WARN">Error in file 'C:\Users\raphael\Documents\GitHub\learn\Compass\qa-challenge03-PB-Nobugs\tests\resources\api_keywords.robot' on line 88: The '[Return]' setting is deprecated. Use the 'RETURN' statement instead.</msg>
<msg time="2025-09-30T17:04:38.636724" level="WARN">Error in file 'C:\Users\raphael\Documents\GitHub\learn\Compass\qa-challenge03-PB-Nobugs\tests\resources\api_keywords.robot' on line 101: The '[Return]' setting is deprecated. Use the 'RETURN' statement instead.</msg>
<msg time="2025-09-30T17:04:38.636724" level="WARN">Error in file 'C:\Users\raphael\Documents\GitHub\learn\Compass\qa-challenge03-PB-Nobugs\tests\resources\api_keywords.robot' on line 114: The '[Return]' setting is deprecated. Use the 'RETURN' statement instead.</msg>
<msg time="2025-09-30T17:04:38.636724" level="WARN">Error in file 'C:\Users\raphael\Documents\GitHub\learn\Compass\qa-challenge03-PB-Nobugs\tests\resources\api_keywords.robot' on line 126: The '[Return]' setting is deprecated. Use the 'RETURN' statement instead.</msg>
<msg time="2025-09-30T17:04:38.636724" level="WARN">Error in file 'C:\Users\raphael\Documents\GitHub\learn\Compass\qa-challenge03-PB-Nobugs\tests\resources\api_keywords.robot' on line 139: The '[Return]' setting is deprecated. Use the 'RETURN' statement instead.</msg>
<msg time="2025-09-30T17:04:38.638728" level="WARN">Error in file 'C:\Users\raphael\Documents\GitHub\learn\Compass\qa-challenge03-PB-Nobugs\tests\resources\api_keywords.robot' on line 151: The '[Return]' setting is deprecated. Use the 'RETURN' statement instead.</msg>
<msg time="2025-09-30T17:04:38.638728" level="WARN">Error in file 'C:\Users\raphael\Documents\GitHub\learn\Compass\qa-challenge03-PB-Nobugs\tests\resources\api_keywords.robot' on line 170: The '[Return]' setting is deprecated. Use the 'RETURN' statement instead.</msg>
<msg time="2025-09-30T17:04:38.638728" level="WARN">Error in file 'C:\Users\raphael\Documents\GitHub\learn\Compass\qa-challenge03-PB-Nobugs\tests\resources\api_keywords.robot' on line 183: The '[Return]' setting is deprecated. Use the 'RETURN' statement instead.</msg>
<msg time="2025-09-30T17:04:38.638728" level="WARN">Error in file 'C:\Users\raphael\Documents\GitHub\learn\Compass\qa-challenge03-PB-Nobugs\tests\resources\api_keywords.robot' on line 196: The '[Return]' setting is deprecated. Use the 'RETURN' statement instead.</msg>
<msg time="2025-09-30T17:04:38.638728" level="WARN">Error in file 'C:\Users\raphael\Documents\GitHub\learn\Compass\qa-challenge03-PB-Nobugs\tests\resources\api_keywords.robot' on line 208: The '[Return]' setting is deprecated. Use the 'RETURN' statement instead.</msg>
<msg time="2025-09-30T17:04:38.638728" level="WARN">Error in file 'C:\Users\raphael\Documents\GitHub\learn\Compass\qa-challenge03-PB-Nobugs\tests\resources\api_keywords.robot' on line 221: The '[Return]' setting is deprecated. Use the 'RETURN' statement instead.</msg>
<msg time="2025-09-30T17:04:38.638728" level="WARN">Error in file 'C:\Users\raphael\Documents\GitHub\learn\Compass\qa-challenge03-PB-Nobugs\tests\resources\api_keywords.robot' on line 233: The '[Return]' setting is deprecated. Use the 'RETURN' statement instead.</msg>
<msg time="2025-09-30T17:04:38.638728" level="WARN">Error in file 'C:\Users\raphael\Documents\GitHub\learn\Compass\qa-challenge03-PB-Nobugs\tests\resources\api_keywords.robot' on line 250: The '[Return]' setting is deprecated. Use the 'RETURN' statement instead.</msg>
<msg time="2025-09-30T17:04:38.638728" level="WARN">Error in file 'C:\Users\raphael\Documents\GitHub\learn\Compass\qa-challenge03-PB-Nobugs\tests\resources\api_keywords.robot' on line 262: The '[Return]' setting is deprecated. Use the 'RETURN' statement instead.</msg>
<msg time="2025-09-30T17:04:38.638728" level="WARN">Error in file 'C:\Users\raphael\Documents\GitHub\learn\Compass\qa-challenge03-PB-Nobugs\tests\resources\api_keywords.robot' on line 275: The '[Return]' setting is deprecated. Use the 'RETURN' statement instead.</msg>
<msg time="2025-09-30T17:04:38.638728" level="WARN">Error in file 'C:\Users\raphael\Documents\GitHub\learn\Compass\qa-challenge03-PB-Nobugs\tests\resources\api_keywords.robot' on line 287: The '[Return]' setting is deprecated. Use the 'RETURN' statement instead.</msg>
<msg time="2025-09-30T17:04:38.638728" level="WARN">Error in file 'C:\Users\raphael\Documents\GitHub\learn\Compass\qa-challenge03-PB-Nobugs\tests\resources\api_keywords.robot' on line 299: The '[Return]' setting is deprecated. Use the 'RETURN' statement instead.</msg>
<msg time="2025-09-30T17:04:38.638728" level="WARN">Error in file 'C:\Users\raphael\Documents\GitHub\learn\Compass\qa-challenge03-PB-Nobugs\tests\resources\api_keywords.robot' on line 311: The '[Return]' setting is deprecated. Use the 'RETURN' statement instead.</msg>
<msg time="2025-09-30T17:04:38.652433" level="WARN">Error in file 'C:\Users\raphael\Documents\GitHub\learn\Compass\qa-challenge03-PB-Nobugs\tests\serverest-api.robot' on line 140: The '[Return]' setting is deprecated. Use the 'RETURN' statement instead.</msg>
<msg time="2025-09-30T17:04:38.652433" level="WARN">Error in file 'C:\Users\raphael\Documents\GitHub\learn\Compass\qa-challenge03-PB-Nobugs\tests\serverest-api.robot' on line 163: The '[Return]' setting is deprecated. Use the 'RETURN' statement instead.</msg>
<msg time="2025-09-30T17:04:38.652433" level="WARN">Error in file 'C:\Users\raphael\Documents\GitHub\learn\Compass\qa-challenge03-PB-Nobugs\tests\serverest-api.robot' on line 191: The '[Return]' setting is deprecated. Use the 'RETURN' statement instead.</msg>
<msg time="2025-09-30T17:04:38.652433" level="WARN">Error in file 'C:\Users\raphael\Documents\GitHub\learn\Compass\qa-challenge03-PB-Nobugs\tests\serverest-api.robot' on line 221: The '[Return]' setting is deprecated. Use the 'RETURN' statement instead.</msg>
<msg time="2025-09-30T17:04:38.652433" level="WARN">Error in file 'C:\Users\raphael\Documents\GitHub\learn\Compass\qa-challenge03-PB-Nobugs\tests\serverest-api.robot' on line 231: The '[Return]' setting is deprecated. Use the 'RETURN' statement instead.</msg>
<msg time="2025-09-30T17:04:38.652433" level="WARN">Error in file 'C:\Users\raphael\Documents\GitHub\learn\Compass\qa-challenge03-PB-Nobugs\tests\serverest-api.robot' on line 246: The '[Return]' setting is deprecated. Use the 'RETURN' statement instead.</msg>
<msg time="2025-09-30T17:04:38.652433" level="WARN">Error in file 'C:\Users\raphael\Documents\GitHub\learn\Compass\qa-challenge03-PB-Nobugs\tests\serverest-api.robot' on line 276: The '[Return]' setting is deprecated. Use the 'RETURN' statement instead.</msg>
<msg time="2025-09-30T17:04:38.652433" level="WARN">Error in file 'C:\Users\raphael\Documents\GitHub\learn\Compass\qa-challenge03-PB-Nobugs\tests\serverest-api.robot' on line 285: The '[Return]' setting is deprecated. Use the 'RETURN' statement instead.</msg>
<msg time="2025-09-30T17:04:38.652433" level="WARN">Error in file 'C:\Users\raphael\Documents\GitHub\learn\Compass\qa-challenge03-PB-Nobugs\tests\serverest-api.robot' on line 301: The '[Return]' setting is deprecated. Use the 'RETURN' statement instead.</msg>
<msg time="2025-09-30T17:04:38.652433" level="WARN">Error in file 'C:\Users\raphael\Documents\GitHub\learn\Compass\qa-challenge03-PB-Nobugs\tests\serverest-api.robot' on line 330: The '[Return]' setting is deprecated. Use the 'RETURN' statement instead.</msg>
</errors>
</robot>
